2016-12-11 19:18:19,439 INFO ######################################################################
2016-12-11 19:18:19,648 INFO ######################################################################
2016-12-11 19:18:23,131 INFO Starting game at 1481501903.13
2016-12-11 19:18:26,973 INFO Action Prediction for win: [ 0.4   0.5   0.09  0.01]
2016-12-11 19:18:26,987 INFO Action Prediction for win: [ 0.4   0.5   0.09  0.01]
2016-12-11 19:18:27,001 INFO Action Prediction for win: [ 0.4   0.5   0.09  0.01]
2016-12-11 19:18:27,015 INFO Action Prediction for win: [ 0.4   0.5   0.09  0.01]
2016-12-11 19:18:27,028 INFO Action Prediction for win: [ 0.4   0.5   0.09  0.01]
2016-12-11 19:18:27,041 INFO Action Update: [ 0.4   0.5   0.09  0.01]
2016-12-11 19:18:28,971 INFO Game number: 1, Result: win, delay: 0.729692935944
2016-12-11 19:18:32,671 INFO Evidence Update: [ 0.18550999  0.77213286  0.04235715  0.        ]
2016-12-11 19:18:35,636 INFO Action Prediction for win: [ 0.11323421  0.557729    0.26739648  0.06164032]
2016-12-11 19:18:35,649 INFO Action Prediction for win: [ 0.11323421  0.557729    0.26739648  0.06164032]
2016-12-11 19:18:35,663 INFO Action Prediction for win: [ 0.11323421  0.557729    0.26739648  0.06164032]
2016-12-11 19:18:35,676 INFO Action Prediction for win: [ 0.11323421  0.557729    0.26739648  0.06164032]
2016-12-11 19:18:35,690 INFO Action Prediction for win: [ 0.11323421  0.557729    0.26739648  0.06164032]
2016-12-11 19:18:35,703 INFO Action Update: [ 0.11323421  0.557729    0.26739648  0.06164032]
2016-12-11 19:18:37,631 INFO Game number: 2, Result: win, delay: 1.12902283669
2016-12-11 19:18:41,153 INFO Evidence Update: [ 0.08526036  0.57130339  0.34343624  0.        ]
2016-12-11 19:18:44,111 INFO Action Prediction for win: [ 0.06610368  0.39914967  0.33361076  0.2011359 ]
2016-12-11 19:18:44,125 INFO Action Prediction for win: [ 0.06610368  0.39914967  0.33361076  0.2011359 ]
2016-12-11 19:18:44,136 INFO Action Prediction for win: [ 0.06610368  0.39914967  0.33361076  0.2011359 ]
2016-12-11 19:18:44,149 INFO Action Prediction for win: [ 0.06610368  0.39914967  0.33361076  0.2011359 ]
2016-12-11 19:18:44,161 INFO Action Prediction for win: [ 0.06610368  0.39914967  0.33361076  0.2011359 ]
2016-12-11 19:18:44,172 INFO Action Update: [ 0.06610368  0.39914967  0.33361076  0.2011359 ]
2016-12-11 19:18:46,162 INFO Game number: 3, Result: win, delay: 0.943604946136
2016-12-11 19:18:52,276 INFO Evidence Update: [ 0.02087721  0.40082254  0.57830025  0.        ]
2016-12-11 19:18:55,240 INFO Action Prediction for win: [ 0.03417501  0.27406414  0.38236082  0.30940002]
2016-12-11 19:18:55,254 INFO Action Prediction for win: [ 0.03417501  0.27406414  0.38236082  0.30940002]
2016-12-11 19:18:55,268 INFO Action Prediction for win: [ 0.03417501  0.27406414  0.38236082  0.30940002]
2016-12-11 19:18:55,282 INFO Action Prediction for win: [ 0.03417501  0.27406414  0.38236082  0.30940002]
2016-12-11 19:18:55,296 INFO Action Prediction for win: [ 0.03417501  0.27406414  0.38236082  0.30940002]
2016-12-11 19:18:55,309 INFO Action Update: [ 0.03417501  0.27406414  0.38236082  0.30940002]
2016-12-11 19:18:57,235 INFO Game number: 4, Result: win, delay: 3.54593610764
2016-12-11 19:19:00,700 INFO Evidence Update: [ 0.03462134  0.24851493  0.71686372  0.        ]
2016-12-11 19:19:03,664 INFO Action Prediction for win: [ 0.03344292  0.19509418  0.40025908  0.37120382]
2016-12-11 19:19:03,678 INFO Action Prediction for win: [ 0.03344292  0.19509418  0.40025908  0.37120382]
2016-12-11 19:19:03,691 INFO Action Prediction for win: [ 0.03344292  0.19509418  0.40025908  0.37120382]
2016-12-11 19:19:03,705 INFO Action Prediction for win: [ 0.03344292  0.19509418  0.40025908  0.37120382]
2016-12-11 19:19:03,719 INFO Action Prediction for win: [ 0.03344292  0.19509418  0.40025908  0.37120382]
2016-12-11 19:19:03,731 INFO Action Update: [ 0.03344292  0.19509418  0.40025908  0.37120382]
2016-12-11 19:19:05,709 INFO Game number: 5, Result: win, delay: 0.895645856857
2016-12-11 19:19:09,163 INFO Evidence Update: [ 0.03537627  0.16482187  0.79980186  0.        ]
2016-12-11 19:19:12,172 INFO Action Prediction for win: [ 0.03038962  0.14857333  0.41254126  0.40849579]
2016-12-11 19:19:12,185 INFO Action Prediction for win: [ 0.03038962  0.14857333  0.41254126  0.40849579]
2016-12-11 19:19:12,198 INFO Action Prediction for win: [ 0.03038962  0.14857333  0.41254126  0.40849579]
2016-12-11 19:19:12,211 INFO Action Prediction for win: [ 0.03038962  0.14857333  0.41254126  0.40849579]
2016-12-11 19:19:12,225 INFO Action Prediction for win: [ 0.03038962  0.14857333  0.41254126  0.40849579]
2016-12-11 19:19:12,238 INFO Action Update: [ 0.03038962  0.14857333  0.41254126  0.40849579]
2016-12-11 19:19:14,172 INFO Game number: 6, Result: win, delay: 0.883583068848
2016-12-11 19:19:17,627 INFO Evidence Update: [ 0.03273701  0.12813712  0.83912587  0.        ]
2016-12-11 19:19:20,590 INFO Action Prediction for win: [ 0.02789292  0.12681581  0.41899411  0.42629716]
2016-12-11 19:19:20,603 INFO Action Prediction for win: [ 0.02789292  0.12681581  0.41899411  0.42629716]
2016-12-11 19:19:20,616 INFO Action Prediction for win: [ 0.02789292  0.12681581  0.41899411  0.42629716]
2016-12-11 19:19:20,630 INFO Action Prediction for win: [ 0.02789292  0.12681581  0.41899411  0.42629716]
2016-12-11 19:19:20,643 INFO Action Prediction for win: [ 0.02789292  0.12681581  0.41899411  0.42629716]
2016-12-11 19:19:20,656 INFO Action Update: [ 0.02789292  0.12681581  0.41899411  0.42629716]
2016-12-11 19:19:22,637 INFO Game number: 7, Result: win, delay: 0.883836984634
2016-12-11 19:19:26,045 INFO Ending game at 1481501966.05 Delay before NO was: 0.846724033356 Total game time was: 62.9143359661
