2016-12-12 15:31:24,599 INFO ######################################################################
2016-12-12 15:31:24,810 INFO ######################################################################
2016-12-12 15:31:28,286 INFO Starting game at 1481574688.29
2016-12-12 15:31:33,682 INFO Action Prediction for tie: [ 0.7   0.25  0.04  0.01]
2016-12-12 15:31:33,694 INFO Action Prediction for lose: [ 0.82  0.15  0.02  0.01]
2016-12-12 15:31:33,708 INFO Action Prediction for lose: [ 0.82  0.15  0.02  0.01]
2016-12-12 15:31:33,722 INFO Action Prediction for lose: [ 0.82  0.15  0.02  0.01]
2016-12-12 15:31:33,735 INFO Action Prediction for tie: [ 0.7   0.25  0.04  0.01]
2016-12-12 15:31:33,748 INFO Action Update: [ 0.7   0.25  0.04  0.01]
2016-12-12 15:31:35,675 INFO Game number: 1, Result: tie, delay: 2.28050208092
2016-12-12 15:31:39,382 INFO Evidence Update: [ 0.44228842  0.53262906  0.02508252  0.        ]
2016-12-12 15:31:42,346 INFO Action Prediction for tie: [ 0.38974708  0.51230133  0.0766055   0.0213461 ]
2016-12-12 15:31:42,360 INFO Action Prediction for lose: [ 0.68476219  0.26781295  0.03009197  0.01632959]
2016-12-12 15:31:42,374 INFO Action Prediction for tie: [ 0.38974708  0.51230133  0.0766055   0.0213461 ]
2016-12-12 15:31:42,387 INFO Action Prediction for win: [ 0.20379765  0.54172495  0.21088181  0.0435956 ]
2016-12-12 15:31:42,401 INFO Action Prediction for win: [ 0.20379765  0.54172495  0.21088181  0.0435956 ]
2016-12-12 15:31:42,414 INFO Action Update: [ 0.20379765  0.54172495  0.21088181  0.0435956 ]
2016-12-12 15:31:44,390 INFO Game number: 2, Result: win, delay: 1.13556790352
2016-12-12 15:31:54,391 INFO Evidence Update: [  1.58861431e-04   2.98724612e-02   9.69968677e-01   0.00000000e+00]
2016-12-12 15:31:57,353 INFO Action Prediction for win: [ 0.01125685  0.05680165  0.44546194  0.48647955]
2016-12-12 15:31:57,365 INFO Action Prediction for lose: [ 0.11505061  0.5924604   0.20459277  0.04909747]
2016-12-12 15:31:57,379 INFO Action Prediction for tie: [ 0.01429176  0.10974124  0.63287579  0.24309121]
2016-12-12 15:31:57,393 INFO Action Prediction for tie: [ 0.01429176  0.10974124  0.63287579  0.24309121]
2016-12-12 15:31:57,416 INFO Action Prediction for win: [ 0.01125685  0.05680165  0.44546194  0.48647955]
2016-12-12 15:31:57,429 INFO Action Update: [ 0.01125685  0.05680165  0.44546194  0.48647955]
2016-12-12 15:31:59,401 INFO Game number: 3, Result: win, delay: 7.42378878593
2016-12-12 15:32:03,207 INFO Evidence Update: [ 0.02092297  0.38572322  0.59335381  0.        ]
2016-12-12 15:32:06,175 INFO Action Prediction for tie: [ 0.0784381   0.347925    0.41737475  0.15626215]
2016-12-12 15:32:06,188 INFO Action Prediction for tie: [ 0.0784381   0.347925    0.41737475  0.15626215]
2016-12-12 15:32:06,202 INFO Action Prediction for win: [ 0.03358889  0.26562957  0.38460925  0.3161723 ]
2016-12-12 15:32:06,215 INFO Action Prediction for tie: [ 0.0784381   0.347925    0.41737475  0.15626215]
2016-12-12 15:32:06,229 INFO Action Prediction for lose: [ 0.30792615  0.49415386  0.13659446  0.03759138]
2016-12-12 15:32:06,242 INFO Action Update: [ 0.30792615  0.49415386  0.13659446  0.03759138]
2016-12-12 15:32:08,167 INFO Game number: 4, Result: lose, delay: 1.2359790802
2016-12-12 15:32:11,661 INFO Evidence Update: [ 0.2705752   0.51923367  0.21019114  0.        ]
2016-12-12 15:32:14,625 INFO Action Prediction for lose: [ 0.55443097  0.34843275  0.06512865  0.02359998]
2016-12-12 15:32:14,639 INFO Action Prediction for lose: [ 0.55443097  0.34843275  0.06512865  0.02359998]
2016-12-12 15:32:14,652 INFO Action Prediction for win: [ 0.13629367  0.45523544  0.27470788  0.133763  ]
2016-12-12 15:32:14,666 INFO Action Prediction for lose: [ 0.55443097  0.34843275  0.06512865  0.02359998]
2016-12-12 15:32:14,679 INFO Action Prediction for win: [ 0.13629367  0.45523544  0.27470788  0.133763  ]
2016-12-12 15:32:14,693 INFO Action Update: [ 0.13629367  0.45523544  0.27470788  0.133763  ]
2016-12-12 15:32:16,571 INFO Game number: 5, Result: win, delay: 0.928138017654
2016-12-12 15:32:20,483 INFO Evidence Update: [ 0.07878441  0.83718988  0.08402571  0.        ]
2016-12-12 15:32:23,448 INFO Action Prediction for tie: [ 0.18156783  0.65515083  0.12474328  0.03853807]
2016-12-12 15:32:23,461 INFO Action Prediction for win: [ 0.07421352  0.54506716  0.29605913  0.08466019]
2016-12-12 15:32:23,473 INFO Action Prediction for win: [ 0.07421352  0.54506716  0.29605913  0.08466019]
2016-12-12 15:32:23,485 INFO Action Prediction for lose: [ 0.57531972  0.35524954  0.04433678  0.02173293]
2016-12-12 15:32:23,497 INFO Action Prediction for lose: [ 0.57531972  0.35524954  0.04433678  0.02173293]
2016-12-12 15:32:23,509 INFO Action Update: [ 0.57531972  0.35524954  0.04433678  0.02173293]
2016-12-12 15:32:25,494 INFO Game number: 6, Result: lose, delay: 1.33924102783
2016-12-12 15:32:30,078 INFO Evidence Update: [ 0.74169631  0.24683759  0.0114661   0.        ]
2016-12-12 15:32:33,092 INFO Action Prediction for tie: [ 0.55632771  0.37158422  0.05686783  0.01522024]
2016-12-12 15:32:33,106 INFO Action Prediction for lose: [ 0.75744014  0.20452726  0.02464694  0.01292702]
2016-12-12 15:32:33,120 INFO Action Prediction for win: [ 0.30913506  0.51940935  0.14596369  0.02549189]
2016-12-12 15:32:33,134 INFO Action Prediction for lose: [ 0.75744014  0.20452726  0.02464694  0.01292702]
2016-12-12 15:32:33,147 INFO Action Prediction for tie: [ 0.55632771  0.37158422  0.05686783  0.01522024]
2016-12-12 15:32:33,160 INFO Action Update: [ 0.55632771  0.37158422  0.05686783  0.01522024]
2016-12-12 15:32:35,087 INFO Game number: 7, Result: tie, delay: 2.01166987419
2016-12-12 15:32:42,365 INFO Ending game at 1481574762.37 Delay before NO was: 4.71570301056 Total game time was: 74.0787539482
2016-12-12 15:35:45,365 INFO ######################################################################
2016-12-12 15:35:45,572 INFO ######################################################################
2016-12-12 15:35:49,004 INFO Starting game at 1481574949.0
2016-12-12 15:35:53,001 INFO Action Prediction for win: [ 0.4   0.5   0.09  0.01]
2016-12-12 15:35:53,013 INFO Action Prediction for win: [ 0.4   0.5   0.09  0.01]
2016-12-12 15:35:53,025 INFO Action Prediction for win: [ 0.4   0.5   0.09  0.01]
2016-12-12 15:35:53,037 INFO Action Prediction for win: [ 0.4   0.5   0.09  0.01]
2016-12-12 15:35:53,049 INFO Action Prediction for win: [ 0.4   0.5   0.09  0.01]
2016-12-12 15:35:53,061 INFO Action Update: [ 0.4   0.5   0.09  0.01]
2016-12-12 15:35:54,940 INFO Game number: 1, Result: win, delay: 0.826770067215
2016-12-12 15:36:02,521 INFO Evidence Update: [ 0.03228969  0.41339339  0.55431692  0.        ]
2016-12-12 15:36:05,488 INFO Action Prediction for win: [ 0.03912872  0.28635355  0.3763667   0.29815103]
2016-12-12 15:36:05,490 INFO Action Prediction for tie: [ 0.09015496  0.36800599  0.39466906  0.14717   ]
2016-12-12 15:36:05,504 INFO Action Prediction for win: [ 0.03912872  0.28635355  0.3763667   0.29815103]
2016-12-12 15:36:05,506 INFO Action Prediction for tie: [ 0.09015496  0.36800599  0.39466906  0.14717   ]
2016-12-12 15:36:05,520 INFO Action Prediction for win: [ 0.03912872  0.28635355  0.3763667   0.29815103]
2016-12-12 15:36:05,521 INFO Action Prediction for tie: [ 0.09015496  0.36800599  0.39466906  0.14717   ]
2016-12-12 15:36:05,533 INFO Action Prediction for win: [ 0.03912872  0.28635355  0.3763667   0.29815103]
2016-12-12 15:36:05,534 INFO Action Prediction for tie: [ 0.09015496  0.36800599  0.39466906  0.14717   ]
2016-12-12 15:36:05,546 INFO Action Prediction for win: [ 0.03912872  0.28635355  0.3763667   0.29815103]
2016-12-12 15:36:05,547 INFO Action Prediction for tie: [ 0.09015496  0.36800599  0.39466906  0.14717   ]
2016-12-12 15:36:05,559 INFO Action Update: [ 0.09015496  0.36800599  0.39466906  0.14717   ]
2016-12-12 15:36:07,480 INFO Game number: 2, Result: tie, delay: 5.00813603401
2016-12-12 15:36:10,961 INFO Evidence Update: [ 0.07719819  0.30715164  0.61565017  0.        ]
2016-12-12 15:36:13,929 INFO Action Prediction for win: [ 0.05239336  0.24751609  0.37613591  0.32395465]
2016-12-12 15:36:13,929 INFO Action Prediction for tie: [ 0.10626798  0.3050718   0.42783267  0.16082756]
2016-12-12 15:36:13,941 INFO Action Prediction for win: [ 0.05239336  0.24751609  0.37613591  0.32395465]
2016-12-12 15:36:13,942 INFO Action Prediction for tie: [ 0.10626798  0.3050718   0.42783267  0.16082756]
2016-12-12 15:36:13,954 INFO Action Prediction for win: [ 0.05239336  0.24751609  0.37613591  0.32395465]
2016-12-12 15:36:13,955 INFO Action Prediction for tie: [ 0.10626798  0.3050718   0.42783267  0.16082756]
2016-12-12 15:36:13,968 INFO Action Prediction for win: [ 0.05239336  0.24751609  0.37613591  0.32395465]
2016-12-12 15:36:13,970 INFO Action Prediction for tie: [ 0.10626798  0.3050718   0.42783267  0.16082756]
2016-12-12 15:36:13,984 INFO Action Prediction for win: [ 0.05239336  0.24751609  0.37613591  0.32395465]
2016-12-12 15:36:13,986 INFO Action Prediction for tie: [ 0.10626798  0.3050718   0.42783267  0.16082756]
2016-12-12 15:36:14,000 INFO Action Update: [ 0.10626798  0.3050718   0.42783267  0.16082756]
2016-12-12 15:36:15,921 INFO Game number: 3, Result: tie, delay: 0.904917001724
2016-12-12 15:36:19,774 INFO Evidence Update: [ 0.07314356  0.7425849   0.18427153  0.        ]
2016-12-12 15:36:22,742 INFO Action Prediction for win: [ 0.06822939  0.48949358  0.31228058  0.12999645]
2016-12-12 15:36:22,757 INFO Action Prediction for win: [ 0.06822939  0.48949358  0.31228058  0.12999645]
2016-12-12 15:36:22,770 INFO Action Prediction for win: [ 0.06822939  0.48949358  0.31228058  0.12999645]
2016-12-12 15:36:22,784 INFO Action Prediction for win: [ 0.06822939  0.48949358  0.31228058  0.12999645]
2016-12-12 15:36:22,798 INFO Action Prediction for win: [ 0.06822939  0.48949358  0.31228058  0.12999645]
2016-12-12 15:36:22,810 INFO Action Update: [ 0.06822939  0.48949358  0.31228058  0.12999645]
2016-12-12 15:36:24,782 INFO Game number: 4, Result: win, delay: 1.28080511093
2016-12-12 15:36:28,608 INFO Evidence Update: [ 0.03334375  0.86449426  0.10216199  0.        ]
2016-12-12 15:36:31,569 INFO Action Prediction for win: [ 0.05758383  0.53945491  0.30832211  0.09463914]
2016-12-12 15:36:31,583 INFO Action Prediction for win: [ 0.05758383  0.53945491  0.30832211  0.09463914]
2016-12-12 15:36:31,596 INFO Action Prediction for win: [ 0.05758383  0.53945491  0.30832211  0.09463914]
2016-12-12 15:36:31,609 INFO Action Prediction for win: [ 0.05758383  0.53945491  0.30832211  0.09463914]
2016-12-12 15:36:31,622 INFO Action Prediction for win: [ 0.05758383  0.53945491  0.30832211  0.09463914]
2016-12-12 15:36:31,635 INFO Action Update: [ 0.05758383  0.53945491  0.30832211  0.09463914]
2016-12-12 15:36:33,567 INFO Game number: 5, Result: win, delay: 1.258259058
2016-12-12 15:36:37,078 INFO Evidence Update: [ 0.04501468  0.53844479  0.41654053  0.        ]
2016-12-12 15:36:40,039 INFO Action Prediction for win: [ 0.04909352  0.36223584  0.353028    0.23564265]
2016-12-12 15:36:40,041 INFO Action Prediction for tie: [ 0.1164424   0.45257591  0.31562751  0.11535417]
2016-12-12 15:36:40,055 INFO Action Prediction for win: [ 0.04909352  0.36223584  0.353028    0.23564265]
2016-12-12 15:36:40,056 INFO Action Prediction for tie: [ 0.1164424   0.45257591  0.31562751  0.11535417]
2016-12-12 15:36:40,069 INFO Action Prediction for win: [ 0.04909352  0.36223584  0.353028    0.23564265]
2016-12-12 15:36:40,070 INFO Action Prediction for tie: [ 0.1164424   0.45257591  0.31562751  0.11535417]
2016-12-12 15:36:40,082 INFO Action Prediction for win: [ 0.04909352  0.36223584  0.353028    0.23564265]
2016-12-12 15:36:40,083 INFO Action Prediction for tie: [ 0.1164424   0.45257591  0.31562751  0.11535417]
2016-12-12 15:36:40,095 INFO Action Prediction for win: [ 0.04909352  0.36223584  0.353028    0.23564265]
2016-12-12 15:36:40,096 INFO Action Prediction for tie: [ 0.1164424   0.45257591  0.31562751  0.11535417]
2016-12-12 15:36:40,108 INFO Action Update: [ 0.1164424   0.45257591  0.31562751  0.11535417]
2016-12-12 15:36:42,086 INFO Game number: 6, Result: tie, delay: 0.935914039612
2016-12-12 15:36:45,497 INFO Evidence Update: [ 0.11686127  0.24284047  0.64029826  0.        ]
2016-12-12 15:36:48,460 INFO Action Prediction for win: [ 0.06528951  0.22974685  0.37150387  0.33345977]
2016-12-12 15:36:48,462 INFO Action Prediction for tie: [ 0.12463194  0.26897251  0.44029556  0.16609999]
2016-12-12 15:36:48,475 INFO Action Prediction for win: [ 0.06528951  0.22974685  0.37150387  0.33345977]
2016-12-12 15:36:48,476 INFO Action Prediction for tie: [ 0.12463194  0.26897251  0.44029556  0.16609999]
2016-12-12 15:36:48,489 INFO Action Prediction for win: [ 0.06528951  0.22974685  0.37150387  0.33345977]
2016-12-12 15:36:48,490 INFO Action Prediction for tie: [ 0.12463194  0.26897251  0.44029556  0.16609999]
2016-12-12 15:36:48,502 INFO Action Prediction for win: [ 0.06528951  0.22974685  0.37150387  0.33345977]
2016-12-12 15:36:48,503 INFO Action Prediction for tie: [ 0.12463194  0.26897251  0.44029556  0.16609999]
2016-12-12 15:36:48,515 INFO Action Prediction for win: [ 0.06528951  0.22974685  0.37150387  0.33345977]
2016-12-12 15:36:48,516 INFO Action Prediction for tie: [ 0.12463194  0.26897251  0.44029556  0.16609999]
2016-12-12 15:36:48,529 INFO Action Update: [ 0.12463194  0.26897251  0.44029556  0.16609999]
2016-12-12 15:36:50,457 INFO Game number: 7, Result: tie, delay: 0.843737840652
2016-12-12 15:36:53,573 INFO Evidence Update: [ 0.07424235  0.04614484  0.87961281  0.        ]
2016-12-12 15:36:56,537 INFO Action Prediction for win: [ 0.04080031  0.09999259  0.41635103  0.44285607]
2016-12-12 15:36:56,540 INFO Action Prediction for tie: [ 0.0676875   0.13233437  0.57840961  0.22156852]
2016-12-12 15:36:56,542 INFO Action Prediction for lose: [ 0.17652691  0.55505473  0.18758788  0.04564596]
2016-12-12 15:36:56,556 INFO Action Prediction for win: [ 0.04080031  0.09999259  0.41635103  0.44285607]
2016-12-12 15:36:56,558 INFO Action Prediction for tie: [ 0.0676875   0.13233437  0.57840961  0.22156852]
2016-12-12 15:36:56,560 INFO Action Prediction for lose: [ 0.17652691  0.55505473  0.18758788  0.04564596]
2016-12-12 15:36:56,576 INFO Action Prediction for win: [ 0.04080031  0.09999259  0.41635103  0.44285607]
2016-12-12 15:36:56,578 INFO Action Prediction for tie: [ 0.0676875   0.13233437  0.57840961  0.22156852]
2016-12-12 15:36:56,580 INFO Action Prediction for lose: [ 0.17652691  0.55505473  0.18758788  0.04564596]
2016-12-12 15:36:56,594 INFO Action Prediction for win: [ 0.04080031  0.09999259  0.41635103  0.44285607]
2016-12-12 15:36:56,596 INFO Action Prediction for tie: [ 0.0676875   0.13233437  0.57840961  0.22156852]
2016-12-12 15:36:56,597 INFO Action Prediction for lose: [ 0.17652691  0.55505473  0.18758788  0.04564596]
2016-12-12 15:36:56,609 INFO Action Prediction for win: [ 0.04080031  0.09999259  0.41635103  0.44285607]
2016-12-12 15:36:56,610 INFO Action Prediction for tie: [ 0.0676875   0.13233437  0.57840961  0.22156852]
2016-12-12 15:36:56,611 INFO Action Prediction for lose: [ 0.17652691  0.55505473  0.18758788  0.04564596]
2016-12-12 15:36:56,623 INFO Action Update: [ 0.17652691  0.55505473  0.18758788  0.04564596]
2016-12-12 15:36:58,533 INFO Game number: 8, Result: lose, delay: 0.544007062912
2016-12-12 15:37:03,170 INFO Evidence Update: [ 0.32234505  0.59848013  0.07917482  0.        ]
2016-12-12 15:37:06,136 INFO Action Prediction for win: [ 0.15965378  0.5234276   0.24418376  0.07273487]
2016-12-12 15:37:06,150 INFO Action Prediction for win: [ 0.15965378  0.5234276   0.24418376  0.07273487]
2016-12-12 15:37:06,163 INFO Action Prediction for win: [ 0.15965378  0.5234276   0.24418376  0.07273487]
2016-12-12 15:37:06,176 INFO Action Prediction for win: [ 0.15965378  0.5234276   0.24418376  0.07273487]
2016-12-12 15:37:06,190 INFO Action Prediction for win: [ 0.15965378  0.5234276   0.24418376  0.07273487]
2016-12-12 15:37:06,204 INFO Action Update: [ 0.15965378  0.5234276   0.24418376  0.07273487]
2016-12-12 15:37:08,130 INFO Game number: 9, Result: win, delay: 2.06208395958
2016-12-12 15:37:11,225 INFO Ending game at 1481575031.23 Delay before NO was: 0.532943964005 Total game time was: 82.2207081318
2016-12-12 15:39:52,708 INFO ######################################################################
2016-12-12 15:39:52,913 INFO ######################################################################
2016-12-12 15:39:56,391 INFO Starting game at 1481575196.39
2016-12-12 15:40:01,796 INFO Action Prediction for win: [ 0.4   0.5   0.09  0.01]
2016-12-12 15:40:01,809 INFO Action Prediction for win: [ 0.4   0.5   0.09  0.01]
2016-12-12 15:40:01,821 INFO Action Prediction for win: [ 0.4   0.5   0.09  0.01]
2016-12-12 15:40:01,834 INFO Action Prediction for win: [ 0.4   0.5   0.09  0.01]
2016-12-12 15:40:01,845 INFO Action Prediction for win: [ 0.4   0.5   0.09  0.01]
2016-12-12 15:40:01,857 INFO Action Update: [ 0.4   0.5   0.09  0.01]
2016-12-12 15:40:03,787 INFO Game number: 1, Result: win, delay: 2.28606200218
2016-12-12 15:40:06,365 INFO Ending game at 1481575206.37 Delay before NO was: 0.0165200233459 Total game time was: 9.97472906113
2016-12-12 15:40:17,807 INFO ######################################################################
2016-12-12 15:40:18,020 INFO ######################################################################
2016-12-12 15:40:21,451 INFO Starting game at 1481575221.45
2016-12-12 15:40:25,358 INFO Action Prediction for win: [ 0.4   0.5   0.09  0.01]
2016-12-12 15:40:25,372 INFO Action Prediction for win: [ 0.4   0.5   0.09  0.01]
2016-12-12 15:40:25,386 INFO Action Prediction for win: [ 0.4   0.5   0.09  0.01]
2016-12-12 15:40:25,400 INFO Action Prediction for win: [ 0.4   0.5   0.09  0.01]
2016-12-12 15:40:25,414 INFO Action Prediction for win: [ 0.4   0.5   0.09  0.01]
2016-12-12 15:40:25,426 INFO Action Update: [ 0.4   0.5   0.09  0.01]
2016-12-12 15:40:27,349 INFO Game number: 1, Result: win, delay: 0.787827968597
2016-12-12 15:40:31,060 INFO Evidence Update: [ 0.18416713  0.77454395  0.04128891  0.        ]
2016-12-12 15:40:33,971 INFO Action Prediction for win: [ 0.11280694  0.5584615   0.26751824  0.06121333]
2016-12-12 15:40:33,985 INFO Action Prediction for win: [ 0.11280694  0.5584615   0.26751824  0.06121333]
2016-12-12 15:40:33,999 INFO Action Prediction for win: [ 0.11280694  0.5584615   0.26751824  0.06121333]
2016-12-12 15:40:34,014 INFO Action Prediction for win: [ 0.11280694  0.5584615   0.26751824  0.06121333]
2016-12-12 15:40:34,027 INFO Action Prediction for win: [ 0.11280694  0.5584615   0.26751824  0.06121333]
2016-12-12 15:40:34,040 INFO Action Update: [ 0.11280694  0.5584615   0.26751824  0.06121333]
2016-12-12 15:40:35,970 INFO Game number: 2, Result: win, delay: 1.13439106941
2016-12-12 15:40:39,521 INFO Evidence Update: [ 0.07442186  0.64021328  0.28536487  0.        ]
2016-12-12 15:40:42,484 INFO Action Prediction for win: [ 0.06463305  0.43275349  0.32717614  0.17543732]
2016-12-12 15:40:42,498 INFO Action Prediction for win: [ 0.06463305  0.43275349  0.32717614  0.17543732]
2016-12-12 15:40:42,512 INFO Action Prediction for win: [ 0.06463305  0.43275349  0.32717614  0.17543732]
2016-12-12 15:40:42,526 INFO Action Prediction for win: [ 0.06463305  0.43275349  0.32717614  0.17543732]
2016-12-12 15:40:42,540 INFO Action Prediction for win: [ 0.06463305  0.43275349  0.32717614  0.17543732]
2016-12-12 15:40:42,552 INFO Action Update: [ 0.06463305  0.43275349  0.32717614  0.17543732]
2016-12-12 15:40:44,481 INFO Game number: 3, Result: win, delay: 0.975080966949
2016-12-12 15:40:47,585 INFO Evidence Update: [ 0.04922468  0.09376385  0.85701147  0.        ]
2016-12-12 15:40:50,552 INFO Action Prediction for win: [ 0.03294818  0.11515111  0.41821454  0.43368617]
2016-12-12 15:40:50,566 INFO Action Prediction for win: [ 0.03294818  0.11515111  0.41821454  0.43368617]
2016-12-12 15:40:50,579 INFO Action Prediction for win: [ 0.03294818  0.11515111  0.41821454  0.43368617]
2016-12-12 15:40:50,592 INFO Action Prediction for win: [ 0.03294818  0.11515111  0.41821454  0.43368617]
2016-12-12 15:40:50,606 INFO Action Prediction for win: [ 0.03294818  0.11515111  0.41821454  0.43368617]
2016-12-12 15:40:50,620 INFO Action Update: [ 0.03294818  0.11515111  0.41821454  0.43368617]
2016-12-12 15:40:52,596 INFO Game number: 4, Result: win, delay: 0.528676986694
2016-12-12 15:40:55,656 INFO Evidence Update: [ 0.02043891  0.0196      0.95996109  0.        ]
2016-12-12 15:40:58,617 INFO Action Prediction for win: [ 0.01875518  0.0603779   0.43970199  0.48116493]
2016-12-12 15:40:58,630 INFO Action Prediction for win: [ 0.01875518  0.0603779   0.43970199  0.48116493]
2016-12-12 15:40:58,644 INFO Action Prediction for win: [ 0.01875518  0.0603779   0.43970199  0.48116493]
2016-12-12 15:40:58,658 INFO Action Prediction for win: [ 0.01875518  0.0603779   0.43970199  0.48116493]
2016-12-12 15:40:58,671 INFO Action Prediction for win: [ 0.01875518  0.0603779   0.43970199  0.48116493]
2016-12-12 15:40:58,683 INFO Action Update: [ 0.01875518  0.0603779   0.43970199  0.48116493]
2016-12-12 15:41:00,617 INFO Game number: 5, Result: win, delay: 0.48347401619
2016-12-12 15:41:04,085 INFO Evidence Update: [ 0.02119897  0.0622759   0.91652513  0.        ]
2016-12-12 15:41:07,045 INFO Action Prediction for win: [ 0.02075864  0.08462603  0.43302699  0.46158835]
2016-12-12 15:41:07,059 INFO Action Prediction for win: [ 0.02075864  0.08462603  0.43302699  0.46158835]
2016-12-12 15:41:07,073 INFO Action Prediction for win: [ 0.02075864  0.08462603  0.43302699  0.46158835]
2016-12-12 15:41:07,087 INFO Action Prediction for win: [ 0.02075864  0.08462603  0.43302699  0.46158835]
2016-12-12 15:41:07,101 INFO Action Prediction for win: [ 0.02075864  0.08462603  0.43302699  0.46158835]
2016-12-12 15:41:07,115 INFO Action Update: [ 0.02075864  0.08462603  0.43302699  0.46158835]
2016-12-12 15:41:09,094 INFO Game number: 6, Result: win, delay: 0.89772605896
2016-12-12 15:41:12,149 INFO Evidence Update: [ 0.01256926  0.01403637  0.97339436  0.        ]
2016-12-12 15:41:15,115 INFO Action Prediction for win: [ 0.01546347  0.05364223  0.44336961  0.48752469]
2016-12-12 15:41:15,129 INFO Action Prediction for win: [ 0.01546347  0.05364223  0.44336961  0.48752469]
2016-12-12 15:41:15,142 INFO Action Prediction for win: [ 0.01546347  0.05364223  0.44336961  0.48752469]
2016-12-12 15:41:15,155 INFO Action Prediction for win: [ 0.01546347  0.05364223  0.44336961  0.48752469]
2016-12-12 15:41:15,168 INFO Action Prediction for win: [ 0.01546347  0.05364223  0.44336961  0.48752469]
2016-12-12 15:41:15,182 INFO Action Update: [ 0.01546347  0.05364223  0.44336961  0.48752469]
2016-12-12 15:41:17,158 INFO Game number: 7, Result: win, delay: 0.481396913528
2016-12-12 15:41:23,310 INFO Evidence Update: [ 0.00563356  0.06349882  0.93086761  0.        ]
2016-12-12 15:41:26,279 INFO Action Prediction for win: [ 0.01473704  0.07815078  0.43844709  0.46866508]
2016-12-12 15:41:26,293 INFO Action Prediction for win: [ 0.01473704  0.07815078  0.43844709  0.46866508]
2016-12-12 15:41:26,307 INFO Action Prediction for win: [ 0.01473704  0.07815078  0.43844709  0.46866508]
2016-12-12 15:41:26,321 INFO Action Prediction for win: [ 0.01473704  0.07815078  0.43844709  0.46866508]
2016-12-12 15:41:26,334 INFO Action Prediction for win: [ 0.01473704  0.07815078  0.43844709  0.46866508]
2016-12-12 15:41:26,347 INFO Action Update: [ 0.01473704  0.07815078  0.43844709  0.46866508]
2016-12-12 15:41:28,320 INFO Game number: 8, Result: win, delay: 3.57302880287
2016-12-12 15:41:31,737 INFO Evidence Update: [ 0.01576615  0.04847033  0.93576352  0.        ]
2016-12-12 15:41:34,702 INFO Action Prediction for win: [ 0.01808761  0.07439582  0.43705364  0.47046294]
2016-12-12 15:41:34,716 INFO Action Prediction for win: [ 0.01808761  0.07439582  0.43705364  0.47046294]
2016-12-12 15:41:34,730 INFO Action Prediction for win: [ 0.01808761  0.07439582  0.43705364  0.47046294]
2016-12-12 15:41:34,744 INFO Action Prediction for win: [ 0.01808761  0.07439582  0.43705364  0.47046294]
2016-12-12 15:41:34,758 INFO Action Prediction for win: [ 0.01808761  0.07439582  0.43705364  0.47046294]
2016-12-12 15:41:34,771 INFO Action Update: [ 0.01808761  0.07439582  0.43705364  0.47046294]
2016-12-12 15:41:36,748 INFO Game number: 9, Result: win, delay: 0.851479053497
2016-12-12 15:41:42,884 INFO Evidence Update: [ 0.00661302  0.08772725  0.90565973  0.        ]
2016-12-12 15:41:45,844 INFO Action Prediction for win: [ 0.01608817  0.09216925  0.43446023  0.45728236]
2016-12-12 15:41:45,858 INFO Action Prediction for win: [ 0.01608817  0.09216925  0.43446023  0.45728236]
2016-12-12 15:41:45,871 INFO Action Prediction for win: [ 0.01608817  0.09216925  0.43446023  0.45728236]
2016-12-12 15:41:45,884 INFO Action Prediction for win: [ 0.01608817  0.09216925  0.43446023  0.45728236]
2016-12-12 15:41:45,898 INFO Action Prediction for win: [ 0.01608817  0.09216925  0.43446023  0.45728236]
2016-12-12 15:41:45,910 INFO Action Update: [ 0.01608817  0.09216925  0.43446023  0.45728236]
2016-12-12 15:41:47,894 INFO Game number: 10, Result: win, delay: 3.56377506256
2016-12-12 15:41:51,703 INFO Evidence Update: [ 0.02428465  0.50807661  0.46763875  0.        ]
2016-12-12 15:41:54,674 INFO Action Prediction for win: [ 0.03979408  0.33569384  0.36504604  0.25946605]
2016-12-12 15:41:54,688 INFO Action Prediction for win: [ 0.03979408  0.33569384  0.36504604  0.25946605]
2016-12-12 15:41:54,702 INFO Action Prediction for win: [ 0.03979408  0.33569384  0.36504604  0.25946605]
2016-12-12 15:41:54,716 INFO Action Prediction for win: [ 0.03979408  0.33569384  0.36504604  0.25946605]
2016-12-12 15:41:54,730 INFO Action Prediction for win: [ 0.03979408  0.33569384  0.36504604  0.25946605]
2016-12-12 15:41:54,742 INFO Action Update: [ 0.03979408  0.33569384  0.36504604  0.25946605]
2016-12-12 15:41:56,662 INFO Game number: 11, Result: win, delay: 1.23759007454
2016-12-12 15:42:00,163 INFO Evidence Update: [ 0.03634875  0.38560856  0.57804268  0.        ]
2016-12-12 15:42:03,139 INFO Action Prediction for win: [ 0.03960036  0.27266122  0.37907316  0.30866526]
2016-12-12 15:42:03,153 INFO Action Prediction for win: [ 0.03960036  0.27266122  0.37907316  0.30866526]
2016-12-12 15:42:03,167 INFO Action Prediction for win: [ 0.03960036  0.27266122  0.37907316  0.30866526]
2016-12-12 15:42:03,180 INFO Action Prediction for win: [ 0.03960036  0.27266122  0.37907316  0.30866526]
2016-12-12 15:42:03,194 INFO Action Prediction for win: [ 0.03960036  0.27266122  0.37907316  0.30866526]
2016-12-12 15:42:03,206 INFO Action Update: [ 0.03960036  0.27266122  0.37907316  0.30866526]
2016-12-12 15:42:05,123 INFO Game number: 12, Result: win, delay: 0.934096097946
2016-12-12 15:42:08,212 INFO Ending game at 1481575328.21 Delay before NO was: 0.527863025665 Total game time was: 106.760229111
