2016-12-09 18:40:10,332 INFO ######################################################################
2016-12-09 18:40:13,799 INFO Starting game at 1481326813.8
2016-12-09 18:40:35,340 INFO Evidence Update: [ nan  nan  nan  nan]
2016-12-09 18:40:37,705 INFO Action Prediction for win: [ nan  nan  nan  nan]
2016-12-09 18:40:37,718 INFO Action Prediction for lose: [ nan  nan  nan  nan]
2016-12-09 18:40:37,732 INFO Action Prediction for lose: [ nan  nan  nan  nan]
2016-12-09 18:40:37,746 INFO Action Prediction for tie: [ nan  nan  nan  nan]
2016-12-09 18:40:37,759 INFO Action Prediction for tie: [ nan  nan  nan  nan]
2016-12-09 18:40:37,772 INFO Action Update: [ nan  nan  nan  nan]
2016-12-09 18:40:39,299 INFO Game number: 1, Result: tie, delay: 21.5387611389
2016-12-09 18:40:42,622 INFO Evidence Update: [ nan  nan  nan  nan]
2016-12-09 18:40:44,832 INFO Action Prediction for lose: [ nan  nan  nan  nan]
2016-12-09 18:40:44,849 INFO Action Prediction for tie: [ nan  nan  nan  nan]
2016-12-09 18:40:44,863 INFO Action Prediction for tie: [ nan  nan  nan  nan]
2016-12-09 18:40:44,876 INFO Action Prediction for tie: [ nan  nan  nan  nan]
2016-12-09 18:40:44,890 INFO Action Prediction for win: [ nan  nan  nan  nan]
2016-12-09 18:40:44,902 INFO Action Update: [ nan  nan  nan  nan]
2016-12-09 18:40:46,630 INFO Game number: 2, Result: win, delay: 0.758219957352
2016-12-09 18:40:49,540 INFO Evidence Update: [ nan  nan  nan  nan]
2016-12-09 18:40:51,754 INFO Action Prediction for lose: [ nan  nan  nan  nan]
2016-12-09 18:40:51,767 INFO Action Prediction for win: [ nan  nan  nan  nan]
2016-12-09 18:40:51,780 INFO Action Prediction for lose: [ nan  nan  nan  nan]
2016-12-09 18:40:51,793 INFO Action Prediction for win: [ nan  nan  nan  nan]
2016-12-09 18:40:51,807 INFO Action Prediction for lose: [ nan  nan  nan  nan]
2016-12-09 18:40:51,819 INFO Action Update: [ nan  nan  nan  nan]
2016-12-09 18:40:53,599 INFO Game number: 3, Result: lose, delay: 0.340095043182
2016-12-09 18:40:56,837 INFO Evidence Update: [ nan  nan  nan  nan]
2016-12-09 18:40:59,046 INFO Action Prediction for win: [ nan  nan  nan  nan]
2016-12-09 18:40:59,058 INFO Action Prediction for tie: [ nan  nan  nan  nan]
2016-12-09 18:40:59,070 INFO Action Prediction for tie: [ nan  nan  nan  nan]
2016-12-09 18:40:59,083 INFO Action Prediction for win: [ nan  nan  nan  nan]
2016-12-09 18:40:59,094 INFO Action Prediction for win: [ nan  nan  nan  nan]
2016-12-09 18:40:59,106 INFO Action Update: [ nan  nan  nan  nan]
2016-12-09 18:41:00,846 INFO Game number: 4, Result: win, delay: 0.668199062347
2016-12-09 18:41:04,511 INFO Evidence Update: [ nan  nan  nan  nan]
2016-12-09 18:41:06,719 INFO Action Prediction for win: [ nan  nan  nan  nan]
2016-12-09 18:41:06,732 INFO Action Prediction for win: [ nan  nan  nan  nan]
2016-12-09 18:41:06,746 INFO Action Prediction for tie: [ nan  nan  nan  nan]
2016-12-09 18:41:06,759 INFO Action Prediction for lose: [ nan  nan  nan  nan]
2016-12-09 18:41:06,771 INFO Action Prediction for win: [ nan  nan  nan  nan]
2016-12-09 18:41:06,783 INFO Action Update: [ nan  nan  nan  nan]
2016-12-09 18:41:08,520 INFO Game number: 5, Result: win, delay: 1.09780716896
2016-12-09 18:41:14,100 INFO Evidence Update: [ nan  nan  nan  nan]
2016-12-09 18:41:16,314 INFO Action Prediction for win: [ nan  nan  nan  nan]
2016-12-09 18:41:16,325 INFO Action Prediction for tie: [ nan  nan  nan  nan]
2016-12-09 18:41:16,337 INFO Action Prediction for win: [ nan  nan  nan  nan]
2016-12-09 18:41:16,349 INFO Action Prediction for tie: [ nan  nan  nan  nan]
2016-12-09 18:41:16,360 INFO Action Prediction for lose: [ nan  nan  nan  nan]
2016-12-09 18:41:16,372 INFO Action Update: [ nan  nan  nan  nan]
2016-12-09 18:41:18,159 INFO Game number: 6, Result: lose, delay: 3.01072096825
2016-12-09 18:41:21,411 INFO Evidence Update: [ nan  nan  nan  nan]
2016-12-09 18:41:23,678 INFO Action Prediction for win: [ nan  nan  nan  nan]
2016-12-09 18:41:23,697 INFO Action Prediction for lose: [ nan  nan  nan  nan]
2016-12-09 18:41:23,710 INFO Action Prediction for win: [ nan  nan  nan  nan]
2016-12-09 18:41:23,726 INFO Action Prediction for win: [ nan  nan  nan  nan]
2016-12-09 18:41:23,738 INFO Action Prediction for win: [ nan  nan  nan  nan]
2016-12-09 18:41:23,750 INFO Action Update: [ nan  nan  nan  nan]
2016-12-09 18:41:25,420 INFO Game number: 7, Result: win, delay: 0.680040836334
2016-12-09 18:41:30,629 INFO Evidence Update: [ nan  nan  nan  nan]
2016-12-09 18:41:32,842 INFO Action Prediction for tie: [ nan  nan  nan  nan]
2016-12-09 18:41:32,856 INFO Action Prediction for lose: [ nan  nan  nan  nan]
2016-12-09 18:41:32,868 INFO Action Prediction for lose: [ nan  nan  nan  nan]
2016-12-09 18:41:32,882 INFO Action Prediction for win: [ nan  nan  nan  nan]
2016-12-09 18:41:32,896 INFO Action Prediction for tie: [ nan  nan  nan  nan]
2016-12-09 18:41:32,908 INFO Action Update: [ nan  nan  nan  nan]
2016-12-09 18:41:34,437 INFO Game number: 8, Result: tie, delay: 2.64375400543
2016-12-09 18:41:38,672 INFO Evidence Update: [ nan  nan  nan  nan]
2016-12-09 18:41:40,888 INFO Action Prediction for win: [ nan  nan  nan  nan]
2016-12-09 18:41:40,901 INFO Action Prediction for win: [ nan  nan  nan  nan]
2016-12-09 18:41:40,915 INFO Action Prediction for win: [ nan  nan  nan  nan]
2016-12-09 18:41:40,928 INFO Action Prediction for win: [ nan  nan  nan  nan]
2016-12-09 18:41:40,942 INFO Action Prediction for lose: [ nan  nan  nan  nan]
2016-12-09 18:41:40,955 INFO Action Update: [ nan  nan  nan  nan]
2016-12-09 18:41:42,732 INFO Game number: 9, Result: lose, delay: 1.66709804535
2016-12-09 18:41:48,274 INFO Evidence Update: [ nan  nan  nan  nan]
2016-12-09 18:41:50,485 INFO Action Prediction for tie: [ nan  nan  nan  nan]
2016-12-09 18:41:50,497 INFO Action Prediction for win: [ nan  nan  nan  nan]
2016-12-09 18:41:50,511 INFO Action Prediction for win: [ nan  nan  nan  nan]
2016-12-09 18:41:50,524 INFO Action Prediction for win: [ nan  nan  nan  nan]
2016-12-09 18:41:50,538 INFO Action Prediction for lose: [ nan  nan  nan  nan]
2016-12-09 18:41:50,550 INFO Action Update: [ nan  nan  nan  nan]
2016-12-09 18:41:52,333 INFO Game number: 10, Result: lose, delay: 2.97470593452
2016-12-09 18:41:55,955 INFO Ending game at 1481326915.96 Delay before NO was: 1.05741715431 Total game time was: 102.156067133
2016-12-09 18:45:10,533 INFO ######################################################################
2016-12-09 18:45:14,003 INFO Starting game at 1481327114.0
2016-12-09 18:45:15,154 INFO Evidence Update: [ 1.  0.  0.  0.]
2016-12-09 18:45:17,570 INFO Action Prediction for win: [ 0.4   0.5   0.09  0.01]
2016-12-09 18:45:17,582 INFO Action Prediction for win: [ 0.4   0.5   0.09  0.01]
2016-12-09 18:45:17,593 INFO Action Prediction for win: [ 0.4   0.5   0.09  0.01]
2016-12-09 18:45:17,605 INFO Action Prediction for win: [ 0.4   0.5   0.09  0.01]
2016-12-09 18:45:17,624 INFO Action Prediction for win: [ 0.4   0.5   0.09  0.01]
2016-12-09 18:45:17,636 INFO Action Update: [ 0.4   0.5   0.09  0.01]
2016-12-09 18:45:19,263 INFO Game number: 1, Result: win, delay: 1.14607810974
2016-12-09 18:45:23,223 INFO Evidence Update: [ 0.46882677  0.52575206  0.00379217  0.        ]
2016-12-09 18:45:25,434 INFO Action Prediction for win: [ 0.21385623  0.55001631  0.2016265   0.03287195]
2016-12-09 18:45:25,448 INFO Action Prediction for win: [ 0.21385623  0.55001631  0.2016265   0.03287195]
2016-12-09 18:45:25,461 INFO Action Prediction for win: [ 0.21385623  0.55001631  0.2016265   0.03287195]
2016-12-09 18:45:25,474 INFO Action Prediction for win: [ 0.21385623  0.55001631  0.2016265   0.03287195]
2016-12-09 18:45:25,486 INFO Action Prediction for win: [ 0.21385623  0.55001631  0.2016265   0.03287195]
2016-12-09 18:45:25,498 INFO Action Update: [ 0.21385623  0.55001631  0.2016265   0.03287195]
2016-12-09 18:45:27,232 INFO Game number: 2, Result: win, delay: 1.39145278931
2016-12-09 18:45:30,899 INFO Evidence Update: [ 0.36287958  0.62537856  0.0051249   0.        ]
2016-12-09 18:45:33,109 INFO Action Prediction for win: [ 0.17647201  0.55687192  0.22257894  0.03746018]
2016-12-09 18:45:33,123 INFO Action Prediction for win: [ 0.17647201  0.55687192  0.22257894  0.03746018]
2016-12-09 18:45:33,137 INFO Action Prediction for win: [ 0.17647201  0.55687192  0.22257894  0.03746018]
2016-12-09 18:45:33,151 INFO Action Prediction for win: [ 0.17647201  0.55687192  0.22257894  0.03746018]
2016-12-09 18:45:33,164 INFO Action Prediction for win: [ 0.17647201  0.55687192  0.22257894  0.03746018]
2016-12-09 18:45:33,177 INFO Action Update: [ 0.17647201  0.55687192  0.22257894  0.03746018]
2016-12-09 18:45:34,908 INFO Game number: 3, Result: win, delay: 1.09964203835
2016-12-09 18:45:38,212 INFO Evidence Update: [ 0.4003832   0.58783033  0.00253216  0.        ]
2016-12-09 18:45:40,426 INFO Action Prediction for win: [ 0.18957012  0.55299108  0.21352306  0.03466143]
2016-12-09 18:45:40,440 INFO Action Prediction for win: [ 0.18957012  0.55299108  0.21352306  0.03466143]
2016-12-09 18:45:40,455 INFO Action Prediction for win: [ 0.18957012  0.55299108  0.21352306  0.03466143]
2016-12-09 18:45:40,467 INFO Action Prediction for win: [ 0.18957012  0.55299108  0.21352306  0.03466143]
2016-12-09 18:45:40,480 INFO Action Prediction for win: [ 0.18957012  0.55299108  0.21352306  0.03466143]
2016-12-09 18:45:40,493 INFO Action Update: [ 0.18957012  0.55299108  0.21352306  0.03466143]
2016-12-09 18:45:42,221 INFO Game number: 4, Result: win, delay: 0.734843015671
2016-12-09 18:45:45,875 INFO Evidence Update: [ 0.33616201  0.6510564   0.00551703  0.        ]
2016-12-09 18:45:48,090 INFO Action Prediction for win: [ 0.1670728   0.55893553  0.22805417  0.03867296]
2016-12-09 18:45:48,104 INFO Action Prediction for win: [ 0.1670728   0.55893553  0.22805417  0.03867296]
2016-12-09 18:45:48,117 INFO Action Prediction for win: [ 0.1670728   0.55893553  0.22805417  0.03867296]
2016-12-09 18:45:48,131 INFO Action Prediction for win: [ 0.1670728   0.55893553  0.22805417  0.03867296]
2016-12-09 18:45:48,143 INFO Action Prediction for win: [ 0.1670728   0.55893553  0.22805417  0.03867296]
2016-12-09 18:45:48,157 INFO Action Update: [ 0.1670728   0.55893553  0.22805417  0.03867296]
2016-12-09 18:45:49,884 INFO Game number: 5, Result: win, delay: 1.09042000771
2016-12-09 18:45:53,183 INFO Evidence Update: [ 0.38744656  0.60017704  0.00261394  0.        ]
2016-12-09 18:45:55,402 INFO Action Prediction for win: [ 0.18501362  0.55393406  0.21609958  0.03519029]
2016-12-09 18:45:55,415 INFO Action Prediction for win: [ 0.18501362  0.55393406  0.21609958  0.03519029]
2016-12-09 18:45:55,429 INFO Action Prediction for win: [ 0.18501362  0.55393406  0.21609958  0.03519029]
2016-12-09 18:45:55,443 INFO Action Prediction for win: [ 0.18501362  0.55393406  0.21609958  0.03519029]
2016-12-09 18:45:55,457 INFO Action Prediction for win: [ 0.18501362  0.55393406  0.21609958  0.03519029]
2016-12-09 18:45:55,470 INFO Action Update: [ 0.18501362  0.55393406  0.21609958  0.03519029]
2016-12-09 18:45:57,191 INFO Game number: 6, Result: win, delay: 0.730041980743
2016-12-09 18:46:00,100 INFO Evidence Update: [ 0.50889764  0.4791365   0.00092028  0.        ]
2016-12-09 18:46:02,315 INFO Action Prediction for win: [ 0.22752509  0.54196754  0.18995587  0.02950594]
2016-12-09 18:46:02,329 INFO Action Prediction for win: [ 0.22752509  0.54196754  0.18995587  0.02950594]
2016-12-09 18:46:02,343 INFO Action Prediction for win: [ 0.22752509  0.54196754  0.18995587  0.02950594]
2016-12-09 18:46:02,357 INFO Action Prediction for win: [ 0.22752509  0.54196754  0.18995587  0.02950594]
2016-12-09 18:46:02,371 INFO Action Prediction for win: [ 0.22752509  0.54196754  0.18995587  0.02950594]
2016-12-09 18:46:02,383 INFO Action Update: [ 0.22752509  0.54196754  0.18995587  0.02950594]
2016-12-09 18:46:04,109 INFO Game number: 7, Result: win, delay: 0.343122005463
2016-12-09 18:46:08,930 INFO Ending game at 1481327168.93 Delay before NO was: 2.25737309456 Total game time was: 54.9274520874
2016-12-09 18:47:36,486 INFO ######################################################################
2016-12-09 18:47:39,907 INFO Starting game at 1481327259.91
2016-12-09 18:47:40,738 INFO Evidence Update: [ 1.  0.  0.  0.]
2016-12-09 18:47:43,097 INFO Action Prediction for win: [ 0.4   0.5   0.09  0.01]
2016-12-09 18:47:43,109 INFO Action Prediction for win: [ 0.4   0.5   0.09  0.01]
2016-12-09 18:47:43,121 INFO Action Prediction for win: [ 0.4   0.5   0.09  0.01]
2016-12-09 18:47:43,134 INFO Action Prediction for win: [ 0.4   0.5   0.09  0.01]
2016-12-09 18:47:43,146 INFO Action Prediction for win: [ 0.4   0.5   0.09  0.01]
2016-12-09 18:47:43,157 INFO Action Update: [ 0.4   0.5   0.09  0.01]
2016-12-09 18:47:44,897 INFO Game number: 1, Result: win, delay: 0.829367160797
2016-12-09 18:47:47,661 INFO Evidence Update: [  7.43983167e-01   2.53610407e-01   1.69022476e-04   0.00000000e+00]
2016-12-09 18:47:49,882 INFO Action Prediction for win: [ 0.31027548  0.52416459  0.14311767  0.02020486]
2016-12-09 18:47:49,896 INFO Action Prediction for win: [ 0.31027548  0.52416459  0.14311767  0.02020486]
2016-12-09 18:47:49,910 INFO Action Prediction for win: [ 0.31027548  0.52416459  0.14311767  0.02020486]
2016-12-09 18:47:49,924 INFO Action Prediction for win: [ 0.31027548  0.52416459  0.14311767  0.02020486]
2016-12-09 18:47:49,938 INFO Action Prediction for win: [ 0.31027548  0.52416459  0.14311767  0.02020486]
2016-12-09 18:47:49,952 INFO Action Update: [ 0.31027548  0.52416459  0.14311767  0.02020486]
2016-12-09 18:47:51,670 INFO Game number: 2, Result: win, delay: 0.200636863708
2016-12-09 18:47:54,944 INFO Evidence Update: [ 0.5650587   0.42975699  0.00118409  0.        ]
2016-12-09 18:47:57,156 INFO Action Prediction for win: [ 0.24752317  0.54043091  0.18031522  0.02773048]
2016-12-09 18:47:57,169 INFO Action Prediction for win: [ 0.24752317  0.54043091  0.18031522  0.02773048]
2016-12-09 18:47:57,182 INFO Action Prediction for win: [ 0.24752317  0.54043091  0.18031522  0.02773048]
2016-12-09 18:47:57,195 INFO Action Prediction for win: [ 0.24752317  0.54043091  0.18031522  0.02773048]
2016-12-09 18:47:57,209 INFO Action Prediction for win: [ 0.24752317  0.54043091  0.18031522  0.02773048]
2016-12-09 18:47:57,223 INFO Action Update: [ 0.24752317  0.54043091  0.18031522  0.02773048]
2016-12-09 18:47:58,953 INFO Game number: 3, Result: win, delay: 0.701944828033
2016-12-09 18:48:02,629 INFO Evidence Update: [ 0.40075332  0.58946482  0.00444406  0.        ]
2016-12-09 18:48:04,846 INFO Action Prediction for win: [ 0.18981901  0.55423332  0.21490707  0.0357028 ]
2016-12-09 18:48:04,857 INFO Action Prediction for win: [ 0.18981901  0.55423332  0.21490707  0.0357028 ]
2016-12-09 18:48:04,871 INFO Action Prediction for win: [ 0.18981901  0.55423332  0.21490707  0.0357028 ]
2016-12-09 18:48:04,884 INFO Action Prediction for win: [ 0.18981901  0.55423332  0.21490707  0.0357028 ]
2016-12-09 18:48:04,898 INFO Action Prediction for win: [ 0.18981901  0.55423332  0.21490707  0.0357028 ]
2016-12-09 18:48:04,912 INFO Action Update: [ 0.18981901  0.55423332  0.21490707  0.0357028 ]
2016-12-09 18:48:06,639 INFO Game number: 4, Result: win, delay: 1.10500621796
2016-12-09 18:48:09,927 INFO Evidence Update: [ 0.42371418  0.56533766  0.00227901  0.        ]
2016-12-09 18:48:12,141 INFO Action Prediction for win: [ 0.19777535  0.55115085  0.20876113  0.03364353]
2016-12-09 18:48:12,154 INFO Action Prediction for win: [ 0.19777535  0.55115085  0.20876113  0.03364353]
2016-12-09 18:48:12,169 INFO Action Prediction for win: [ 0.19777535  0.55115085  0.20876113  0.03364353]
2016-12-09 18:48:12,181 INFO Action Prediction for win: [ 0.19777535  0.55115085  0.20876113  0.03364353]
2016-12-09 18:48:12,194 INFO Action Prediction for win: [ 0.19777535  0.55115085  0.20876113  0.03364353]
2016-12-09 18:48:12,206 INFO Action Update: [ 0.19777535  0.55115085  0.20876113  0.03364353]
2016-12-09 18:48:13,936 INFO Game number: 5, Result: win, delay: 0.716849088669
2016-12-09 18:48:17,200 INFO Evidence Update: [ 0.44052845  0.54925299  0.00207333  0.        ]
2016-12-09 18:48:19,459 INFO Action Prediction for win: [ 0.20369476  0.54989895  0.20535646  0.0329046 ]
2016-12-09 18:48:19,473 INFO Action Prediction for win: [ 0.20369476  0.54989895  0.20535646  0.0329046 ]
2016-12-09 18:48:19,487 INFO Action Prediction for win: [ 0.20369476  0.54989895  0.20535646  0.0329046 ]
2016-12-09 18:48:19,501 INFO Action Prediction for win: [ 0.20369476  0.54989895  0.20535646  0.0329046 ]
2016-12-09 18:48:19,513 INFO Action Prediction for win: [ 0.20369476  0.54989895  0.20535646  0.0329046 ]
2016-12-09 18:48:19,525 INFO Action Update: [ 0.20369476  0.54989895  0.20535646  0.0329046 ]
2016-12-09 18:48:21,208 INFO Game number: 6, Result: win, delay: 0.695707082748
2016-12-09 18:48:24,880 INFO Evidence Update: [ 0.35072389  0.63717809  0.00536523  0.        ]
2016-12-09 18:48:27,088 INFO Action Prediction for win: [ 0.17220211  0.55788341  0.22513293  0.03804876]
2016-12-09 18:48:27,102 INFO Action Prediction for win: [ 0.17220211  0.55788341  0.22513293  0.03804876]
2016-12-09 18:48:27,115 INFO Action Prediction for win: [ 0.17220211  0.55788341  0.22513293  0.03804876]
2016-12-09 18:48:27,129 INFO Action Prediction for win: [ 0.17220211  0.55788341  0.22513293  0.03804876]
2016-12-09 18:48:27,143 INFO Action Prediction for win: [ 0.17220211  0.55788341  0.22513293  0.03804876]
2016-12-09 18:48:27,156 INFO Action Update: [ 0.17220211  0.55788341  0.22513293  0.03804876]
2016-12-09 18:48:28,888 INFO Game number: 7, Result: win, delay: 1.1039378643
2016-12-09 18:48:32,558 INFO Evidence Update: [ 0.31007461  0.67564465  0.0061408   0.        ]
2016-12-09 18:48:34,774 INFO Action Prediction for win: [ 0.15787349  0.56066973  0.23336347  0.03995338]
2016-12-09 18:48:34,788 INFO Action Prediction for win: [ 0.15787349  0.56066973  0.23336347  0.03995338]
2016-12-09 18:48:34,801 INFO Action Prediction for win: [ 0.15787349  0.56066973  0.23336347  0.03995338]
2016-12-09 18:48:34,814 INFO Action Prediction for win: [ 0.15787349  0.56066973  0.23336347  0.03995338]
2016-12-09 18:48:34,828 INFO Action Prediction for win: [ 0.15787349  0.56066973  0.23336347  0.03995338]
2016-12-09 18:48:34,842 INFO Action Update: [ 0.15787349  0.56066973  0.23336347  0.03995338]
2016-12-09 18:48:36,567 INFO Game number: 8, Result: win, delay: 1.10337305069
2016-12-09 18:48:39,860 INFO Evidence Update: [ 0.37390003  0.61309307  0.00270841  0.        ]
2016-12-09 18:48:42,069 INFO Action Prediction for win: [ 0.18024175  0.55491419  0.21879771  0.03574786]
2016-12-09 18:48:42,083 INFO Action Prediction for win: [ 0.18024175  0.55491419  0.21879771  0.03574786]
2016-12-09 18:48:42,097 INFO Action Prediction for win: [ 0.18024175  0.55491419  0.21879771  0.03574786]
2016-12-09 18:48:42,110 INFO Action Prediction for win: [ 0.18024175  0.55491419  0.21879771  0.03574786]
2016-12-09 18:48:42,123 INFO Action Prediction for win: [ 0.18024175  0.55491419  0.21879771  0.03574786]
2016-12-09 18:48:42,137 INFO Action Update: [ 0.18024175  0.55491419  0.21879771  0.03574786]
2016-12-09 18:48:43,870 INFO Game number: 9, Result: win, delay: 0.7271900177
2016-12-09 18:48:53,315 INFO Evidence Update: [  4.73890086e-07   3.14684856e-04   2.87387083e-01   0.00000000e+00]
2016-12-09 18:48:55,533 INFO Action Prediction for win: [ 0.00288979  0.01168453  0.12941864  0.14370928]
2016-12-09 18:48:55,547 INFO Action Prediction for win: [ 0.00288979  0.01168453  0.12941864  0.14370928]
2016-12-09 18:48:55,559 INFO Action Prediction for win: [ 0.00288979  0.01168453  0.12941864  0.14370928]
2016-12-09 18:48:55,572 INFO Action Prediction for win: [ 0.00288979  0.01168453  0.12941864  0.14370928]
2016-12-09 18:48:55,586 INFO Action Prediction for win: [ 0.00288979  0.01168453  0.12941864  0.14370928]
2016-12-09 18:48:55,599 INFO Action Update: [ 0.00288979  0.01168453  0.12941864  0.14370928]
2016-12-09 18:48:57,325 INFO Game number: 10, Result: win, delay: 6.87384104729
2016-12-09 18:49:00,988 INFO Evidence Update: [ 0.09760835  0.26316798  0.06452665  0.        ]
2016-12-09 18:49:03,202 INFO Action Prediction for win: [ 0.05284701  0.20928603  0.11677214  0.04639781]
2016-12-09 18:49:03,216 INFO Action Prediction for win: [ 0.05284701  0.20928603  0.11677214  0.04639781]
2016-12-09 18:49:03,230 INFO Action Prediction for win: [ 0.05284701  0.20928603  0.11677214  0.04639781]
2016-12-09 18:49:03,242 INFO Action Prediction for win: [ 0.05284701  0.20928603  0.11677214  0.04639781]
2016-12-09 18:49:03,254 INFO Action Prediction for win: [ 0.05284701  0.20928603  0.11677214  0.04639781]
2016-12-09 18:49:03,266 INFO Action Update: [ 0.05284701  0.20928603  0.11677214  0.04639781]
2016-12-09 18:49:04,997 INFO Game number: 11, Result: win, delay: 1.09474897385
2016-12-09 18:49:08,267 INFO Ending game at 1481327348.27 Delay before NO was: 0.706871032715 Total game time was: 88.3607461452
2016-12-09 18:51:30,666 INFO ######################################################################
2016-12-09 18:51:34,088 INFO Starting game at 1481327494.09
2016-12-09 18:51:35,200 INFO Evidence Update: [ 1.  0.  0.  0.]
2016-12-09 18:51:37,561 INFO Action Prediction for win: [ 0.4   0.5   0.09  0.01]
2016-12-09 18:51:37,575 INFO Action Prediction for win: [ 0.4   0.5   0.09  0.01]
2016-12-09 18:51:37,589 INFO Action Prediction for win: [ 0.4   0.5   0.09  0.01]
2016-12-09 18:51:37,603 INFO Action Prediction for win: [ 0.4   0.5   0.09  0.01]
2016-12-09 18:51:37,615 INFO Action Prediction for win: [ 0.4   0.5   0.09  0.01]
2016-12-09 18:51:37,627 INFO Action Update: [ 0.4   0.5   0.09  0.01]
2016-12-09 18:51:39,360 INFO Game number: 1, Result: win, delay: 1.1091299057
2016-12-09 18:51:43,247 INFO Evidence Update: [ 0.48687769  0.50832885  0.00317807  0.        ]
2016-12-09 18:51:45,458 INFO Action Prediction for win: [ 0.2201993   0.54856328  0.19774778  0.03187426]
2016-12-09 18:51:45,473 INFO Action Prediction for win: [ 0.2201993   0.54856328  0.19774778  0.03187426]
2016-12-09 18:51:45,486 INFO Action Prediction for win: [ 0.2201993   0.54856328  0.19774778  0.03187426]
2016-12-09 18:51:45,499 INFO Action Prediction for win: [ 0.2201993   0.54856328  0.19774778  0.03187426]
2016-12-09 18:51:45,513 INFO Action Prediction for win: [ 0.2201993   0.54856328  0.19774778  0.03187426]
2016-12-09 18:51:45,526 INFO Action Update: [ 0.2201993   0.54856328  0.19774778  0.03187426]
2016-12-09 18:51:47,256 INFO Game number: 2, Result: win, delay: 1.31997203827
2016-12-09 18:51:50,944 INFO Evidence Update: [ 0.36596603  0.62249219  0.00520835  0.        ]
2016-12-09 18:51:53,161 INFO Action Prediction for win: [ 0.1775631   0.55668666  0.22202836  0.03738845]
2016-12-09 18:51:53,174 INFO Action Prediction for win: [ 0.1775631   0.55668666  0.22202836  0.03738845]
2016-12-09 18:51:53,187 INFO Action Prediction for win: [ 0.1775631   0.55668666  0.22202836  0.03738845]
2016-12-09 18:51:53,201 INFO Action Prediction for win: [ 0.1775631   0.55668666  0.22202836  0.03738845]
2016-12-09 18:51:53,215 INFO Action Prediction for win: [ 0.1775631   0.55668666  0.22202836  0.03738845]
2016-12-09 18:51:53,227 INFO Action Update: [ 0.1775631   0.55668666  0.22202836  0.03738845]
2016-12-09 18:51:54,953 INFO Game number: 3, Result: win, delay: 1.11842083931
2016-12-09 18:51:58,224 INFO Evidence Update: [ 0.41054074  0.57775085  0.00231157  0.        ]
2016-12-09 18:52:00,434 INFO Action Prediction for win: [ 0.19312695  0.55201334  0.21131413  0.03414874]
2016-12-09 18:52:00,448 INFO Action Prediction for win: [ 0.19312695  0.55201334  0.21131413  0.03414874]
2016-12-09 18:52:00,462 INFO Action Prediction for win: [ 0.19312695  0.55201334  0.21131413  0.03414874]
2016-12-09 18:52:00,475 INFO Action Prediction for win: [ 0.19312695  0.55201334  0.21131413  0.03414874]
2016-12-09 18:52:00,488 INFO Action Prediction for win: [ 0.19312695  0.55201334  0.21131413  0.03414874]
2016-12-09 18:52:00,501 INFO Action Update: [ 0.19312695  0.55201334  0.21131413  0.03414874]
2016-12-09 18:52:02,233 INFO Game number: 4, Result: win, delay: 0.698990821838
2016-12-09 18:52:05,893 INFO Evidence Update: [ 0.33959029  0.64779891  0.00549911  0.        ]
2016-12-09 18:52:08,109 INFO Action Prediction for win: [ 0.16828105  0.55869446  0.2273774   0.03853541]
2016-12-09 18:52:08,122 INFO Action Prediction for win: [ 0.16828105  0.55869446  0.2273774   0.03853541]
2016-12-09 18:52:08,137 INFO Action Prediction for win: [ 0.16828105  0.55869446  0.2273774   0.03853541]
2016-12-09 18:52:08,150 INFO Action Prediction for win: [ 0.16828105  0.55869446  0.2273774   0.03853541]
2016-12-09 18:52:08,162 INFO Action Prediction for win: [ 0.16828105  0.55869446  0.2273774   0.03853541]
2016-12-09 18:52:08,175 INFO Action Update: [ 0.16828105  0.55869446  0.2273774   0.03853541]
2016-12-09 18:52:09,901 INFO Game number: 5, Result: win, delay: 1.0956158638
2016-12-09 18:52:17,797 INFO Evidence Update: [  1.36551810e-04   2.08177243e-02   8.89439637e-01   0.00000000e+00]
2016-12-09 18:52:20,012 INFO Action Prediction for win: [ 0.0099899   0.0481365   0.40650544  0.44576207]
2016-12-09 18:52:20,026 INFO Action Prediction for win: [ 0.0099899   0.0481365   0.40650544  0.44576207]
2016-12-09 18:52:20,039 INFO Action Prediction for win: [ 0.0099899   0.0481365   0.40650544  0.44576207]
2016-12-09 18:52:20,053 INFO Action Prediction for win: [ 0.0099899   0.0481365   0.40650544  0.44576207]
2016-12-09 18:52:20,066 INFO Action Prediction for win: [ 0.0099899   0.0481365   0.40650544  0.44576207]
2016-12-09 18:52:20,079 INFO Action Update: [ 0.0099899   0.0481365   0.40650544  0.44576207]
2016-12-09 18:52:21,807 INFO Game number: 6, Result: win, delay: 5.32688999176
2016-12-09 18:52:25,106 INFO Evidence Update: [ 0.12052215  0.26956747  0.02442031  0.        ]
2016-12-09 18:52:27,317 INFO Action Prediction for win: [ 0.06193144  0.22297837  0.10270637  0.02689375]
2016-12-09 18:52:27,329 INFO Action Prediction for win: [ 0.06193144  0.22297837  0.10270637  0.02689375]
2016-12-09 18:52:27,343 INFO Action Prediction for win: [ 0.06193144  0.22297837  0.10270637  0.02689375]
2016-12-09 18:52:27,356 INFO Action Prediction for win: [ 0.06193144  0.22297837  0.10270637  0.02689375]
2016-12-09 18:52:27,369 INFO Action Prediction for win: [ 0.06193144  0.22297837  0.10270637  0.02689375]
2016-12-09 18:52:27,382 INFO Action Update: [ 0.06193144  0.22297837  0.10270637  0.02689375]
2016-12-09 18:52:29,114 INFO Game number: 7, Result: win, delay: 0.73251914978
2016-12-09 18:52:32,787 INFO Evidence Update: [ 0.28464772  0.69335309  0.00727774  0.        ]
2016-12-09 18:52:35,001 INFO Action Prediction for win: [ 0.14859952  0.55862683  0.2368992   0.041153  ]
2016-12-09 18:52:35,014 INFO Action Prediction for win: [ 0.14859952  0.55862683  0.2368992   0.041153  ]
2016-12-09 18:52:35,027 INFO Action Prediction for win: [ 0.14859952  0.55862683  0.2368992   0.041153  ]
2016-12-09 18:52:35,040 INFO Action Prediction for win: [ 0.14859952  0.55862683  0.2368992   0.041153  ]
2016-12-09 18:52:35,054 INFO Action Prediction for win: [ 0.14859952  0.55862683  0.2368992   0.041153  ]
2016-12-09 18:52:35,067 INFO Action Update: [ 0.14859952  0.55862683  0.2368992   0.041153  ]
2016-12-09 18:52:36,796 INFO Game number: 8, Result: win, delay: 1.10924005508
2016-12-09 18:52:40,082 INFO Evidence Update: [ 0.36265952  0.6236594   0.00275546  0.        ]
2016-12-09 18:52:42,297 INFO Action Prediction for win: [ 0.17627433  0.55563562  0.22097713  0.0361873 ]
2016-12-09 18:52:42,311 INFO Action Prediction for win: [ 0.17627433  0.55563562  0.22097713  0.0361873 ]
2016-12-09 18:52:42,323 INFO Action Prediction for win: [ 0.17627433  0.55563562  0.22097713  0.0361873 ]
2016-12-09 18:52:42,335 INFO Action Prediction for win: [ 0.17627433  0.55563562  0.22097713  0.0361873 ]
2016-12-09 18:52:42,347 INFO Action Prediction for win: [ 0.17627433  0.55563562  0.22097713  0.0361873 ]
2016-12-09 18:52:42,360 INFO Action Update: [ 0.17627433  0.55563562  0.22097713  0.0361873 ]
2016-12-09 18:52:44,091 INFO Game number: 9, Result: win, delay: 0.717912912369
2016-12-09 18:52:46,978 INFO Evidence Update: [ 0.5012959   0.48596815  0.00091014  0.        ]
2016-12-09 18:52:49,188 INFO Action Prediction for win: [ 0.22482587  0.54226524  0.19131664  0.02976644]
2016-12-09 18:52:49,201 INFO Action Prediction for win: [ 0.22482587  0.54226524  0.19131664  0.02976644]
2016-12-09 18:52:49,213 INFO Action Prediction for win: [ 0.22482587  0.54226524  0.19131664  0.02976644]
2016-12-09 18:52:49,225 INFO Action Prediction for win: [ 0.22482587  0.54226524  0.19131664  0.02976644]
2016-12-09 18:52:49,238 INFO Action Prediction for win: [ 0.22482587  0.54226524  0.19131664  0.02976644]
2016-12-09 18:52:49,250 INFO Action Update: [ 0.22482587  0.54226524  0.19131664  0.02976644]
2016-12-09 18:52:50,987 INFO Game number: 10, Result: win, delay: 0.320874929428
2016-12-09 18:52:57,361 INFO Evidence Update: [ 0.01428735  0.34693988  0.61771253  0.        ]
2016-12-09 18:52:59,575 INFO Action Prediction for win: [ 0.02923906  0.2400161   0.38333846  0.32634613]
2016-12-09 18:52:59,587 INFO Action Prediction for win: [ 0.02923906  0.2400161   0.38333846  0.32634613]
2016-12-09 18:52:59,601 INFO Action Prediction for win: [ 0.02923906  0.2400161   0.38333846  0.32634613]
2016-12-09 18:52:59,614 INFO Action Prediction for win: [ 0.02923906  0.2400161   0.38333846  0.32634613]
2016-12-09 18:52:59,628 INFO Action Prediction for win: [ 0.02923906  0.2400161   0.38333846  0.32634613]
2016-12-09 18:52:59,642 INFO Action Update: [ 0.02923906  0.2400161   0.38333846  0.32634613]
2016-12-09 18:53:01,369 INFO Game number: 11, Result: win, delay: 3.80934882164
2016-12-09 18:53:04,652 INFO Ending game at 1481327584.65 Delay before NO was: 0.720097064972 Total game time was: 90.564442873
