2016-12-08 20:03:57,571 INFO Evidence Update: [ 1.  0.  0.  0.]
2016-12-08 20:03:59,098 INFO Action Prediction for win: [ 0.4   0.5   0.09  0.01]
2016-12-08 20:03:59,600 INFO Action Update: [ 0.4   0.5   0.09  0.01]
2016-12-08 20:04:09,103 INFO Evidence Update: [ 0.22472729  0.72950264  0.04408983  0.        ]
2016-12-08 20:04:10,667 INFO Action Prediction for win: [ 0.12680695  0.55182883  0.25891667  0.06076732]
2016-12-08 20:04:11,169 INFO Action Update: [ 0.12680695  0.55182883  0.25891667  0.06076732]
2016-12-08 20:04:21,012 INFO Evidence Update: [ 0.04849973  0.7318393   0.20555049  0.        ]
2016-12-08 20:04:22,572 INFO Action Prediction for win: [ 0.05804736  0.47157546  0.31641449  0.13985221]
2016-12-08 20:04:23,075 INFO Action Update: [ 0.05804736  0.47157546  0.31641449  0.13985221]
2016-12-08 20:04:33,684 INFO Evidence Update: [ 0.00489654  0.30788246  0.61611495  0.        ]
2016-12-08 20:04:35,264 INFO Action Prediction for win: [ 0.02351389  0.21182234  0.37005716  0.32350057]
2016-12-08 20:04:35,265 INFO Action Prediction for tie: [ 0.05577109  0.28758632  0.42530118  0.16023535]
2016-12-08 20:04:35,766 INFO Action Update: [ 0.05577109  0.28758632  0.42530118  0.16023535]
2016-12-08 20:04:45,580 INFO Evidence Update: [  2.67130422e-04   2.78302340e-02   8.36432837e-01   0.00000000e+00]
2016-12-08 20:04:47,141 INFO Action Prediction for win: [ 0.00986269  0.05028902  0.38476789  0.4196106 ]
2016-12-08 20:04:47,142 INFO Action Prediction for tie: [ 0.01272585  0.09621841  0.54591845  0.20966749]
2016-12-08 20:04:47,643 INFO Action Update: [ 0.01272585  0.09621841  0.54591845  0.20966749]
2016-12-08 20:09:16,413 INFO Evidence Update: [ 1.  0.  0.  0.]
2016-12-08 20:09:17,936 INFO Action Prediction for win: [ 0.4   0.5   0.09  0.01]
2016-12-08 20:09:18,438 INFO Action Update: [ 0.4   0.5   0.09  0.01]
2016-12-08 20:09:27,571 INFO Evidence Update: [ 0.30219326  0.67628058  0.01942588  0.        ]
2016-12-08 20:09:29,131 INFO Action Prediction for win: [ 0.15488559  0.55764201  0.23882321  0.0465489 ]
2016-12-08 20:09:29,633 INFO Action Update: [ 0.15488559  0.55764201  0.23882321  0.0465489 ]
2016-12-08 20:09:40,247 INFO Evidence Update: [ 0.01585324  0.43214515  0.52820456  0.        ]
2016-12-08 20:09:41,807 INFO Action Prediction for win: [ 0.0332306   0.28834189  0.36876239  0.28586807]
2016-12-08 20:09:41,808 INFO Action Prediction for tie: [ 0.08120108  0.37561058  0.3785387   0.14085257]
2016-12-08 20:09:42,309 INFO Action Update: [ 0.08120108  0.37561058  0.3785387   0.14085257]
2016-12-08 20:09:51,353 INFO Evidence Update: [ 0.00415831  0.17733725  0.75631828  0.        ]
2016-12-08 20:09:52,903 INFO Action Prediction for win: [ 0.01809337  0.13873423  0.39391865  0.38706759]
2016-12-08 20:09:52,904 INFO Action Prediction for tie: [ 0.03707458  0.20211116  0.5059602   0.1926679 ]
2016-12-08 20:09:53,407 INFO Action Update: [ 0.03707458  0.20211116  0.5059602   0.1926679 ]
2016-12-08 20:10:01,756 INFO Evidence Update: [ 0.01032103  0.25555749  0.6571047   0.        ]
2016-12-08 20:10:03,309 INFO Action Prediction for win: [ 0.02347733  0.1847792   0.37329325  0.34143343]
2016-12-08 20:10:03,312 INFO Action Prediction for tie: [ 0.05212939  0.2533878   0.4479755   0.16949054]
2016-12-08 20:10:03,813 INFO Action Update: [ 0.05212939  0.2533878   0.4479755   0.16949054]
2016-12-08 20:10:13,649 INFO Evidence Update: [  2.52536102e-04   2.47555603e-02   8.86238944e-01   0.00000000e+00]
2016-12-08 20:10:15,211 INFO Action Prediction for win: [ 0.01020118  0.05042916  0.40625692  0.44435978]
2016-12-08 20:10:15,213 INFO Action Prediction for tie: [ 0.0127525   0.09839131  0.57804586  0.22205737]
2016-12-08 20:10:15,213 INFO Action Prediction for lose: [ 0.10368431  0.54044569  0.1868579   0.04480958]
2016-12-08 20:10:15,714 INFO Action Update: [ 0.10368431  0.54044569  0.1868579   0.04480958]
2016-12-08 20:10:25,537 INFO Evidence Update: [ 0.02458734  0.65747219  0.29785675  0.        ]
2016-12-08 20:10:27,116 INFO Action Prediction for win: [ 0.04568711  0.41869125  0.33349005  0.18204786]
2016-12-08 20:10:27,618 INFO Action Update: [ 0.04568711  0.41869125  0.33349005  0.18204786]
2016-12-08 20:10:36,308 INFO Evidence Update: [ 0.07732984  0.82545867  0.04441171  0.        ]
2016-12-08 20:10:37,869 INFO Action Prediction for win: [ 0.07264898  0.53571659  0.27458255  0.06425209]
2016-12-08 20:10:38,371 INFO Action Update: [ 0.07264898  0.53571659  0.27458255  0.06425209]
2016-12-08 20:14:18,093 INFO Evidence Update: [ 1.  0.  0.  0.]
2016-12-08 20:14:19,621 INFO Action Prediction for win: [ 0.4   0.5   0.09  0.01]
2016-12-08 20:14:20,123 INFO Action Update: [ 0.4   0.5   0.09  0.01]
2016-12-08 20:14:29,238 INFO Evidence Update: [ 0.30128361  0.67700482  0.01960621  0.        ]
2016-12-08 20:14:30,792 INFO Action Prediction for win: [ 0.15455975  0.55762894  0.23903977  0.04666618]
2016-12-08 20:14:31,294 INFO Action Update: [ 0.15455975  0.55762894  0.23903977  0.04666618]
2016-12-08 20:14:41,143 INFO Evidence Update: [ 0.05788796  0.73394642  0.19344638  0.        ]
2016-12-08 20:14:42,727 INFO Action Prediction for win: [ 0.06178697  0.47704968  0.31244471  0.13399939]
2016-12-08 20:14:43,230 INFO Action Update: [ 0.06178697  0.47704968  0.31244471  0.13399939]
2016-12-08 20:14:53,022 INFO Evidence Update: [ 0.0233888   0.65299403  0.27842285  0.        ]
2016-12-08 20:14:54,570 INFO Action Prediction for win: [ 0.04478945  0.41462773  0.32329348  0.17209501]
2016-12-08 20:14:55,072 INFO Action Update: [ 0.04478945  0.41462773  0.32329348  0.17209501]
2016-12-08 20:15:05,712 INFO Evidence Update: [ 0.00373629  0.27108924  0.64646491  0.        ]
2016-12-08 20:15:07,260 INFO Action Prediction for win: [ 0.02151363  0.19038029  0.37257225  0.33682428]
2016-12-08 20:15:07,260 INFO Action Prediction for tie: [ 0.04974344  0.26243285  0.44203879  0.16707538]
2016-12-08 20:15:07,762 INFO Action Update: [ 0.04974344  0.26243285  0.44203879  0.16707538]
2016-12-08 20:22:40,186 INFO Evidence Update: [ 1.  0.  0.  0.]
2016-12-08 20:22:41,727 INFO Action Prediction for win: [ 0.4   0.5   0.09  0.01]
2016-12-08 20:22:42,230 INFO Action Update: [ 0.4   0.5   0.09  0.01]
2016-12-08 20:23:27,686 INFO Evidence Update: [ 1.  0.  0.  0.]
2016-12-08 20:23:29,209 INFO Action Prediction for win: [ 0.4   0.5   0.09  0.01]
2016-12-08 20:23:29,712 INFO Action Update: [ 0.4   0.5   0.09  0.01]
2016-12-08 20:23:41,140 INFO Evidence Update: [ 0.01052272  0.24131076  0.72785225  0.        ]
2016-12-08 20:23:42,687 INFO Action Prediction for win: [ 0.02355315  0.17916191  0.40087378  0.37609689]
2016-12-08 20:23:42,690 INFO Action Prediction for tie: [ 0.05084104  0.24912045  0.49282973  0.1868945 ]
2016-12-08 20:23:43,193 INFO Action Update: [ 0.05084104  0.24912045  0.49282973  0.1868945 ]
2016-12-08 20:23:49,978 INFO Evidence Update: [ 0.15611334  0.70398281  0.05872469  0.        ]
2016-12-08 20:23:51,531 INFO Action Prediction for win: [ 0.09823173  0.50279534  0.25167115  0.06612262]
2016-12-08 20:23:52,034 INFO Action Update: [ 0.09823173  0.50279534  0.25167115  0.06612262]
2016-12-08 20:23:59,973 INFO Evidence Update: [ 0.27043034  0.70499934  0.00455759  0.        ]
2016-12-08 20:24:01,531 INFO Action Prediction for win: [ 0.14346768  0.55839707  0.23788945  0.04023307]
2016-12-08 20:24:02,034 INFO Action Update: [ 0.14346768  0.55839707  0.23788945  0.04023307]
2016-12-08 20:24:10,308 INFO Evidence Update: [ 0.25405624  0.72872708  0.00839471  0.        ]
2016-12-08 20:24:11,847 INFO Action Prediction for win: [ 0.1381428   0.56460015  0.24526081  0.04317427]
2016-12-08 20:24:12,350 INFO Action Update: [ 0.1381428   0.56460015  0.24526081  0.04317427]
2016-12-08 20:24:20,690 INFO Evidence Update: [ 0.24047562  0.74100088  0.00910946  0.        ]
2016-12-08 20:24:22,248 INFO Action Prediction for win: [ 0.13333139  0.56520271  0.24804233  0.04400953]
2016-12-08 20:24:22,751 INFO Action Update: [ 0.13333139  0.56520271  0.24804233  0.04400953]
2016-12-08 20:24:30,665 INFO Evidence Update: [ 0.30764833  0.67716457  0.00398904  0.        ]
2016-12-08 20:24:32,232 INFO Action Prediction for win: [ 0.15695745  0.56028247  0.23263279  0.03892923]
2016-12-08 20:24:32,736 INFO Action Update: [ 0.15695745  0.56028247  0.23263279  0.03892923]
2016-12-08 20:24:40,679 INFO Evidence Update: [ 0.34080848  0.64606637  0.00376653  0.        ]
2016-12-08 20:24:42,243 INFO Action Prediction for win: [ 0.16866438  0.55819472  0.22618761  0.03759467]
2016-12-08 20:24:42,745 INFO Action Update: [ 0.16866438  0.55819472  0.22618761  0.03759467]
2016-12-08 20:24:50,660 INFO Evidence Update: [ 0.35585488  0.63168024  0.00366624  0.        ]
2016-12-08 20:24:52,224 INFO Action Prediction for win: [ 0.17396263  0.55708223  0.22318082  0.03697568]
2016-12-08 20:24:52,727 INFO Action Update: [ 0.17396263  0.55708223  0.22318082  0.03697568]
2016-12-08 20:25:00,252 INFO Evidence Update: [ 0.4572305   0.5306557   0.00139026  0.        ]
2016-12-08 20:25:01,800 INFO Action Prediction for win: [ 0.20943889  0.54706428  0.20097307  0.03180022]
2016-12-08 20:25:02,304 INFO Action Update: [ 0.20943889  0.54706428  0.20097307  0.03180022]
2016-12-08 20:28:06,588 INFO Evidence Update: [ 1.  0.  0.  0.]
2016-12-08 20:28:08,141 INFO Action Prediction for win: [ 0.4   0.5   0.09  0.01]
2016-12-08 20:28:08,644 INFO Action Update: [ 0.4   0.5   0.09  0.01]
2016-12-08 20:28:16,201 INFO Evidence Update: [  6.74828302e-01   3.22900785e-01   4.24023761e-04   0.00000000e+00]
2016-12-08 20:28:17,744 INFO Action Prediction for win: [ 0.2860806   0.53117158  0.15779559  0.02310533]
2016-12-08 20:28:18,248 INFO Action Update: [ 0.2860806   0.53117158  0.15779559  0.02310533]
2016-12-08 20:28:26,578 INFO Evidence Update: [ 0.41146058  0.57943401  0.00492992  0.        ]
2016-12-08 20:28:28,143 INFO Action Prediction for win: [ 0.19360523  0.55358789  0.21308012  0.03555127]
2016-12-08 20:28:28,646 INFO Action Update: [ 0.19360523  0.55358789  0.21308012  0.03555127]
2016-12-08 20:28:36,928 INFO Evidence Update: [ 0.30980654  0.67549822  0.00752707  0.        ]
2016-12-08 20:28:38,489 INFO Action Prediction for win: [ 0.1577728   0.56050328  0.23391923  0.04063651]
2016-12-08 20:28:38,993 INFO Action Update: [ 0.1577728   0.56050328  0.23391923  0.04063651]
2016-12-08 20:28:47,301 INFO Evidence Update: [ 0.25802356  0.72405411  0.00938657  0.        ]
2016-12-08 20:28:48,860 INFO Action Prediction for win: [ 0.13950599  0.56381971  0.24466231  0.04347623]
2016-12-08 20:28:49,363 INFO Action Update: [ 0.13950599  0.56381971  0.24466231  0.04347623]
2016-12-08 20:28:57,278 INFO Evidence Update: [ 0.31532932  0.6698138   0.00399745  0.        ]
2016-12-08 20:28:58,860 INFO Action Prediction for win: [ 0.15966239  0.55971284  0.23112263  0.03864271]
2016-12-08 20:28:59,363 INFO Action Update: [ 0.15966239  0.55971284  0.23112263  0.03864271]
2016-12-08 20:29:07,651 INFO Evidence Update: [ 0.27141678  0.71218248  0.00820294  0.        ]
2016-12-08 20:29:09,210 INFO Action Prediction for win: [ 0.14425787  0.563346    0.24177358  0.04242476]
2016-12-08 20:29:09,713 INFO Action Update: [ 0.14425787  0.563346    0.24177358  0.04242476]
2016-12-08 20:29:20,338 INFO Evidence Update: [ 0.01343238  0.41389636  0.55061468  0.        ]
2016-12-08 20:29:21,888 INFO Action Prediction for win: [ 0.03157392  0.2770786   0.37315443  0.29613648]
2016-12-08 20:29:22,391 INFO Action Update: [ 0.03157392  0.2770786   0.37315443  0.29613648]
2016-12-08 20:29:30,694 INFO Evidence Update: [ 0.11067144  0.73154276  0.02782926  0.        ]
2016-12-08 20:29:32,239 INFO Action Prediction for win: [ 0.08112401  0.49537455  0.24194642  0.05159848]
2016-12-08 20:29:32,741 INFO Action Update: [ 0.08112401  0.49537455  0.24194642  0.05159848]
2016-12-08 20:29:41,059 INFO Evidence Update: [ 0.16795665  0.80624365  0.01211542  0.        ]
2016-12-08 20:29:42,606 INFO Action Prediction for win: [ 0.107616    0.56820913  0.26244113  0.04804946]
2016-12-08 20:29:43,114 INFO Action Update: [ 0.107616    0.56820913  0.26244113  0.04804946]
2016-12-08 20:29:53,717 INFO Evidence Update: [ 0.01101644  0.42909275  0.53696874  0.        ]
2016-12-08 20:29:55,273 INFO Action Prediction for win: [ 0.0312309   0.28444262  0.37135524  0.29004917]
2016-12-08 20:29:55,776 INFO Action Update: [ 0.0312309   0.28444262  0.37135524  0.29004917]
2016-12-08 20:30:03,736 INFO Evidence Update: [ 0.14089551  0.69991805  0.0135344   0.        ]
2016-12-08 20:30:05,287 INFO Action Prediction for win: [ 0.09148945  0.49093996  0.22874649  0.04317206]
2016-12-08 20:30:05,789 INFO Action Update: [ 0.09148945  0.49093996  0.22874649  0.04317206]
2016-12-08 20:30:13,315 INFO Evidence Update: [ 0.33680621  0.64370801  0.00189424  0.        ]
2016-12-08 20:30:14,861 INFO Action Prediction for win: [ 0.16692683  0.55470368  0.22427737  0.03650058]
2016-12-08 20:30:15,364 INFO Action Update: [ 0.16692683  0.55470368  0.22427737  0.03650058]
2016-12-08 20:30:23,673 INFO Evidence Update: [ 0.28132108  0.702982    0.00800202  0.        ]
2016-12-08 20:30:25,227 INFO Action Prediction for win: [ 0.14775755  0.56276982  0.23981441  0.04196332]
2016-12-08 20:30:25,730 INFO Action Update: [ 0.14775755  0.56276982  0.23981441  0.04196332]
2016-12-08 20:30:33,678 INFO Evidence Update: [ 0.32516483  0.66061449  0.00398783  0.        ]
2016-12-08 20:30:35,234 INFO Action Prediction for win: [ 0.16313654  0.55911063  0.22924371  0.03827629]
2016-12-08 20:30:35,737 INFO Action Update: [ 0.16313654  0.55911063  0.22924371  0.03827629]
2016-12-08 20:30:50,572 INFO Evidence Update: [  2.07863109e-09   3.75455870e-06   2.13318450e-02   0.00000000e+00]
2016-12-08 20:30:52,155 INFO Action Prediction for win: [ 0.00021351  0.00085553  0.00960046  0.01066611]
2016-12-08 20:30:52,658 INFO Action Update: [ 0.00021351  0.00085553  0.00960046  0.01066611]
2016-12-08 20:31:00,538 INFO Evidence Update: [ 0.11361257  0.23018569  0.0328786   0.        ]
2016-12-08 20:31:02,099 INFO Action Prediction for win: [ 0.0572831   0.19623284  0.09407621  0.02908471]
2016-12-08 20:31:02,601 INFO Action Update: [ 0.0572831   0.19623284  0.09407621  0.02908471]
2016-12-08 20:31:10,909 INFO Evidence Update: [ 0.26179573  0.7104615   0.0106422   0.        ]
2016-12-08 20:31:12,465 INFO Action Prediction for win: [ 0.14034779  0.55760046  0.24148905  0.04346213]
2016-12-08 20:31:12,966 INFO Action Update: [ 0.14034779  0.55760046  0.24148905  0.04346213]
2016-12-08 20:31:20,526 INFO Evidence Update: [ 0.39738528  0.58733924  0.00175267  0.        ]
2016-12-08 20:31:22,075 INFO Action Prediction for win: [ 0.1883386   0.55116629  0.21275515  0.03421715]
2016-12-08 20:31:22,578 INFO Action Update: [ 0.1883386   0.55116629  0.21275515  0.03421715]
2016-12-08 20:31:30,518 INFO Evidence Update: [ 0.38768733  0.60127202  0.00324547  0.        ]
2016-12-08 20:31:32,080 INFO Action Prediction for win: [ 0.18517099  0.5547367   0.21673393  0.03556321]
2016-12-08 20:31:32,584 INFO Action Update: [ 0.18517099  0.5547367   0.21673393  0.03556321]
2016-12-08 20:31:40,122 INFO Evidence Update: [ 0.47885117  0.50971318  0.00125172  0.        ]
2016-12-08 20:31:41,665 INFO Action Prediction for win: [ 0.21703864  0.54530356  0.19657383  0.03090003]
2016-12-08 20:31:42,168 INFO Action Update: [ 0.21703864  0.54530356  0.19657383  0.03090003]
2016-12-08 20:31:50,462 INFO Evidence Update: [ 0.34605169  0.64157397  0.00626989  0.        ]
2016-12-08 20:31:52,009 INFO Action Prediction for win: [ 0.17056207  0.55822102  0.22643829  0.03867416]
2016-12-08 20:31:52,511 INFO Action Update: [ 0.17056207  0.55822102  0.22643829  0.03867416]
2016-12-08 20:34:59,129 INFO Evidence Update: [ 1.  0.  0.  0.]
2016-12-08 20:38:39,583 INFO Evidence Update: [ 1.  0.  0.  0.]
2016-12-08 20:44:00,242 INFO Evidence Update: [ 1.  0.  0.  0.]
2016-12-08 20:44:02,148 INFO Action Prediction for win: [ 0.4   0.5   0.09  0.01]
2016-12-08 20:44:02,650 INFO Action Update: [ 0.4   0.5   0.09  0.01]
2016-12-08 20:44:10,607 INFO Evidence Update: [ 0.27073681  0.70010939  0.02685175  0.        ]
2016-12-08 20:44:12,520 INFO Action Prediction for win: [ 0.14356871  0.55650811  0.24648242  0.05113871]
2016-12-08 20:44:13,024 INFO Action Update: [ 0.14356871  0.55650811  0.24648242  0.05113871]
2016-12-08 20:44:19,461 INFO Evidence Update: [ 0.36804758  0.61518591  0.00252243  0.        ]
2016-12-08 20:44:21,367 INFO Action Prediction for win: [ 0.17800355  0.55323623  0.21881515  0.03570099]
2016-12-08 20:44:21,869 INFO Action Update: [ 0.17800355  0.55323623  0.21881515  0.03570099]
2016-12-08 20:44:31,741 INFO Evidence Update: [ 0.00511404  0.21309106  0.75420134  0.        ]
2016-12-08 20:44:33,644 INFO Action Prediction for win: [ 0.02024218  0.16057971  0.40377819  0.38780636]
2016-12-08 20:44:34,148 INFO Action Update: [ 0.02024218  0.16057971  0.40377819  0.38780636]
2016-12-08 20:44:41,333 INFO Evidence Update: [ 0.08587955  0.61930416  0.06406709  0.        ]
2016-12-08 20:44:43,235 INFO Action Prediction for win: [ 0.0659577   0.41708495  0.2223506   0.06385755]
2016-12-08 20:44:43,737 INFO Action Update: [ 0.0659577   0.41708495  0.2223506   0.06385755]
2016-12-08 20:44:53,240 INFO Evidence Update: [ 0.00515043  0.29708114  0.65607055  0.        ]
2016-12-08 20:44:55,173 INFO Action Prediction for win: [ 0.02347494  0.20706672  0.38481963  0.34294084]
2016-12-08 20:44:55,676 INFO Action Update: [ 0.02347494  0.20706672  0.38481963  0.34294084]
2016-12-08 20:46:46,029 INFO Evidence Update: [ 1.  0.  0.  0.]
2016-12-08 20:46:48,634 INFO Action Prediction for win: [ 0.4   0.5   0.09  0.01]
2016-12-08 20:46:49,135 INFO Action Update: [ 0.4   0.5   0.09  0.01]
2016-12-08 20:46:55,623 INFO Evidence Update: [ 0.63389295  0.36369616  0.00068668  0.        ]
2016-12-08 20:46:58,112 INFO Action Prediction for win: [ 0.27174885  0.53519164  0.16646822  0.02486708]
2016-12-08 20:46:58,617 INFO Action Update: [ 0.27174885  0.53519164  0.16646822  0.02486708]
2016-12-08 20:47:05,602 INFO Evidence Update: [ 0.40618019  0.58440693  0.00483019  0.        ]
2016-12-08 20:47:08,079 INFO Action Prediction for win: [ 0.19174072  0.55392746  0.21405188  0.03569724]
2016-12-08 20:47:08,582 INFO Action Update: [ 0.19174072  0.55392746  0.21405188  0.03569724]
2016-12-08 20:47:15,198 INFO Evidence Update: [ 0.39214344  0.59660275  0.00318326  0.        ]
2016-12-08 20:47:17,683 INFO Action Prediction for win: [ 0.18671935  0.5541607   0.2157062   0.0353432 ]
2016-12-08 20:47:18,186 INFO Action Update: [ 0.18671935  0.5541607   0.2157062   0.0353432 ]
2016-12-08 20:47:24,416 INFO Evidence Update: [ 0.48659643  0.50198412  0.00117539  0.        ]
2016-12-08 20:47:26,911 INFO Action Prediction for win: [ 0.21974953  0.54453571  0.19491784  0.03055287]
2016-12-08 20:47:27,414 INFO Action Update: [ 0.21974953  0.54453571  0.19491784  0.03055287]
2016-12-08 20:47:35,576 INFO Evidence Update: [ 0.13176969  0.78086438  0.07958683  0.        ]
2016-12-08 20:47:38,083 INFO Action Prediction for win: [ 0.09254696  0.53758695  0.28193266  0.08015433]
2016-12-08 20:47:38,590 INFO Action Update: [ 0.09254696  0.53758695  0.28193266  0.08015433]
2016-12-08 21:00:38,474 INFO Evidence Update: [ 1.  0.  0.  0.]
2016-12-08 21:00:40,630 INFO Action Prediction for win: [ 0.4   0.5   0.09  0.01]
2016-12-08 21:00:41,133 INFO Action Update: [ 0.4   0.5   0.09  0.01]
2016-12-08 21:00:47,693 INFO Evidence Update: [  6.70219445e-01   3.27501964e-01   4.48515182e-04   0.00000000e+00]
2016-12-08 21:00:49,698 INFO Action Prediction for win: [ 0.28446736  0.53162884  0.15877217  0.02330155]
2016-12-08 21:00:50,208 INFO Action Update: [ 0.28446736  0.53162884  0.15877217  0.02330155]
2016-12-08 21:00:57,263 INFO Evidence Update: [ 0.46543038  0.52732482  0.00288175  0.        ]
2016-12-08 21:00:59,278 INFO Action Prediction for win: [ 0.21256721  0.54922535  0.20138297  0.03246142]
2016-12-08 21:00:59,782 INFO Action Update: [ 0.21256721  0.54922535  0.20138297  0.03246142]
2016-12-08 21:01:06,865 INFO Evidence Update: [ 0.37397668  0.61483646  0.00454434  0.        ]
2016-12-08 21:01:08,874 INFO Action Prediction for win: [ 0.18037794  0.55607199  0.22015379  0.03675376]
2016-12-08 21:01:09,378 INFO Action Update: [ 0.18037794  0.55607199  0.22015379  0.03675376]
2016-12-08 21:01:16,097 INFO Evidence Update: [ 0.41842531  0.57011502  0.00219517  0.        ]
2016-12-08 21:01:18,113 INFO Action Prediction for win: [ 0.19589783  0.55136947  0.20968061  0.03378759]
2016-12-08 21:01:18,617 INFO Action Update: [ 0.19589783  0.55136947  0.20968061  0.03378759]
2016-12-08 21:01:25,685 INFO Evidence Update: [ 0.35870767  0.6295132   0.00463382  0.        ]
2016-12-08 21:01:27,687 INFO Action Prediction for win: [ 0.17500507  0.55724711  0.22322287  0.03737965]
2016-12-08 21:01:28,190 INFO Action Update: [ 0.17500507  0.55724711  0.22322287  0.03737965]
2016-12-08 21:01:35,290 INFO Evidence Update: [ 0.3234381   0.66301244  0.0054802   0.        ]
2016-12-08 21:01:37,309 INFO Action Prediction for win: [ 0.16258066  0.55974572  0.23047925  0.0391251 ]
2016-12-08 21:01:37,812 INFO Action Update: [ 0.16258066  0.55974572  0.23047925  0.0391251 ]
2016-12-08 21:16:40,768 INFO Evidence Update: [ 1.  0.  0.  0.]
2016-12-08 21:16:43,027 INFO Action Prediction for win: [ 0.4   0.5   0.09  0.01]
2016-12-08 21:16:43,530 INFO Action Update: [ 0.4   0.5   0.09  0.01]
2016-12-08 21:16:54,208 INFO Evidence Update: [ 0.00477773  0.1482765   0.81911043  0.        ]
2016-12-08 21:16:56,323 INFO Action Prediction for win: [ 0.01751602  0.12411918  0.41351264  0.41701682]
2016-12-08 21:16:56,827 INFO Action Update: [ 0.01751602  0.12411918  0.41351264  0.41701682]
2016-12-08 21:18:27,626 INFO Evidence Update: [ 1.  0.  0.  0.]
2016-12-08 21:18:29,890 INFO Action Prediction for win: [ 0.4   0.5   0.09  0.01]
2016-12-08 21:18:30,393 INFO Action Update: [ 0.4   0.5   0.09  0.01]
2016-12-08 21:18:37,991 INFO Evidence Update: [ 0.40773627  0.58368366  0.0068603   0.        ]
2016-12-08 21:18:40,099 INFO Action Prediction for win: [ 0.19234729  0.55435274  0.2148885   0.0366917 ]
2016-12-08 21:18:40,600 INFO Action Update: [ 0.19234729  0.55435274  0.2148885   0.0366917 ]
2016-12-08 21:18:47,216 INFO Evidence Update: [ 0.45698067  0.53185024  0.00167385  0.        ]
2016-12-08 21:18:49,327 INFO Action Prediction for win: [ 0.20940152  0.54766744  0.20143657  0.03199924]
2016-12-08 21:18:49,830 INFO Action Update: [ 0.20940152  0.54766744  0.20143657  0.03199924]
2016-12-08 21:18:56,824 INFO Evidence Update: [ 0.38764053  0.6017418   0.00388183  0.        ]
2016-12-08 21:18:58,937 INFO Action Prediction for win: [ 0.18518212  0.55502062  0.21715701  0.03590441]
2016-12-08 21:18:59,439 INFO Action Update: [ 0.18518212  0.55502062  0.21715701  0.03590441]
2016-12-08 21:20:10,397 INFO Evidence Update: [ 1.  0.  0.  0.]
2016-12-08 21:20:12,706 INFO Action Prediction for win: [ 0.4   0.5   0.09  0.01]
2016-12-08 21:20:13,207 INFO Action Update: [ 0.4   0.5   0.09  0.01]
2016-12-08 21:20:21,141 INFO Evidence Update: [ 0.02605631  0.40385004  0.55642154  0.        ]
2016-12-08 21:20:23,299 INFO Action Prediction for win: [ 0.03617924  0.27759504  0.37388977  0.29866383]
2016-12-08 21:20:23,802 INFO Action Update: [ 0.03617924  0.27759504  0.37388977  0.29866383]
2016-12-08 21:20:28,426 INFO Evidence Update: [ 0.18445734  0.64114355  0.00882304  0.        ]
2016-12-08 21:20:30,587 INFO Action Prediction for win: [ 0.10592834  0.47726772  0.21291459  0.03831327]
2016-12-08 21:20:31,089 INFO Action Update: [ 0.10592834  0.47726772  0.21291459  0.03831327]
2016-12-08 21:20:36,091 INFO Evidence Update: [ 0.24636269  0.73592677  0.0071848   0.        ]
2016-12-08 21:20:38,303 INFO Action Prediction for win: [ 0.13541326  0.5650248   0.24618383  0.04285236]
2016-12-08 21:20:38,805 INFO Action Update: [ 0.13541326  0.5650248   0.24618383  0.04285236]
2016-12-08 21:20:43,418 INFO Evidence Update: [ 0.33071912  0.65467247  0.00319632  0.        ]
2016-12-08 21:20:45,582 INFO Action Prediction for win: [ 0.16505324  0.55829089  0.2276048   0.03763897]
2016-12-08 21:20:46,084 INFO Action Update: [ 0.16505324  0.55829089  0.2276048   0.03763897]
2016-12-08 21:20:50,698 INFO Evidence Update: [ 0.39007867  0.59775846  0.00249022  0.        ]
2016-12-08 21:20:52,857 INFO Action Prediction for win: [ 0.18594429  0.55379402  0.21555522  0.03503382]
2016-12-08 21:20:53,359 INFO Action Update: [ 0.18594429  0.55379402  0.21555522  0.03503382]
2016-12-08 21:20:58,380 INFO Evidence Update: [ 0.32850243  0.65836531  0.00577724  0.        ]
2016-12-08 21:21:00,541 INFO Action Prediction for win: [ 0.16437701  0.55950149  0.22967457  0.03909191]
2016-12-08 21:21:01,044 INFO Action Update: [ 0.16437701  0.55950149  0.22967457  0.03909191]
2016-12-08 21:21:10,270 INFO Evidence Update: [  1.36513394e-04   2.11064730e-02   8.90030268e-01   0.00000000e+00]
2016-12-08 21:21:12,427 INFO Action Prediction for win: [ 0.01001023  0.04833335  0.40685785  0.44607182]
2016-12-08 21:21:12,928 INFO Action Update: [ 0.01001023  0.04833335  0.40685785  0.44607182]
2016-12-08 21:21:17,974 INFO Evidence Update: [ 0.09684837  0.32170298  0.06380987  0.        ]
2016-12-08 21:21:20,133 INFO Action Prediction for win: [ 0.05546259  0.24399837  0.13394169  0.04895857]
2016-12-08 21:21:20,636 INFO Action Update: [ 0.05546259  0.24399837  0.13394169  0.04895857]
2016-12-08 21:21:25,263 INFO Evidence Update: [ 0.32186497  0.64360244  0.00363394  0.        ]
2016-12-08 21:21:27,422 INFO Action Prediction for win: [ 0.16096245  0.54723931  0.22368385  0.03721574]
2016-12-08 21:21:27,924 INFO Action Update: [ 0.16096245  0.54723931  0.22368385  0.03721574]
2016-12-08 21:21:34,117 INFO Evidence Update: [ 0.10879284  0.80452754  0.07746242  0.        ]
2016-12-08 21:21:36,279 INFO Action Prediction for win: [ 0.08451814  0.54021144  0.2860077   0.08004551]
2016-12-08 21:21:36,781 INFO Action Update: [ 0.08451814  0.54021144  0.2860077   0.08004551]
2016-12-08 21:21:45,610 INFO Evidence Update: [  1.83761745e-04   3.57679086e-02   8.74326520e-01   0.00000000e+00]
2016-12-08 21:21:47,772 INFO Action Prediction for win: [ 0.01060517  0.05652569  0.40419385  0.43895349]
2016-12-08 21:21:48,273 INFO Action Update: [ 0.01060517  0.05652569  0.40419385  0.43895349]
2016-12-08 21:21:53,673 INFO Evidence Update: [ 0.07011304  0.36915502  0.12824273  0.        ]
2016-12-08 21:21:55,837 INFO Action Prediction for win: [ 0.04778539  0.26167924  0.17476591  0.08328025]
2016-12-08 21:21:56,340 INFO Action Update: [ 0.04778539  0.26167924  0.17476591  0.08328025]
2016-12-08 21:23:09,722 INFO Evidence Update: [ 1.  0.  0.  0.]
2016-12-08 21:23:12,081 INFO Action Prediction for win: [ 0.4   0.5   0.09  0.01]
2016-12-08 21:23:12,583 INFO Action Update: [ 0.4   0.5   0.09  0.01]
2016-12-08 21:23:17,410 INFO Evidence Update: [ 0.57627942  0.42080287  0.00128688  0.        ]
2016-12-08 21:23:19,623 INFO Action Prediction for win: [ 0.25156478  0.5406729   0.17868511  0.02744638]
2016-12-08 21:23:20,125 INFO Action Update: [ 0.25156478  0.5406729   0.17868511  0.02744638]
2016-12-08 21:23:25,462 INFO Evidence Update: [ 0.31747893  0.66691765  0.01048306  0.        ]
2016-12-08 21:23:27,675 INFO Action Prediction for win: [ 0.16044229  0.55930938  0.23336577  0.0417622 ]
2016-12-08 21:23:28,177 INFO Action Update: [ 0.16044229  0.55930938  0.23336577  0.0417622 ]
2016-12-08 21:23:33,512 INFO Evidence Update: [ 0.2227307   0.75397249  0.01476869  0.        ]
2016-12-08 21:23:35,723 INFO Action Prediction for win: [ 0.12693859  0.5643396   0.25288342  0.04731027]
2016-12-08 21:23:36,226 INFO Action Update: [ 0.12693859  0.5643396   0.25288342  0.04731027]
2016-12-08 21:35:50,187 INFO Evidence Update: [ 1.  0.  0.  0.]
2016-12-08 21:35:52,550 INFO Action Prediction for win: [ 0.4   0.5   0.09  0.01]
2016-12-08 21:35:53,053 INFO Action Prediction for win: [ 0.4   0.5   0.09  0.01]
2016-12-08 21:35:53,557 INFO Action Prediction for win: [ 0.4   0.5   0.09  0.01]
2016-12-08 21:35:54,060 INFO Action Prediction for win: [ 0.4   0.5   0.09  0.01]
2016-12-08 21:35:54,564 INFO Action Prediction for win: [ 0.4   0.5   0.09  0.01]
2016-12-08 21:35:55,067 INFO Action Prediction for win: [ 0.4   0.5   0.09  0.01]
2016-12-08 21:35:55,569 INFO Action Prediction for win: [ 0.4   0.5   0.09  0.01]
2016-12-08 21:35:56,071 INFO Action Prediction for win: [ 0.4   0.5   0.09  0.01]
2016-12-08 21:35:56,574 INFO Action Prediction for win: [ 0.4   0.5   0.09  0.01]
2016-12-08 21:35:57,077 INFO Action Prediction for win: [ 0.4   0.5   0.09  0.01]
2016-12-08 21:35:57,580 INFO Action Update: [ 0.4   0.5   0.09  0.01]
2016-12-08 21:36:05,945 INFO Evidence Update: [ 0.00143635  0.06826586  0.88442315  0.        ]
2016-12-08 21:36:08,206 INFO Action Prediction for win: [ 0.01283206  0.07705462  0.41859944  0.44563923]
2016-12-08 21:36:08,709 INFO Action Update: [ 0.01283206  0.07705462  0.41859944  0.44563923]
2016-12-08 21:36:13,232 INFO Evidence Update: [ 0.06763598  0.43073005  0.13103055  0.        ]
2016-12-08 21:36:15,444 INFO Action Prediction for win: [ 0.0499012   0.29749724  0.19427     0.08772814]
2016-12-08 21:36:15,947 INFO Action Update: [ 0.0499012   0.29749724  0.19427     0.08772814]
2016-12-08 21:36:19,375 INFO Evidence Update: [ 0.30000948  0.63899339  0.00265164  0.        ]
2016-12-08 21:36:21,591 INFO Action Prediction for win: [ 0.15197998  0.53350684  0.21989211  0.03627559]
2016-12-08 21:36:22,093 INFO Action Update: [ 0.15197998  0.53350684  0.21989211  0.03627559]
2016-12-08 21:36:25,900 INFO Evidence Update: [ 0.34834128  0.63890125  0.00357907  0.        ]
2016-12-08 21:36:28,112 INFO Action Prediction for win: [ 0.17131737  0.55765456  0.22463168  0.03721801]
2016-12-08 21:36:28,614 INFO Action Update: [ 0.17131737  0.55765456  0.22463168  0.03721801]
2016-12-08 21:36:32,808 INFO Evidence Update: [ 0.29188637  0.69291102  0.00739094  0.        ]
2016-12-08 21:36:35,021 INFO Action Prediction for win: [ 0.15147401  0.56198544  0.237469    0.04125989]
2016-12-08 21:36:35,524 INFO Action Update: [ 0.15147401  0.56198544  0.237469    0.04125989]
2016-12-08 21:36:41,649 INFO Evidence Update: [ 0.03059515  0.59994483  0.35257681  0.        ]
2016-12-08 21:36:43,860 INFO Action Prediction for win: [ 0.04576107  0.38936754  0.34139658  0.2065916 ]
2016-12-08 21:36:44,362 INFO Action Update: [ 0.04576107  0.38936754  0.34139658  0.2065916 ]
2016-12-08 21:36:49,331 INFO Evidence Update: [ 0.05869303  0.79144206  0.0867708   0.        ]
2016-12-08 21:36:51,539 INFO Action Prediction for win: [ 0.06391702  0.50768258  0.28176185  0.08354443]
2016-12-08 21:36:52,042 INFO Action Update: [ 0.06391702  0.50768258  0.28176185  0.08354443]
2016-12-08 21:36:58,940 INFO Evidence Update: [ 0.0022625   0.20561347  0.7437606   0.        ]
2016-12-08 21:37:01,154 INFO Action Prediction for win: [ 0.01862328  0.15424975  0.39657994  0.3821836 ]
2016-12-08 21:37:01,658 INFO Action Update: [ 0.01862328  0.15424975  0.39657994  0.3821836 ]
2016-12-08 21:37:05,457 INFO Evidence Update: [ 0.12982925  0.55729577  0.01916014  0.        ]
2016-12-08 21:37:07,672 INFO Action Prediction for win: [ 0.07998809  0.40005849  0.18749543  0.03874315]
2016-12-08 21:37:08,175 INFO Action Update: [ 0.07998809  0.40005849  0.18749543  0.03874315]
2016-12-08 21:37:44,656 INFO Evidence Update: [ 1.  0.  0.  0.]
2016-12-08 21:37:47,016 INFO Action Prediction for win: [ 0.4   0.5   0.09  0.01]
2016-12-08 21:37:47,519 INFO Action Prediction for win: [ 0.4   0.5   0.09  0.01]
2016-12-08 21:37:48,023 INFO Action Prediction for win: [ 0.4   0.5   0.09  0.01]
2016-12-08 21:37:48,527 INFO Action Prediction for win: [ 0.4   0.5   0.09  0.01]
2016-12-08 21:37:49,030 INFO Action Prediction for win: [ 0.4   0.5   0.09  0.01]
2016-12-08 21:37:49,533 INFO Action Prediction for win: [ 0.4   0.5   0.09  0.01]
2016-12-08 21:37:50,035 INFO Action Prediction for win: [ 0.4   0.5   0.09  0.01]
2016-12-08 21:37:50,537 INFO Action Prediction for win: [ 0.4   0.5   0.09  0.01]
2016-12-08 21:37:51,039 INFO Action Prediction for win: [ 0.4   0.5   0.09  0.01]
2016-12-08 21:37:51,541 INFO Action Prediction for win: [ 0.4   0.5   0.09  0.01]
2016-12-08 21:37:52,044 INFO Action Prediction for win: [ 0.4   0.5   0.09  0.01]
2016-12-08 21:37:52,547 INFO Action Prediction for win: [ 0.4   0.5   0.09  0.01]
2016-12-08 21:37:53,049 INFO Action Prediction for win: [ 0.4   0.5   0.09  0.01]
2016-12-08 21:37:53,552 INFO Action Prediction for win: [ 0.4   0.5   0.09  0.01]
2016-12-08 21:37:54,054 INFO Action Prediction for win: [ 0.4   0.5   0.09  0.01]
2016-12-08 21:37:54,556 INFO Action Prediction for win: [ 0.4   0.5   0.09  0.01]
2016-12-08 21:37:55,060 INFO Action Prediction for win: [ 0.4   0.5   0.09  0.01]
2016-12-08 21:37:55,564 INFO Action Prediction for win: [ 0.4   0.5   0.09  0.01]
2016-12-08 21:37:56,067 INFO Action Prediction for win: [ 0.4   0.5   0.09  0.01]
2016-12-08 21:37:56,570 INFO Action Prediction for win: [ 0.4   0.5   0.09  0.01]
2016-12-08 21:37:57,073 INFO Action Prediction for win: [ 0.4   0.5   0.09  0.01]
2016-12-08 21:37:57,576 INFO Action Prediction for win: [ 0.4   0.5   0.09  0.01]
2016-12-08 21:37:58,079 INFO Action Prediction for win: [ 0.4   0.5   0.09  0.01]
2016-12-08 21:37:58,582 INFO Action Prediction for win: [ 0.4   0.5   0.09  0.01]
2016-12-08 21:37:59,084 INFO Action Prediction for win: [ 0.4   0.5   0.09  0.01]
2016-12-08 21:37:59,586 INFO Action Update: [ 0.4   0.5   0.09  0.01]
2016-12-08 21:38:04,600 INFO Evidence Update: [ 0.37111111  0.61728082  0.00979512  0.        ]
2016-12-08 21:38:06,809 INFO Action Prediction for win: [ 0.17940643  0.55631585  0.22299205  0.03947271]
2016-12-08 21:38:07,312 INFO Action Update: [ 0.17940643  0.55631585  0.22299205  0.03947271]
2016-12-08 21:38:11,508 INFO Evidence Update: [ 0.30185451  0.68271504  0.00724838  0.        ]
2016-12-08 21:38:13,717 INFO Action Prediction for win: [ 0.15495004  0.56084621  0.23524319  0.04077849]
2016-12-08 21:38:14,219 INFO Action Update: [ 0.15495004  0.56084621  0.23524319  0.04077849]
2016-12-08 21:39:55,714 INFO Evidence Update: [ 1.  0.  0.  0.]
2016-12-08 21:39:58,077 INFO Action Prediction for win: [ 0.4   0.5   0.09  0.01]
2016-12-08 21:39:58,581 INFO Action Prediction for win: [ 0.4   0.5   0.09  0.01]
2016-12-08 21:39:59,084 INFO Action Prediction for win: [ 0.4   0.5   0.09  0.01]
2016-12-08 21:39:59,586 INFO Action Prediction for win: [ 0.4   0.5   0.09  0.01]
2016-12-08 21:40:00,089 INFO Action Prediction for win: [ 0.4   0.5   0.09  0.01]
2016-12-08 21:40:00,591 INFO Action Update: [ 0.4   0.5   0.09  0.01]
2016-12-08 21:40:04,541 INFO Evidence Update: [ 0.63354914  0.36403809  0.00068937  0.        ]
2016-12-08 21:40:06,752 INFO Action Prediction for win: [ 0.27162845  0.53522499  0.16654106  0.02488208]
2016-12-08 21:40:07,256 INFO Action Prediction for win: [ 0.27162845  0.53522499  0.16654106  0.02488208]
2016-12-08 21:40:07,759 INFO Action Prediction for win: [ 0.27162845  0.53522499  0.16654106  0.02488208]
2016-12-08 21:40:08,262 INFO Action Prediction for win: [ 0.27162845  0.53522499  0.16654106  0.02488208]
2016-12-08 21:40:08,764 INFO Action Prediction for win: [ 0.27162845  0.53522499  0.16654106  0.02488208]
2016-12-08 21:40:09,267 INFO Action Update: [ 0.27162845  0.53522499  0.16654106  0.02488208]
2016-12-08 21:40:11,434 INFO Evidence Update: [ 0.39716521  0.59299127  0.00527451  0.        ]
2016-12-08 21:40:13,647 INFO Action Prediction for win: [ 0.18856839  0.55458835  0.21601578  0.03625847]
2016-12-08 21:40:14,149 INFO Action Prediction for win: [ 0.18856839  0.55458835  0.21601578  0.03625847]
2016-12-08 21:40:14,652 INFO Action Prediction for win: [ 0.18856839  0.55458835  0.21601578  0.03625847]
2016-12-08 21:40:15,155 INFO Action Prediction for win: [ 0.18856839  0.55458835  0.21601578  0.03625847]
2016-12-08 21:40:15,657 INFO Action Prediction for win: [ 0.18856839  0.55458835  0.21601578  0.03625847]
2016-12-08 21:40:16,158 INFO Action Update: [ 0.18856839  0.55458835  0.21601578  0.03625847]
2016-12-08 21:40:17,990 INFO Evidence Update: [ 0.38360027  0.6048471   0.00337137  0.        ]
2016-12-08 21:40:20,202 INFO Action Prediction for win: [ 0.18371618  0.55484325  0.21749527  0.03576404]
2016-12-08 21:40:20,705 INFO Action Prediction for win: [ 0.18371618  0.55484325  0.21749527  0.03576404]
2016-12-08 21:40:21,208 INFO Action Prediction for win: [ 0.18371618  0.55484325  0.21749527  0.03576404]
2016-12-08 21:40:21,711 INFO Action Prediction for win: [ 0.18371618  0.55484325  0.21749527  0.03576404]
2016-12-08 21:40:22,214 INFO Action Prediction for win: [ 0.18371618  0.55484325  0.21749527  0.03576404]
2016-12-08 21:40:22,717 INFO Action Update: [ 0.18371618  0.55484325  0.21749527  0.03576404]
2016-12-08 21:40:25,256 INFO Evidence Update: [ 0.22601989  0.74921691  0.0176149   0.        ]
2016-12-08 21:40:27,463 INFO Action Prediction for win: [ 0.12804495  0.56324469  0.25303357  0.04852849]
2016-12-08 21:40:27,967 INFO Action Prediction for win: [ 0.12804495  0.56324469  0.25303357  0.04852849]
2016-12-08 21:40:28,469 INFO Action Prediction for win: [ 0.12804495  0.56324469  0.25303357  0.04852849]
2016-12-08 21:40:28,971 INFO Action Prediction for win: [ 0.12804495  0.56324469  0.25303357  0.04852849]
2016-12-08 21:40:29,473 INFO Action Prediction for win: [ 0.12804495  0.56324469  0.25303357  0.04852849]
2016-12-08 21:40:29,975 INFO Action Update: [ 0.12804495  0.56324469  0.25303357  0.04852849]
2016-12-08 21:40:42,174 INFO Evidence Update: [  0.00000000e+00   0.00000000e+00   1.98715272e-10   0.00000000e+00]
2016-12-08 21:40:44,383 INFO Action Prediction for win: [  1.98715272e-12   7.94861088e-12   8.94218724e-11   9.93576360e-11]
2016-12-08 21:40:44,887 INFO Action Prediction for win: [  1.98715272e-12   7.94861088e-12   8.94218724e-11   9.93576360e-11]
2016-12-08 21:40:45,390 INFO Action Prediction for win: [  1.98715272e-12   7.94861088e-12   8.94218724e-11   9.93576360e-11]
2016-12-08 21:40:45,893 INFO Action Prediction for win: [  1.98715272e-12   7.94861088e-12   8.94218724e-11   9.93576360e-11]
2016-12-08 21:40:46,396 INFO Action Prediction for win: [  1.98715272e-12   7.94861088e-12   8.94218724e-11   9.93576360e-11]
2016-12-08 21:40:46,899 INFO Action Update: [  1.98715272e-12   7.94861088e-12   8.94218724e-11   9.93576360e-11]
2016-12-08 21:40:48,698 INFO Evidence Update: [ 0.11220536  0.23351384  0.03540464  0.        ]
2016-12-08 21:40:50,910 INFO Action Prediction for win: [ 0.05691188  0.19762717  0.09608472  0.03050007]
2016-12-08 21:40:51,414 INFO Action Prediction for win: [ 0.05691188  0.19762717  0.09608472  0.03050007]
2016-12-08 21:40:51,916 INFO Action Prediction for win: [ 0.05691188  0.19762717  0.09608472  0.03050007]
2016-12-08 21:40:52,418 INFO Action Prediction for win: [ 0.05691188  0.19762717  0.09608472  0.03050007]
2016-12-08 21:40:52,920 INFO Action Prediction for win: [ 0.05691188  0.19762717  0.09608472  0.03050007]
2016-12-08 21:40:53,421 INFO Action Update: [ 0.05691188  0.19762717  0.09608472  0.03050007]
2016-12-08 21:44:36,558 INFO Evidence Update: [ 1.  0.  0.  0.]
2016-12-08 21:44:38,915 INFO Action Prediction for win: [ 0.4   0.5   0.09  0.01]
2016-12-08 21:44:39,416 INFO Action Prediction for win: [ 0.4   0.5   0.09  0.01]
2016-12-08 21:44:39,919 INFO Action Prediction for win: [ 0.4   0.5   0.09  0.01]
2016-12-08 21:44:40,422 INFO Action Prediction for win: [ 0.4   0.5   0.09  0.01]
2016-12-08 21:44:40,925 INFO Action Prediction for win: [ 0.4   0.5   0.09  0.01]
2016-12-08 21:44:41,428 INFO Action Update: [ 0.4   0.5   0.09  0.01]
2016-12-08 21:44:45,758 INFO Evidence Update: [ 0.54165959  0.45489216  0.0018401   0.        ]
2016-12-08 21:44:47,972 INFO Action Prediction for win: [ 0.23942685  0.5438387   0.18604506  0.02908126]
2016-12-08 21:44:48,474 INFO Action Prediction for win: [ 0.23942685  0.5438387   0.18604506  0.02908126]
2016-12-08 21:44:48,976 INFO Action Prediction for win: [ 0.23942685  0.5438387   0.18604506  0.02908126]
2016-12-08 21:44:49,480 INFO Action Prediction for win: [ 0.23942685  0.5438387   0.18604506  0.02908126]
2016-12-08 21:44:49,983 INFO Action Prediction for win: [ 0.23942685  0.5438387   0.18604506  0.02908126]
2016-12-08 21:44:50,485 INFO Action Update: [ 0.23942685  0.5438387   0.18604506  0.02908126]
2016-12-08 21:44:52,316 INFO Evidence Update: [ 0.44727512  0.54404325  0.00265718  0.        ]
2016-12-08 21:44:54,575 INFO Action Prediction for win: [ 0.20613878  0.5501698   0.20466347  0.0330035 ]
2016-12-08 21:44:55,076 INFO Action Prediction for win: [ 0.20613878  0.5501698   0.20466347  0.0330035 ]
2016-12-08 21:44:55,579 INFO Action Prediction for win: [ 0.20613878  0.5501698   0.20466347  0.0330035 ]
2016-12-08 21:44:56,082 INFO Action Prediction for win: [ 0.20613878  0.5501698   0.20466347  0.0330035 ]
2016-12-08 21:44:56,586 INFO Action Prediction for win: [ 0.20613878  0.5501698   0.20466347  0.0330035 ]
2016-12-08 21:44:57,089 INFO Action Update: [ 0.20613878  0.5501698   0.20466347  0.0330035 ]
2016-12-08 21:44:59,184 INFO Evidence Update: [ 0.33214399  0.65465208  0.00661249  0.        ]
2016-12-08 21:45:01,397 INFO Action Prediction for win: [ 0.16565632  0.55912774  0.2292642   0.03936029]
2016-12-08 21:45:01,899 INFO Action Prediction for win: [ 0.16565632  0.55912774  0.2292642   0.03936029]
2016-12-08 21:45:02,401 INFO Action Prediction for win: [ 0.16565632  0.55912774  0.2292642   0.03936029]
2016-12-08 21:45:02,903 INFO Action Prediction for win: [ 0.16565632  0.55912774  0.2292642   0.03936029]
2016-12-08 21:45:03,406 INFO Action Prediction for win: [ 0.16565632  0.55912774  0.2292642   0.03936029]
2016-12-08 21:45:03,909 INFO Action Update: [ 0.16565632  0.55912774  0.2292642   0.03936029]
2016-12-08 21:45:08,795 INFO Evidence Update: [ 0.00680698  0.26301659  0.70368151  0.        ]
2016-12-08 21:45:11,009 INFO Action Prediction for win: [ 0.02291044  0.18936071  0.39617428  0.36505965]
2016-12-08 21:45:11,511 INFO Action Prediction for win: [ 0.02291044  0.18936071  0.39617428  0.36505965]
2016-12-08 21:45:12,012 INFO Action Prediction for win: [ 0.02291044  0.18936071  0.39617428  0.36505965]
2016-12-08 21:45:12,515 INFO Action Prediction for win: [ 0.02291044  0.18936071  0.39617428  0.36505965]
2016-12-08 21:45:13,018 INFO Action Prediction for win: [ 0.02291044  0.18936071  0.39617428  0.36505965]
2016-12-08 21:45:13,521 INFO Action Update: [ 0.02291044  0.18936071  0.39617428  0.36505965]
2016-12-08 21:45:15,707 INFO Evidence Update: [ 0.10679429  0.64688444  0.03618966  0.        ]
2016-12-08 21:45:17,915 INFO Action Prediction for win: [ 0.07542383  0.44297539  0.21996217  0.051507  ]
2016-12-08 21:45:18,419 INFO Action Prediction for win: [ 0.07542383  0.44297539  0.21996217  0.051507  ]
2016-12-08 21:45:18,922 INFO Action Prediction for win: [ 0.07542383  0.44297539  0.21996217  0.051507  ]
2016-12-08 21:45:19,424 INFO Action Prediction for win: [ 0.07542383  0.44297539  0.21996217  0.051507  ]
2016-12-08 21:45:19,927 INFO Action Prediction for win: [ 0.07542383  0.44297539  0.21996217  0.051507  ]
2016-12-08 21:45:20,430 INFO Action Update: [ 0.07542383  0.44297539  0.21996217  0.051507  ]
2016-12-08 21:45:23,018 INFO Evidence Update: [ 0.12404634  0.83458208  0.02707588  0.        ]
2016-12-08 21:45:25,228 INFO Action Prediction for win: [ 0.0916184   0.56385546  0.27372294  0.05650751]
2016-12-08 21:45:25,731 INFO Action Prediction for win: [ 0.0916184   0.56385546  0.27372294  0.05650751]
2016-12-08 21:45:26,233 INFO Action Prediction for win: [ 0.0916184   0.56385546  0.27372294  0.05650751]
2016-12-08 21:45:26,736 INFO Action Prediction for win: [ 0.0916184   0.56385546  0.27372294  0.05650751]
2016-12-08 21:45:27,239 INFO Action Prediction for win: [ 0.0916184   0.56385546  0.27372294  0.05650751]
2016-12-08 21:45:27,742 INFO Action Update: [ 0.0916184   0.56385546  0.27372294  0.05650751]
2016-12-08 21:46:01,556 INFO Evidence Update: [ 1.  0.  0.  0.]
2016-12-08 21:46:03,918 INFO Action Prediction for win: [ 0.4   0.5   0.09  0.01]
2016-12-08 21:46:04,421 INFO Action Prediction for win: [ 0.4   0.5   0.09  0.01]
2016-12-08 21:46:04,924 INFO Action Prediction for win: [ 0.4   0.5   0.09  0.01]
2016-12-08 21:46:05,427 INFO Action Prediction for win: [ 0.4   0.5   0.09  0.01]
2016-12-08 21:46:05,930 INFO Action Prediction for win: [ 0.4   0.5   0.09  0.01]
2016-12-08 21:46:06,433 INFO Action Update: [ 0.4   0.5   0.09  0.01]
2016-12-08 21:46:11,920 INFO Evidence Update: [ 0.26483526  0.70425483  0.02856323  0.        ]
2016-12-08 21:46:14,133 INFO Action Prediction for win: [ 0.14143248  0.55611306  0.24796508  0.05214271]
2016-12-08 21:46:14,637 INFO Action Prediction for win: [ 0.14143248  0.55611306  0.24796508  0.05214271]
2016-12-08 21:46:15,139 INFO Action Prediction for win: [ 0.14143248  0.55611306  0.24796508  0.05214271]
2016-12-08 21:46:15,640 INFO Action Prediction for win: [ 0.14143248  0.55611306  0.24796508  0.05214271]
2016-12-08 21:46:16,143 INFO Action Prediction for win: [ 0.14143248  0.55611306  0.24796508  0.05214271]
2016-12-08 21:46:16,645 INFO Action Update: [ 0.14143248  0.55611306  0.24796508  0.05214271]
2016-12-08 21:46:47,220 INFO Evidence Update: [ 1.  0.  0.  0.]
2016-12-08 21:46:49,631 INFO Action Prediction for win: [ 0.4   0.5   0.09  0.01]
2016-12-08 21:46:50,135 INFO Action Prediction for win: [ 0.4   0.5   0.09  0.01]
2016-12-08 21:46:50,638 INFO Action Prediction for win: [ 0.4   0.5   0.09  0.01]
2016-12-08 21:46:51,142 INFO Action Prediction for win: [ 0.4   0.5   0.09  0.01]
2016-12-08 21:46:51,646 INFO Action Prediction for win: [ 0.4   0.5   0.09  0.01]
2016-12-08 21:46:52,150 INFO Action Update: [ 0.4   0.5   0.09  0.01]
2016-12-08 21:47:14,913 INFO Evidence Update: [ 1.  0.  0.  0.]
2016-12-08 21:47:17,222 INFO Action Prediction for win: [ 0.4   0.5   0.09  0.01]
2016-12-08 21:47:17,725 INFO Action Prediction for win: [ 0.4   0.5   0.09  0.01]
2016-12-08 21:47:18,228 INFO Action Prediction for win: [ 0.4   0.5   0.09  0.01]
2016-12-08 21:47:18,731 INFO Action Prediction for win: [ 0.4   0.5   0.09  0.01]
2016-12-08 21:47:19,236 INFO Action Prediction for win: [ 0.4   0.5   0.09  0.01]
2016-12-08 21:47:19,739 INFO Action Update: [ 0.4   0.5   0.09  0.01]
2016-12-08 21:47:24,126 INFO Evidence Update: [ 0.52690933  0.4693497   0.00213593  0.        ]
2016-12-08 21:47:26,340 INFO Action Prediction for win: [ 0.23425258  0.54514992  0.18918792  0.02980454]
2016-12-08 21:47:26,842 INFO Action Prediction for win: [ 0.23425258  0.54514992  0.18918792  0.02980454]
2016-12-08 21:47:27,345 INFO Action Prediction for win: [ 0.23425258  0.54514992  0.18918792  0.02980454]
2016-12-08 21:47:27,848 INFO Action Prediction for win: [ 0.23425258  0.54514992  0.18918792  0.02980454]
2016-12-08 21:47:28,352 INFO Action Prediction for win: [ 0.23425258  0.54514992  0.18918792  0.02980454]
2016-12-08 21:47:28,855 INFO Action Update: [ 0.23425258  0.54514992  0.18918792  0.02980454]
2016-12-08 21:47:30,656 INFO Evidence Update: [ 0.44722352  0.54392793  0.00256688  0.        ]
2016-12-08 21:47:32,867 INFO Action Prediction for win: [ 0.20611147  0.55007119  0.20458359  0.03295207]
2016-12-08 21:47:33,372 INFO Action Prediction for win: [ 0.20611147  0.55007119  0.20458359  0.03295207]
2016-12-08 21:47:33,875 INFO Action Prediction for win: [ 0.20611147  0.55007119  0.20458359  0.03295207]
2016-12-08 21:47:34,377 INFO Action Prediction for win: [ 0.20611147  0.55007119  0.20458359  0.03295207]
2016-12-08 21:47:34,879 INFO Action Prediction for win: [ 0.20611147  0.55007119  0.20458359  0.03295207]
2016-12-08 21:47:35,383 INFO Action Update: [ 0.20611147  0.55007119  0.20458359  0.03295207]
2016-12-08 21:47:37,568 INFO Evidence Update: [ 0.32404648  0.66222123  0.00719002  0.        ]
2016-12-08 21:47:39,777 INFO Action Prediction for win: [ 0.16280156  0.55964358  0.23106606  0.03994654]
2016-12-08 21:47:40,281 INFO Action Prediction for win: [ 0.16280156  0.55964358  0.23106606  0.03994654]
2016-12-08 21:47:40,784 INFO Action Prediction for win: [ 0.16280156  0.55964358  0.23106606  0.03994654]
2016-12-08 21:47:41,288 INFO Action Prediction for win: [ 0.16280156  0.55964358  0.23106606  0.03994654]
2016-12-08 21:47:41,791 INFO Action Prediction for win: [ 0.16280156  0.55964358  0.23106606  0.03994654]
2016-12-08 21:47:42,294 INFO Action Update: [ 0.16280156  0.55964358  0.23106606  0.03994654]
2016-12-08 21:47:44,104 INFO Evidence Update: [ 0.35234064  0.63453133  0.00357989  0.        ]
2016-12-08 21:47:46,311 INFO Action Prediction for win: [ 0.17269862  0.55703231  0.22368101  0.03703992]
2016-12-08 21:47:46,816 INFO Action Prediction for win: [ 0.17269862  0.55703231  0.22368101  0.03703992]
2016-12-08 21:47:47,319 INFO Action Prediction for win: [ 0.17269862  0.55703231  0.22368101  0.03703992]
2016-12-08 21:47:47,823 INFO Action Prediction for win: [ 0.17269862  0.55703231  0.22368101  0.03703992]
2016-12-08 21:47:48,326 INFO Action Prediction for win: [ 0.17269862  0.55703231  0.22368101  0.03703992]
2016-12-08 21:47:48,828 INFO Action Update: [ 0.17269862  0.55703231  0.22368101  0.03703992]
2016-12-08 21:47:50,625 INFO Evidence Update: [ 0.36965918  0.61827609  0.00332374  0.        ]
2016-12-08 21:47:52,834 INFO Action Prediction for win: [ 0.17881072  0.55592819  0.22024784  0.03627227]
2016-12-08 21:47:53,336 INFO Action Prediction for win: [ 0.17881072  0.55592819  0.22024784  0.03627227]
2016-12-08 21:47:53,845 INFO Action Prediction for win: [ 0.17881072  0.55592819  0.22024784  0.03627227]
2016-12-08 21:47:54,348 INFO Action Prediction for win: [ 0.17881072  0.55592819  0.22024784  0.03627227]
2016-12-08 21:47:54,851 INFO Action Prediction for win: [ 0.17881072  0.55592819  0.22024784  0.03627227]
2016-12-08 21:47:55,354 INFO Action Update: [ 0.17881072  0.55592819  0.22024784  0.03627227]
2016-12-08 21:48:00,621 INFO Evidence Update: [ 0.00323617  0.1604603   0.80500628  0.        ]
2016-12-08 21:48:02,831 INFO Action Prediction for win: [ 0.01736755  0.13009451  0.41068217  0.41055852]
2016-12-08 21:48:03,335 INFO Action Prediction for win: [ 0.01736755  0.13009451  0.41068217  0.41055852]
2016-12-08 21:48:03,838 INFO Action Prediction for win: [ 0.01736755  0.13009451  0.41068217  0.41055852]
2016-12-08 21:48:04,341 INFO Action Prediction for win: [ 0.01736755  0.13009451  0.41068217  0.41055852]
2016-12-08 21:48:04,844 INFO Action Prediction for win: [ 0.01736755  0.13009451  0.41068217  0.41055852]
2016-12-08 21:48:05,347 INFO Action Update: [ 0.01736755  0.13009451  0.41068217  0.41055852]
2016-12-08 21:48:06,767 INFO Evidence Update: [ 0.16293495  0.39456911  0.00648132  0.        ]
2016-12-08 21:48:08,976 INFO Action Prediction for win: [ 0.08496725  0.31846819  0.13595147  0.02459847]
2016-12-08 21:48:09,481 INFO Action Prediction for win: [ 0.08496725  0.31846819  0.13595147  0.02459847]
2016-12-08 21:48:09,985 INFO Action Prediction for win: [ 0.08496725  0.31846819  0.13595147  0.02459847]
2016-12-08 21:48:10,489 INFO Action Prediction for win: [ 0.08496725  0.31846819  0.13595147  0.02459847]
2016-12-08 21:48:10,993 INFO Action Prediction for win: [ 0.08496725  0.31846819  0.13595147  0.02459847]
2016-12-08 21:48:11,497 INFO Action Update: [ 0.08496725  0.31846819  0.13595147  0.02459847]
2016-12-08 21:48:13,289 INFO Evidence Update: [ 0.33302054  0.65254499  0.00379049  0.        ]
2016-12-08 21:48:15,498 INFO Action Prediction for win: [ 0.16587337  0.55818888  0.22744107  0.0378527 ]
2016-12-08 21:48:16,003 INFO Action Prediction for win: [ 0.16587337  0.55818888  0.22744107  0.0378527 ]
2016-12-08 21:48:16,507 INFO Action Prediction for win: [ 0.16587337  0.55818888  0.22744107  0.0378527 ]
2016-12-08 21:48:17,011 INFO Action Prediction for win: [ 0.16587337  0.55818888  0.22744107  0.0378527 ]
2016-12-08 21:48:17,515 INFO Action Prediction for win: [ 0.16587337  0.55818888  0.22744107  0.0378527 ]
2016-12-08 21:48:18,019 INFO Action Update: [ 0.16587337  0.55818888  0.22744107  0.0378527 ]
2016-12-08 21:48:20,179 INFO Evidence Update: [ 0.27883357  0.70513129  0.00807822  0.        ]
2016-12-08 21:48:22,390 INFO Action Prediction for win: [ 0.14687077  0.56281869  0.24026961  0.04208401]
2016-12-08 21:48:22,892 INFO Action Prediction for win: [ 0.14687077  0.56281869  0.24026961  0.04208401]
2016-12-08 21:48:23,396 INFO Action Prediction for win: [ 0.14687077  0.56281869  0.24026961  0.04208401]
2016-12-08 21:48:23,900 INFO Action Prediction for win: [ 0.14687077  0.56281869  0.24026961  0.04208401]
2016-12-08 21:48:24,404 INFO Action Prediction for win: [ 0.14687077  0.56281869  0.24026961  0.04208401]
2016-12-08 21:48:24,908 INFO Action Update: [ 0.14687077  0.56281869  0.24026961  0.04208401]
2016-12-08 21:48:26,714 INFO Evidence Update: [ 0.33683691  0.64908294  0.00348853  0.        ]
2016-12-08 21:48:28,925 INFO Action Prediction for win: [ 0.1672238   0.55800776  0.22661004  0.03756678]
2016-12-08 21:48:29,429 INFO Action Prediction for win: [ 0.1672238   0.55800776  0.22661004  0.03756678]
2016-12-08 21:48:29,933 INFO Action Prediction for win: [ 0.1672238   0.55800776  0.22661004  0.03756678]
2016-12-08 21:48:30,437 INFO Action Prediction for win: [ 0.1672238   0.55800776  0.22661004  0.03756678]
2016-12-08 21:48:30,941 INFO Action Prediction for win: [ 0.1672238   0.55800776  0.22661004  0.03756678]
2016-12-08 21:48:31,444 INFO Action Update: [ 0.1672238   0.55800776  0.22661004  0.03756678]
2016-12-08 21:48:33,629 INFO Evidence Update: [ 0.27555711  0.70811095  0.00849087  0.        ]
2016-12-08 21:48:35,838 INFO Action Prediction for win: [ 0.1457133   0.56298476  0.24105432  0.04240655]
2016-12-08 21:48:36,342 INFO Action Prediction for win: [ 0.1457133   0.56298476  0.24105432  0.04240655]
2016-12-08 21:48:36,845 INFO Action Prediction for win: [ 0.1457133   0.56298476  0.24105432  0.04240655]
2016-12-08 21:48:37,349 INFO Action Prediction for win: [ 0.1457133   0.56298476  0.24105432  0.04240655]
2016-12-08 21:48:37,853 INFO Action Prediction for win: [ 0.1457133   0.56298476  0.24105432  0.04240655]
2016-12-08 21:48:38,357 INFO Action Update: [ 0.1457133   0.56298476  0.24105432  0.04240655]
2016-12-08 21:48:42,098 INFO Evidence Update: [ 0.05536104  0.74148084  0.1899467   0.        ]
2016-12-08 21:48:44,362 INFO Action Prediction for win: [ 0.06111792  0.48016689  0.31290276  0.132601  ]
2016-12-08 21:48:44,864 INFO Action Prediction for win: [ 0.06111792  0.48016689  0.31290276  0.132601  ]
2016-12-08 21:48:45,367 INFO Action Prediction for win: [ 0.06111792  0.48016689  0.31290276  0.132601  ]
2016-12-08 21:48:45,871 INFO Action Prediction for win: [ 0.06111792  0.48016689  0.31290276  0.132601  ]
2016-12-08 21:48:46,375 INFO Action Prediction for win: [ 0.06111792  0.48016689  0.31290276  0.132601  ]
2016-12-08 21:48:46,879 INFO Action Update: [ 0.06111792  0.48016689  0.31290276  0.132601  ]
2016-12-08 21:50:04,351 INFO Evidence Update: [ 1.  0.  0.  0.]
2016-12-08 21:50:06,709 INFO Action Prediction for win: [ 0.4   0.5   0.09  0.01]
2016-12-08 21:50:07,211 INFO Action Prediction for win: [ 0.4   0.5   0.09  0.01]
2016-12-08 21:50:07,714 INFO Action Prediction for win: [ 0.4   0.5   0.09  0.01]
2016-12-08 21:50:08,218 INFO Action Prediction for win: [ 0.4   0.5   0.09  0.01]
2016-12-08 21:50:08,722 INFO Action Prediction for win: [ 0.4   0.5   0.09  0.01]
2016-12-08 21:50:09,225 INFO Action Update: [ 0.4   0.5   0.09  0.01]
2016-12-08 21:50:11,273 INFO Evidence Update: [ 0.48011716  0.51486707  0.00339594  0.        ]
2016-12-08 21:50:13,484 INFO Action Prediction for win: [ 0.21782418  0.54911466  0.19919884  0.0322425 ]
2016-12-08 21:50:13,989 INFO Action Prediction for win: [ 0.21782418  0.54911466  0.19919884  0.0322425 ]
2016-12-08 21:50:14,492 INFO Action Prediction for win: [ 0.21782418  0.54911466  0.19919884  0.0322425 ]
2016-12-08 21:50:14,995 INFO Action Prediction for win: [ 0.21782418  0.54911466  0.19919884  0.0322425 ]
2016-12-08 21:50:15,498 INFO Action Prediction for win: [ 0.21782418  0.54911466  0.19919884  0.0322425 ]
2016-12-08 21:50:16,001 INFO Action Update: [ 0.21782418  0.54911466  0.19919884  0.0322425 ]
2016-12-08 21:50:17,822 INFO Evidence Update: [ 0.43394983  0.55639037  0.00259948  0.        ]
2016-12-08 21:50:20,032 INFO Action Prediction for win: [ 0.20142545  0.55091312  0.20714236  0.03345876]
2016-12-08 21:50:20,537 INFO Action Prediction for win: [ 0.20142545  0.55091312  0.20714236  0.03345876]
2016-12-08 21:50:21,041 INFO Action Prediction for win: [ 0.20142545  0.55091312  0.20714236  0.03345876]
2016-12-08 21:50:21,544 INFO Action Prediction for win: [ 0.20142545  0.55091312  0.20714236  0.03345876]
2016-12-08 21:50:22,047 INFO Action Prediction for win: [ 0.20142545  0.55091312  0.20714236  0.03345876]
2016-12-08 21:50:22,551 INFO Action Update: [ 0.20142545  0.55091312  0.20714236  0.03345876]
2016-12-08 21:50:26,277 INFO Evidence Update: [ 0.07510953  0.73664246  0.17731496  0.        ]
2016-12-08 21:50:28,490 INFO Action Prediction for win: [ 0.06864909  0.48663284  0.30754433  0.1262407 ]
2016-12-08 21:50:28,995 INFO Action Prediction for win: [ 0.06864909  0.48663284  0.30754433  0.1262407 ]
2016-12-08 21:50:29,499 INFO Action Prediction for win: [ 0.06864909  0.48663284  0.30754433  0.1262407 ]
2016-12-08 21:50:30,003 INFO Action Prediction for win: [ 0.06864909  0.48663284  0.30754433  0.1262407 ]
2016-12-08 21:50:30,507 INFO Action Prediction for win: [ 0.06864909  0.48663284  0.30754433  0.1262407 ]
2016-12-08 21:50:31,010 INFO Action Update: [ 0.06864909  0.48663284  0.30754433  0.1262407 ]
2016-12-08 21:50:35,850 INFO Evidence Update: [ 0.00246216  0.19265016  0.73852335  0.        ]
2016-12-08 21:50:38,064 INFO Action Prediction for win: [ 0.01800261  0.14636211  0.39035215  0.3789188 ]
2016-12-08 21:50:38,568 INFO Action Prediction for win: [ 0.01800261  0.14636211  0.39035215  0.3789188 ]
2016-12-08 21:50:39,070 INFO Action Prediction for win: [ 0.01800261  0.14636211  0.39035215  0.3789188 ]
2016-12-08 21:50:39,574 INFO Action Prediction for win: [ 0.01800261  0.14636211  0.39035215  0.3789188 ]
2016-12-08 21:50:40,078 INFO Action Prediction for win: [ 0.01800261  0.14636211  0.39035215  0.3789188 ]
2016-12-08 21:50:40,581 INFO Action Update: [ 0.01800261  0.14636211  0.39035215  0.3789188 ]
2016-12-08 21:50:42,770 INFO Evidence Update: [ 0.09565481  0.60112279  0.04769077  0.        ]
2016-12-08 21:50:44,985 INFO Action Prediction for win: [ 0.06879497  0.41040871  0.21040662  0.05485807]
2016-12-08 21:50:45,490 INFO Action Prediction for win: [ 0.06879497  0.41040871  0.21040662  0.05485807]
2016-12-08 21:50:45,993 INFO Action Prediction for win: [ 0.06879497  0.41040871  0.21040662  0.05485807]
2016-12-08 21:50:46,497 INFO Action Prediction for win: [ 0.06879497  0.41040871  0.21040662  0.05485807]
2016-12-08 21:50:47,001 INFO Action Prediction for win: [ 0.06879497  0.41040871  0.21040662  0.05485807]
2016-12-08 21:50:47,504 INFO Action Update: [ 0.06879497  0.41040871  0.21040662  0.05485807]
2016-12-08 21:50:50,829 INFO Evidence Update: [ 0.05926465  0.81240712  0.1094888   0.        ]
2016-12-08 21:50:53,047 INFO Action Prediction for win: [ 0.06542111  0.52145615  0.29832592  0.0959574 ]
2016-12-08 21:50:53,551 INFO Action Prediction for win: [ 0.06542111  0.52145615  0.29832592  0.0959574 ]
2016-12-08 21:50:54,054 INFO Action Prediction for win: [ 0.06542111  0.52145615  0.29832592  0.0959574 ]
2016-12-08 21:50:54,558 INFO Action Prediction for win: [ 0.06542111  0.52145615  0.29832592  0.0959574 ]
2016-12-08 21:50:55,060 INFO Action Prediction for win: [ 0.06542111  0.52145615  0.29832592  0.0959574 ]
2016-12-08 21:50:55,569 INFO Action Update: [ 0.06542111  0.52145615  0.29832592  0.0959574 ]
2016-12-08 21:50:57,736 INFO Evidence Update: [ 0.13587506  0.82536704  0.01365376  0.        ]
2016-12-08 21:50:59,947 INFO Action Prediction for win: [ 0.09575491  0.5637039   0.26598306  0.04945398]
2016-12-08 21:51:00,452 INFO Action Prediction for win: [ 0.09575491  0.5637039   0.26598306  0.04945398]
2016-12-08 21:51:00,954 INFO Action Prediction for win: [ 0.09575491  0.5637039   0.26598306  0.04945398]
2016-12-08 21:51:01,457 INFO Action Prediction for win: [ 0.09575491  0.5637039   0.26598306  0.04945398]
2016-12-08 21:51:01,960 INFO Action Prediction for win: [ 0.09575491  0.5637039   0.26598306  0.04945398]
2016-12-08 21:51:02,463 INFO Action Update: [ 0.09575491  0.5637039   0.26598306  0.04945398]
2016-12-08 21:51:04,281 INFO Evidence Update: [ 0.23674275  0.74470912  0.00499513  0.        ]
2016-12-08 21:51:06,546 INFO Action Prediction for win: [ 0.13198251  0.56539665  0.24696739  0.04210045]
2016-12-08 21:51:07,050 INFO Action Prediction for win: [ 0.13198251  0.56539665  0.24696739  0.04210045]
2016-12-08 21:51:07,554 INFO Action Prediction for win: [ 0.13198251  0.56539665  0.24696739  0.04210045]
2016-12-08 21:51:08,057 INFO Action Prediction for win: [ 0.13198251  0.56539665  0.24696739  0.04210045]
2016-12-08 21:51:08,559 INFO Action Prediction for win: [ 0.13198251  0.56539665  0.24696739  0.04210045]
2016-12-08 21:51:09,062 INFO Action Update: [ 0.13198251  0.56539665  0.24696739  0.04210045]
2016-12-08 21:51:11,192 INFO Evidence Update: [ 0.22839583  0.75269374  0.00968742  0.        ]
2016-12-08 21:51:13,400 INFO Action Prediction for win: [ 0.12908989  0.56620165  0.25072309  0.04476236]
2016-12-08 21:51:13,904 INFO Action Prediction for win: [ 0.12908989  0.56620165  0.25072309  0.04476236]
2016-12-08 21:51:14,407 INFO Action Prediction for win: [ 0.12908989  0.56620165  0.25072309  0.04476236]
2016-12-08 21:51:14,910 INFO Action Prediction for win: [ 0.12908989  0.56620165  0.25072309  0.04476236]
2016-12-08 21:51:15,415 INFO Action Prediction for win: [ 0.12908989  0.56620165  0.25072309  0.04476236]
2016-12-08 21:51:15,918 INFO Action Update: [ 0.12908989  0.56620165  0.25072309  0.04476236]
2016-12-08 21:51:17,718 INFO Evidence Update: [ 0.29818575  0.68622681  0.00416497  0.        ]
2016-12-08 21:51:19,932 INFO Action Prediction for win: [ 0.15362729  0.56099556  0.234579    0.03937568]
2016-12-08 21:51:20,437 INFO Action Prediction for win: [ 0.15362729  0.56099556  0.234579    0.03937568]
2016-12-08 21:51:20,941 INFO Action Prediction for win: [ 0.15362729  0.56099556  0.234579    0.03937568]
2016-12-08 21:51:21,444 INFO Action Prediction for win: [ 0.15362729  0.56099556  0.234579    0.03937568]
2016-12-08 21:51:21,948 INFO Action Prediction for win: [ 0.15362729  0.56099556  0.234579    0.03937568]
2016-12-08 21:51:22,452 INFO Action Update: [ 0.15362729  0.56099556  0.234579    0.03937568]
2016-12-08 21:56:31,081 INFO Evidence Update: [ 1.  0.  0.  0.]
2016-12-08 21:57:52,411 INFO Evidence Update: [ 1.  0.  0.  0.]
2016-12-08 21:57:54,826 INFO Action Update: [0, 0, 0, 0]
2016-12-08 21:58:02,422 INFO Evidence Update: [ nan  nan  nan  nan]
2016-12-08 21:58:04,698 INFO Action Update: [0, 0, 0, 0]
2016-12-08 21:58:12,018 INFO Evidence Update: [ nan  nan  nan  nan]
2016-12-08 21:58:14,285 INFO Action Update: [0, 0, 0, 0]
2016-12-08 21:58:18,891 INFO Evidence Update: [ nan  nan  nan  nan]
2016-12-08 21:58:21,157 INFO Action Update: [0, 0, 0, 0]
2016-12-08 21:58:26,996 INFO Evidence Update: [ nan  nan  nan  nan]
2016-12-08 21:58:29,257 INFO Action Update: [0, 0, 0, 0]
2016-12-08 21:58:33,890 INFO Evidence Update: [ nan  nan  nan  nan]
2016-12-08 21:58:36,160 INFO Action Update: [0, 0, 0, 0]
2016-12-08 21:58:40,434 INFO Evidence Update: [ nan  nan  nan  nan]
2016-12-08 21:58:42,697 INFO Action Update: [0, 0, 0, 0]
2016-12-08 21:58:47,318 INFO Evidence Update: [ nan  nan  nan  nan]
2016-12-08 21:58:49,582 INFO Action Update: [0, 0, 0, 0]
2016-12-08 21:58:53,867 INFO Evidence Update: [ nan  nan  nan  nan]
2016-12-08 21:58:56,132 INFO Action Update: [0, 0, 0, 0]
2016-12-08 21:59:00,381 INFO Evidence Update: [ nan  nan  nan  nan]
2016-12-08 21:59:02,699 INFO Action Update: [0, 0, 0, 0]
2016-12-08 21:59:08,834 INFO Evidence Update: [ nan  nan  nan  nan]
2016-12-08 21:59:11,101 INFO Action Update: [0, 0, 0, 0]
2016-12-08 21:59:17,288 INFO Evidence Update: [ nan  nan  nan  nan]
2016-12-08 21:59:19,552 INFO Action Update: [0, 0, 0, 0]
2016-12-08 21:59:23,818 INFO Evidence Update: [ nan  nan  nan  nan]
2016-12-08 21:59:26,086 INFO Action Update: [0, 0, 0, 0]
2016-12-08 21:59:33,005 INFO Evidence Update: [ nan  nan  nan  nan]
2016-12-08 21:59:35,268 INFO Action Update: [0, 0, 0, 0]
2016-12-08 21:59:40,310 INFO Evidence Update: [ nan  nan  nan  nan]
2016-12-08 21:59:42,579 INFO Action Update: [0, 0, 0, 0]
2016-12-08 22:00:24,357 INFO Evidence Update: [ 1.  0.  0.  0.]
2016-12-08 22:00:26,771 INFO Action Update: [0, 0, 0, 0]
2016-12-08 22:00:32,407 INFO Evidence Update: [ nan  nan  nan  nan]
2016-12-08 22:00:34,670 INFO Action Update: [0, 0, 0, 0]
2016-12-08 22:00:40,082 INFO Evidence Update: [ nan  nan  nan  nan]
2016-12-08 22:00:42,351 INFO Action Update: [0, 0, 0, 0]
2016-12-08 22:00:47,397 INFO Evidence Update: [ nan  nan  nan  nan]
2016-12-08 22:00:49,658 INFO Action Update: [0, 0, 0, 0]
2016-12-08 22:00:54,671 INFO Evidence Update: [ nan  nan  nan  nan]
2016-12-08 22:00:56,936 INFO Action Update: [0, 0, 0, 0]
2016-12-08 22:01:02,352 INFO Evidence Update: [ nan  nan  nan  nan]
2016-12-08 22:01:04,614 INFO Action Update: [0, 0, 0, 0]
2016-12-08 22:01:11,581 INFO Evidence Update: [ nan  nan  nan  nan]
2016-12-08 22:01:13,848 INFO Action Update: [0, 0, 0, 0]
2016-12-08 22:02:28,771 INFO Evidence Update: [ 1.  0.  0.  0.]
2016-12-08 22:02:31,132 INFO Action Prediction for win: [ 0.4   0.5   0.09  0.01]
2016-12-08 22:02:31,144 INFO Action Prediction for win: [ 0.4   0.5   0.09  0.01]
2016-12-08 22:02:31,156 INFO Action Prediction for win: [ 0.4   0.5   0.09  0.01]
2016-12-08 22:02:31,170 INFO Action Prediction for win: [ 0.4   0.5   0.09  0.01]
2016-12-08 22:02:31,184 INFO Action Prediction for win: [ 0.4   0.5   0.09  0.01]
2016-12-08 22:02:31,195 INFO Action Update: [ 0.4   0.5   0.09  0.01]
2016-12-08 22:02:40,689 INFO Evidence Update: [ 0.00124937  0.06228114  0.88767927  0.        ]
2016-12-08 22:02:42,898 INFO Action Prediction for win: [ 0.0124906   0.07350054  0.41825246  0.44696619]
2016-12-08 22:02:42,911 INFO Action Prediction for win: [ 0.0124906   0.07350054  0.41825246  0.44696619]
2016-12-08 22:02:42,924 INFO Action Prediction for win: [ 0.0124906   0.07350054  0.41825246  0.44696619]
2016-12-08 22:02:42,938 INFO Action Prediction for win: [ 0.0124906   0.07350054  0.41825246  0.44696619]
2016-12-08 22:02:42,950 INFO Action Prediction for win: [ 0.0124906   0.07350054  0.41825246  0.44696619]
2016-12-08 22:02:42,963 INFO Action Update: [ 0.0124906   0.07350054  0.41825246  0.44696619]
2016-12-08 22:03:46,792 INFO Evidence Update: [ 1.  0.  0.  0.]
2016-12-08 22:03:49,152 INFO Action Prediction for win: [ 0.4   0.5   0.09  0.01]
2016-12-08 22:03:49,165 INFO Action Prediction for win: [ 0.4   0.5   0.09  0.01]
2016-12-08 22:03:49,179 INFO Action Prediction for win: [ 0.4   0.5   0.09  0.01]
2016-12-08 22:03:49,191 INFO Action Prediction for win: [ 0.4   0.5   0.09  0.01]
2016-12-08 22:03:49,204 INFO Action Prediction for win: [ 0.4   0.5   0.09  0.01]
2016-12-08 22:03:49,218 INFO Action Update: [ 0.4   0.5   0.09  0.01]
2016-12-08 22:03:54,844 INFO Evidence Update: [ 0.48539281  0.50976615  0.00322475  0.        ]
2016-12-08 22:03:57,054 INFO Action Prediction for win: [ 0.21967768  0.54868509  0.19806634  0.03195461]
2016-12-08 22:03:57,069 INFO Action Prediction for win: [ 0.21967768  0.54868509  0.19806634  0.03195461]
2016-12-08 22:03:57,084 INFO Action Prediction for win: [ 0.21967768  0.54868509  0.19806634  0.03195461]
2016-12-08 22:03:57,097 INFO Action Prediction for win: [ 0.21967768  0.54868509  0.19806634  0.03195461]
2016-12-08 22:03:57,112 INFO Action Prediction for win: [ 0.21967768  0.54868509  0.19806634  0.03195461]
2016-12-08 22:03:57,125 INFO Action Update: [ 0.21967768  0.54868509  0.19806634  0.03195461]
2016-12-08 22:04:01,758 INFO Evidence Update: [ 0.556459    0.43352309  0.00075805  0.        ]
2016-12-08 22:04:03,977 INFO Action Prediction for win: [ 0.24426734  0.53837368  0.18047936  0.02761977]
2016-12-08 22:04:03,989 INFO Action Prediction for win: [ 0.24426734  0.53837368  0.18047936  0.02761977]
2016-12-08 22:04:04,002 INFO Action Prediction for win: [ 0.24426734  0.53837368  0.18047936  0.02761977]
2016-12-08 22:04:04,016 INFO Action Prediction for win: [ 0.24426734  0.53837368  0.18047936  0.02761977]
2016-12-08 22:04:04,029 INFO Action Prediction for win: [ 0.24426734  0.53837368  0.18047936  0.02761977]
2016-12-08 22:04:04,043 INFO Action Update: [ 0.24426734  0.53837368  0.18047936  0.02761977]
2016-12-08 22:04:11,333 INFO Evidence Update: [ 0.06982297  0.68884555  0.23035247  0.        ]
2016-12-08 22:04:13,540 INFO Action Prediction for win: [ 0.06467499  0.45743291  0.31659634  0.15031674]
2016-12-08 22:04:13,553 INFO Action Prediction for win: [ 0.06467499  0.45743291  0.31659634  0.15031674]
2016-12-08 22:04:13,566 INFO Action Prediction for win: [ 0.06467499  0.45743291  0.31659634  0.15031674]
2016-12-08 22:04:13,579 INFO Action Prediction for win: [ 0.06467499  0.45743291  0.31659634  0.15031674]
2016-12-08 22:04:13,591 INFO Action Prediction for win: [ 0.06467499  0.45743291  0.31659634  0.15031674]
2016-12-08 22:04:13,605 INFO Action Update: [ 0.06467499  0.45743291  0.31659634  0.15031674]
2016-12-08 22:04:22,473 INFO Evidence Update: [  3.54697338e-04   5.34752623e-02   8.37252184e-01   0.00000000e+00]
2016-12-08 22:04:24,685 INFO Action Prediction for win: [ 0.01118816  0.06575259  0.39283798  0.4213034 ]
2016-12-08 22:04:24,686 INFO Action Prediction for tie: [ 0.0166421   0.11554782  0.54850613  0.2103861 ]
2016-12-08 22:04:24,686 INFO Action Prediction for lose: [ 0.11610123  0.52112086  0.17743431  0.04293566]
2016-12-08 22:04:24,702 INFO Action Prediction for win: [ 0.01118816  0.06575259  0.39283798  0.4213034 ]
2016-12-08 22:04:24,703 INFO Action Prediction for tie: [ 0.0166421   0.11554782  0.54850613  0.2103861 ]
2016-12-08 22:04:24,703 INFO Action Prediction for lose: [ 0.11610123  0.52112086  0.17743431  0.04293566]
2016-12-08 22:04:24,715 INFO Action Prediction for win: [ 0.01118816  0.06575259  0.39283798  0.4213034 ]
2016-12-08 22:04:24,716 INFO Action Prediction for tie: [ 0.0166421   0.11554782  0.54850613  0.2103861 ]
2016-12-08 22:04:24,716 INFO Action Prediction for lose: [ 0.11610123  0.52112086  0.17743431  0.04293566]
2016-12-08 22:04:24,729 INFO Action Prediction for win: [ 0.01118816  0.06575259  0.39283798  0.4213034 ]
2016-12-08 22:04:24,732 INFO Action Prediction for tie: [ 0.0166421   0.11554782  0.54850613  0.2103861 ]
2016-12-08 22:04:24,732 INFO Action Prediction for lose: [ 0.11610123  0.52112086  0.17743431  0.04293566]
2016-12-08 22:04:24,745 INFO Action Prediction for win: [ 0.01118816  0.06575259  0.39283798  0.4213034 ]
2016-12-08 22:04:24,746 INFO Action Prediction for tie: [ 0.0166421   0.11554782  0.54850613  0.2103861 ]
2016-12-08 22:04:24,747 INFO Action Prediction for lose: [ 0.11610123  0.52112086  0.17743431  0.04293566]
2016-12-08 22:04:24,759 INFO Action Update: [ 0.11610123  0.52112086  0.17743431  0.04293566]
