2016-12-12 16:24:01,738 INFO ######################################################################
2016-12-12 16:24:01,943 INFO ######################################################################
2016-12-12 16:24:05,415 INFO Starting game at 1481577845.42
2016-12-12 16:24:09,653 INFO Action Prediction for tie: [ 0.7   0.25  0.04  0.01]
2016-12-12 16:24:09,664 INFO Action Prediction for win: [ 0.4   0.5   0.09  0.01]
2016-12-12 16:24:09,676 INFO Action Prediction for tie: [ 0.7   0.25  0.04  0.01]
2016-12-12 16:24:09,688 INFO Action Prediction for tie: [ 0.7   0.25  0.04  0.01]
2016-12-12 16:24:09,702 INFO Action Prediction for win: [ 0.4   0.5   0.09  0.01]
2016-12-12 16:24:09,715 INFO Action Update: [ 0.4   0.5   0.09  0.01]
2016-12-12 16:24:11,638 INFO Game number: 1, Result: win, delay: 1.11360502243
2016-12-12 16:24:14,599 INFO Ending game at 1481577854.6 Delay before NO was: 0.398965120316 Total game time was: 9.18365120888
2016-12-12 16:24:31,771 INFO ######################################################################
2016-12-12 16:24:31,974 INFO ######################################################################
2016-12-12 16:24:35,407 INFO Starting game at 1481577875.41
2016-12-12 16:24:39,717 INFO Action Prediction for lose: [ 0.82  0.15  0.02  0.01]
2016-12-12 16:24:39,731 INFO Action Prediction for lose: [ 0.82  0.15  0.02  0.01]
2016-12-12 16:24:39,744 INFO Action Prediction for tie: [ 0.7   0.25  0.04  0.01]
2016-12-12 16:24:39,759 INFO Action Prediction for tie: [ 0.7   0.25  0.04  0.01]
2016-12-12 16:24:39,773 INFO Action Prediction for lose: [ 0.82  0.15  0.02  0.01]
2016-12-12 16:24:39,785 INFO Action Update: [ 0.82  0.15  0.02  0.01]
2016-12-12 16:24:41,698 INFO Game number: 1, Result: lose, delay: 1.18182301521
2016-12-12 16:24:48,496 INFO Evidence Update: [ 0.4085173   0.40745289  0.18402981  0.        ]
2016-12-12 16:24:51,465 INFO Action Prediction for win: [ 0.18561986  0.45609158  0.24181584  0.11647272]
2016-12-12 16:24:51,479 INFO Action Prediction for tie: [ 0.34892034  0.42428168  0.1685563   0.05824168]
2016-12-12 16:24:51,492 INFO Action Prediction for tie: [ 0.34892034  0.42428168  0.1685563   0.05824168]
2016-12-12 16:24:51,506 INFO Action Prediction for lose: [ 0.5978589   0.31430399  0.05904019  0.02143572]
2016-12-12 16:24:51,520 INFO Action Prediction for win: [ 0.18561986  0.45609158  0.24181584  0.11647272]
2016-12-12 16:24:51,533 INFO Action Update: [ 0.18561986  0.45609158  0.24181584  0.11647272]
2016-12-12 16:24:53,455 INFO Game number: 2, Result: win, delay: 4.22007584572
2016-12-12 16:24:57,342 INFO Evidence Update: [ 0.09972595  0.82606908  0.07420496  0.        ]
2016-12-12 16:25:00,301 INFO Action Prediction for tie: [ 0.19446058  0.65116175  0.11830779  0.03606988]
2016-12-12 16:25:00,315 INFO Action Prediction for tie: [ 0.19446058  0.65116175  0.11830779  0.03606988]
2016-12-12 16:25:00,329 INFO Action Prediction for lose: [ 0.58483723  0.34860605  0.04235963  0.02122889]
2016-12-12 16:25:00,341 INFO Action Prediction for win: [ 0.08193589  0.54847262  0.29018829  0.0794032 ]
2016-12-12 16:25:00,353 INFO Action Prediction for tie: [ 0.19446058  0.65116175  0.11830779  0.03606988]
2016-12-12 16:25:00,365 INFO Action Update: [ 0.19446058  0.65116175  0.11830779  0.03606988]
2016-12-12 16:25:02,301 INFO Game number: 3, Result: tie, delay: 1.31217002869
2016-12-12 16:25:05,801 INFO Evidence Update: [ 0.17012298  0.64675453  0.18312248  0.        ]
2016-12-12 16:25:08,768 INFO Action Prediction for win: [ 0.10221814  0.48043911  0.29174255  0.1256002 ]
2016-12-12 16:25:08,782 INFO Action Prediction for tie: [ 0.21793049  0.54407767  0.1775749   0.06041694]
2016-12-12 16:25:08,796 INFO Action Prediction for win: [ 0.10221814  0.48043911  0.29174255  0.1256002 ]
2016-12-12 16:25:08,810 INFO Action Prediction for tie: [ 0.21793049  0.54407767  0.1775749   0.06041694]
2016-12-12 16:25:08,824 INFO Action Prediction for lose: [ 0.54586581  0.36175602  0.06126082  0.02379244]
2016-12-12 16:25:08,837 INFO Action Update: [ 0.54586581  0.36175602  0.06126082  0.02379244]
2016-12-12 16:25:10,810 INFO Game number: 4, Result: lose, delay: 0.922101020813
2016-12-12 16:25:14,595 INFO Ending game at 1481577914.6 Delay before NO was: 1.22302794456 Total game time was: 39.1882879734
2016-12-12 16:27:03,164 INFO ######################################################################
2016-12-12 16:27:03,369 INFO ######################################################################
2016-12-12 16:27:06,850 INFO Starting game at 1481578026.85
2016-12-12 16:27:11,506 INFO Action Prediction for win: [ 0.4   0.5   0.09  0.01]
2016-12-12 16:27:11,523 INFO Action Prediction for win: [ 0.4   0.5   0.09  0.01]
2016-12-12 16:27:11,537 INFO Action Prediction for win: [ 0.4   0.5   0.09  0.01]
2016-12-12 16:27:11,551 INFO Action Prediction for win: [ 0.4   0.5   0.09  0.01]
2016-12-12 16:27:11,565 INFO Action Prediction for win: [ 0.4   0.5   0.09  0.01]
2016-12-12 16:27:11,578 INFO Action Update: [ 0.4   0.5   0.09  0.01]
2016-12-12 16:27:13,485 INFO Game number: 1, Result: win, delay: 1.52557897568
2016-12-12 16:27:17,216 INFO Evidence Update: [ 0.17872012  0.78468174  0.03659814  0.        ]
2016-12-12 16:27:20,174 INFO Action Prediction for win: [ 0.11108812  0.56163303  0.2679585   0.05932036]
2016-12-12 16:27:20,186 INFO Action Prediction for win: [ 0.11108812  0.56163303  0.2679585   0.05932036]
2016-12-12 16:27:20,199 INFO Action Prediction for win: [ 0.11108812  0.56163303  0.2679585   0.05932036]
2016-12-12 16:27:20,210 INFO Action Prediction for win: [ 0.11108812  0.56163303  0.2679585   0.05932036]
2016-12-12 16:27:20,223 INFO Action Prediction for win: [ 0.11108812  0.56163303  0.2679585   0.05932036]
2016-12-12 16:27:20,234 INFO Action Update: [ 0.11108812  0.56163303  0.2679585   0.05932036]
2016-12-12 16:27:22,174 INFO Game number: 2, Result: win, delay: 1.16137695312
2016-12-12 16:27:31,460 INFO Evidence Update: [  2.44623303e-04   4.91340681e-02   9.50621309e-01   0.00000000e+00]
2016-12-12 16:27:34,475 INFO Action Prediction for win: [ 0.01206077  0.0676276   0.44254183  0.4777698 ]
2016-12-12 16:27:34,476 INFO Action Prediction for tie: [ 0.01704756  0.12246762  0.62184436  0.23864045]
2016-12-12 16:27:34,477 INFO Action Prediction for lose: [ 0.12474316  0.5876064   0.20110939  0.04851619]
2016-12-12 16:27:34,491 INFO Action Prediction for win: [ 0.01206077  0.0676276   0.44254183  0.4777698 ]
2016-12-12 16:27:34,492 INFO Action Prediction for tie: [ 0.01704756  0.12246762  0.62184436  0.23864045]
2016-12-12 16:27:34,493 INFO Action Prediction for lose: [ 0.12474316  0.5876064   0.20110939  0.04851619]
2016-12-12 16:27:34,506 INFO Action Prediction for win: [ 0.01206077  0.0676276   0.44254183  0.4777698 ]
2016-12-12 16:27:34,507 INFO Action Prediction for tie: [ 0.01704756  0.12246762  0.62184436  0.23864045]
2016-12-12 16:27:34,508 INFO Action Prediction for lose: [ 0.12474316  0.5876064   0.20110939  0.04851619]
2016-12-12 16:27:34,521 INFO Action Prediction for win: [ 0.01206077  0.0676276   0.44254183  0.4777698 ]
2016-12-12 16:27:34,523 INFO Action Prediction for tie: [ 0.01704756  0.12246762  0.62184436  0.23864045]
2016-12-12 16:27:34,525 INFO Action Prediction for lose: [ 0.12474316  0.5876064   0.20110939  0.04851619]
2016-12-12 16:27:34,538 INFO Action Prediction for win: [ 0.01206077  0.0676276   0.44254183  0.4777698 ]
2016-12-12 16:27:34,540 INFO Action Prediction for tie: [ 0.01704756  0.12246762  0.62184436  0.23864045]
2016-12-12 16:27:34,541 INFO Action Prediction for lose: [ 0.12474316  0.5876064   0.20110939  0.04851619]
2016-12-12 16:27:34,552 INFO Action Update: [ 0.12474316  0.5876064   0.20110939  0.04851619]
2016-12-12 16:27:36,469 INFO Game number: 3, Result: lose, delay: 6.7025809288
2016-12-12 16:27:39,882 INFO Evidence Update: [ 0.14860062  0.36523147  0.48616791  0.        ]
2016-12-12 16:27:42,848 INFO Action Prediction for win: [ 0.0825635   0.31288591  0.34171906  0.26283154]
2016-12-12 16:27:42,850 INFO Action Prediction for tie: [ 0.16366683  0.35482887  0.35117169  0.13033261]
2016-12-12 16:27:42,864 INFO Action Prediction for win: [ 0.0825635   0.31288591  0.34171906  0.26283154]
2016-12-12 16:27:42,865 INFO Action Prediction for tie: [ 0.16366683  0.35482887  0.35117169  0.13033261]
2016-12-12 16:27:42,877 INFO Action Prediction for win: [ 0.0825635   0.31288591  0.34171906  0.26283154]
2016-12-12 16:27:42,878 INFO Action Prediction for tie: [ 0.16366683  0.35482887  0.35117169  0.13033261]
2016-12-12 16:27:42,890 INFO Action Prediction for win: [ 0.0825635   0.31288591  0.34171906  0.26283154]
2016-12-12 16:27:42,891 INFO Action Prediction for tie: [ 0.16366683  0.35482887  0.35117169  0.13033261]
2016-12-12 16:27:42,903 INFO Action Prediction for win: [ 0.0825635   0.31288591  0.34171906  0.26283154]
2016-12-12 16:27:42,904 INFO Action Prediction for tie: [ 0.16366683  0.35482887  0.35117169  0.13033261]
2016-12-12 16:27:42,918 INFO Action Update: [ 0.16366683  0.35482887  0.35117169  0.13033261]
2016-12-12 16:27:44,842 INFO Game number: 4, Result: tie, delay: 0.841432094574
2016-12-12 16:27:48,714 INFO Evidence Update: [ 0.10272587  0.76685351  0.13042062  0.        ]
2016-12-12 16:27:51,680 INFO Action Prediction for win: [ 0.08073723  0.51669187  0.29799066  0.10458024]
2016-12-12 16:27:51,694 INFO Action Prediction for win: [ 0.08073723  0.51669187  0.29799066  0.10458024]
2016-12-12 16:27:51,709 INFO Action Prediction for win: [ 0.08073723  0.51669187  0.29799066  0.10458024]
2016-12-12 16:27:51,723 INFO Action Prediction for win: [ 0.08073723  0.51669187  0.29799066  0.10458024]
2016-12-12 16:27:51,736 INFO Action Prediction for win: [ 0.08073723  0.51669187  0.29799066  0.10458024]
2016-12-12 16:27:51,748 INFO Action Update: [ 0.08073723  0.51669187  0.29799066  0.10458024]
2016-12-12 16:27:53,673 INFO Game number: 5, Result: win, delay: 1.29991102219
2016-12-12 16:27:57,160 INFO Evidence Update: [ 0.06866468  0.47945578  0.45187954  0.        ]
2016-12-12 16:28:00,122 INFO Action Prediction for win: [ 0.05595746  0.34008099  0.35336235  0.2505992 ]
2016-12-12 16:28:00,124 INFO Action Prediction for tie: [ 0.12450244  0.41742716  0.33482475  0.12324565]
2016-12-12 16:28:00,136 INFO Action Prediction for win: [ 0.05595746  0.34008099  0.35336235  0.2505992 ]
2016-12-12 16:28:00,139 INFO Action Prediction for tie: [ 0.12450244  0.41742716  0.33482475  0.12324565]
2016-12-12 16:28:00,152 INFO Action Prediction for win: [ 0.05595746  0.34008099  0.35336235  0.2505992 ]
2016-12-12 16:28:00,153 INFO Action Prediction for tie: [ 0.12450244  0.41742716  0.33482475  0.12324565]
2016-12-12 16:28:00,165 INFO Action Prediction for win: [ 0.05595746  0.34008099  0.35336235  0.2505992 ]
2016-12-12 16:28:00,166 INFO Action Prediction for tie: [ 0.12450244  0.41742716  0.33482475  0.12324565]
2016-12-12 16:28:00,179 INFO Action Prediction for win: [ 0.05595746  0.34008099  0.35336235  0.2505992 ]
2016-12-12 16:28:00,181 INFO Action Prediction for tie: [ 0.12450244  0.41742716  0.33482475  0.12324565]
2016-12-12 16:28:00,194 INFO Action Update: [ 0.12450244  0.41742716  0.33482475  0.12324565]
2016-12-12 16:28:02,120 INFO Game number: 6, Result: tie, delay: 0.917545080185
2016-12-12 16:28:05,983 INFO Evidence Update: [ 0.06997557  0.81640836  0.11361607  0.        ]
2016-12-12 16:28:08,949 INFO Action Prediction for win: [ 0.06994681  0.52937744  0.30234754  0.09832821]
2016-12-12 16:28:08,963 INFO Action Prediction for win: [ 0.06994681  0.52937744  0.30234754  0.09832821]
2016-12-12 16:28:08,976 INFO Action Prediction for win: [ 0.06994681  0.52937744  0.30234754  0.09832821]
2016-12-12 16:28:08,994 INFO Action Prediction for win: [ 0.06994681  0.52937744  0.30234754  0.09832821]
2016-12-12 16:28:09,007 INFO Action Prediction for win: [ 0.06994681  0.52937744  0.30234754  0.09832821]
2016-12-12 16:28:09,020 INFO Action Update: [ 0.06994681  0.52937744  0.30234754  0.09832821]
2016-12-12 16:28:10,943 INFO Game number: 7, Result: win, delay: 1.29299211502
2016-12-12 16:28:14,838 INFO Evidence Update: [ 0.03492482  0.88038132  0.08469386  0.        ]
2016-12-12 16:28:17,796 INFO Action Prediction for win: [ 0.05883593  0.54907895  0.30536987  0.08671525]
2016-12-12 16:28:17,810 INFO Action Prediction for win: [ 0.05883593  0.54907895  0.30536987  0.08671525]
2016-12-12 16:28:17,824 INFO Action Prediction for win: [ 0.05883593  0.54907895  0.30536987  0.08671525]
2016-12-12 16:28:17,838 INFO Action Prediction for win: [ 0.05883593  0.54907895  0.30536987  0.08671525]
2016-12-12 16:28:17,852 INFO Action Prediction for win: [ 0.05883593  0.54907895  0.30536987  0.08671525]
2016-12-12 16:28:17,865 INFO Action Update: [ 0.05883593  0.54907895  0.30536987  0.08671525]
2016-12-12 16:28:19,797 INFO Game number: 8, Result: win, delay: 1.31845092773
2016-12-12 16:28:28,632 INFO Ending game at 1481578108.63 Delay before NO was: 6.2732000351 Total game time was: 81.7824430466
2016-12-12 16:31:01,090 INFO ######################################################################
2016-12-12 16:31:01,296 INFO ######################################################################
2016-12-12 16:31:04,775 INFO Starting game at 1481578264.78
2016-12-12 16:31:08,600 INFO Action Prediction for win: [ 0.4   0.5   0.09  0.01]
2016-12-12 16:31:08,614 INFO Action Prediction for win: [ 0.4   0.5   0.09  0.01]
2016-12-12 16:31:08,628 INFO Action Prediction for win: [ 0.4   0.5   0.09  0.01]
2016-12-12 16:31:08,642 INFO Action Prediction for win: [ 0.4   0.5   0.09  0.01]
2016-12-12 16:31:08,656 INFO Action Prediction for win: [ 0.4   0.5   0.09  0.01]
2016-12-12 16:31:08,668 INFO Action Update: [ 0.4   0.5   0.09  0.01]
2016-12-12 16:31:10,592 INFO Game number: 1, Result: win, delay: 0.707372903824
2016-12-12 16:31:14,300 INFO Evidence Update: [ 0.18313093  0.77642062  0.04044845  0.        ]
2016-12-12 16:31:17,261 INFO Action Prediction for win: [ 0.11247789  0.55903578  0.26760977  0.06087656]
2016-12-12 16:31:17,275 INFO Action Prediction for win: [ 0.11247789  0.55903578  0.26760977  0.06087656]
2016-12-12 16:31:17,289 INFO Action Prediction for win: [ 0.11247789  0.55903578  0.26760977  0.06087656]
2016-12-12 16:31:17,303 INFO Action Prediction for win: [ 0.11247789  0.55903578  0.26760977  0.06087656]
2016-12-12 16:31:17,317 INFO Action Prediction for win: [ 0.11247789  0.55903578  0.26760977  0.06087656]
2016-12-12 16:31:17,330 INFO Action Update: [ 0.11247789  0.55903578  0.26760977  0.06087656]
2016-12-12 16:31:19,260 INFO Game number: 2, Result: win, delay: 1.13879299164
2016-12-12 16:31:23,130 INFO Evidence Update: [ 0.05122896  0.87666004  0.072111    0.        ]
2016-12-12 16:31:26,097 INFO Action Prediction for win: [ 0.0650457   0.55449494  0.30005857  0.08040079]
2016-12-12 16:31:26,111 INFO Action Prediction for win: [ 0.0650457   0.55449494  0.30005857  0.08040079]
2016-12-12 16:31:26,125 INFO Action Prediction for win: [ 0.0650457   0.55449494  0.30005857  0.08040079]
2016-12-12 16:31:26,139 INFO Action Prediction for win: [ 0.0650457   0.55449494  0.30005857  0.08040079]
2016-12-12 16:31:26,152 INFO Action Prediction for win: [ 0.0650457   0.55449494  0.30005857  0.08040079]
2016-12-12 16:31:26,165 INFO Action Update: [ 0.0650457   0.55449494  0.30005857  0.08040079]
2016-12-12 16:31:28,090 INFO Game number: 3, Result: win, delay: 1.29995584488
2016-12-12 16:31:31,610 INFO Evidence Update: [ 0.04815044  0.57532649  0.37652306  0.        ]
2016-12-12 16:31:34,568 INFO Action Prediction for win: [ 0.05179173  0.38433204  0.34636687  0.21750936]
2016-12-12 16:31:34,581 INFO Action Prediction for win: [ 0.05179173  0.38433204  0.34636687  0.21750936]
2016-12-12 16:31:34,593 INFO Action Prediction for win: [ 0.05179173  0.38433204  0.34636687  0.21750936]
2016-12-12 16:31:34,605 INFO Action Prediction for win: [ 0.05179173  0.38433204  0.34636687  0.21750936]
2016-12-12 16:31:34,617 INFO Action Prediction for win: [ 0.05179173  0.38433204  0.34636687  0.21750936]
2016-12-12 16:31:34,630 INFO Action Update: [ 0.05179173  0.38433204  0.34636687  0.21750936]
2016-12-12 16:31:36,570 INFO Game number: 4, Result: win, delay: 0.947285175323
2016-12-12 16:31:40,415 INFO Evidence Update: [ 0.03170724  0.83459209  0.13370067  0.        ]
2016-12-12 16:31:43,375 INFO Action Prediction for win: [ 0.05574951  0.5219569   0.31339658  0.10889701]
2016-12-12 16:31:43,388 INFO Action Prediction for win: [ 0.05574951  0.5219569   0.31339658  0.10889701]
2016-12-12 16:31:43,402 INFO Action Prediction for win: [ 0.05574951  0.5219569   0.31339658  0.10889701]
2016-12-12 16:31:43,416 INFO Action Prediction for win: [ 0.05574951  0.5219569   0.31339658  0.10889701]
2016-12-12 16:31:43,430 INFO Action Prediction for win: [ 0.05574951  0.5219569   0.31339658  0.10889701]
2016-12-12 16:31:43,444 INFO Action Update: [ 0.05574951  0.5219569   0.31339658  0.10889701]
2016-12-12 16:31:45,375 INFO Game number: 5, Result: win, delay: 1.27824807167
2016-12-12 16:31:48,859 INFO Evidence Update: [ 0.04756241  0.47328391  0.47915368  0.        ]
2016-12-12 16:31:51,817 INFO Action Prediction for win: [ 0.0474807   0.3269177   0.36188494  0.26371666]
2016-12-12 16:31:51,831 INFO Action Prediction for win: [ 0.0474807   0.3269177   0.36188494  0.26371666]
2016-12-12 16:31:51,845 INFO Action Prediction for win: [ 0.0474807   0.3269177   0.36188494  0.26371666]
2016-12-12 16:31:51,859 INFO Action Prediction for win: [ 0.0474807   0.3269177   0.36188494  0.26371666]
2016-12-12 16:31:51,873 INFO Action Prediction for win: [ 0.0474807   0.3269177   0.36188494  0.26371666]
2016-12-12 16:31:51,885 INFO Action Update: [ 0.0474807   0.3269177   0.36188494  0.26371666]
2016-12-12 16:31:53,818 INFO Game number: 6, Result: win, delay: 0.914568901062
2016-12-12 16:31:57,701 INFO Evidence Update: [ 0.03450661  0.81192677  0.15356662  0.        ]
2016-12-12 16:32:00,661 INFO Action Prediction for win: [ 0.05593465  0.51055203  0.3157886   0.11772471]
2016-12-12 16:32:00,674 INFO Action Prediction for win: [ 0.05593465  0.51055203  0.3157886   0.11772471]
2016-12-12 16:32:00,688 INFO Action Prediction for win: [ 0.05593465  0.51055203  0.3157886   0.11772471]
2016-12-12 16:32:00,702 INFO Action Prediction for win: [ 0.05593465  0.51055203  0.3157886   0.11772471]
2016-12-12 16:32:00,716 INFO Action Prediction for win: [ 0.05593465  0.51055203  0.3157886   0.11772471]
2016-12-12 16:32:00,730 INFO Action Update: [ 0.05593465  0.51055203  0.3157886   0.11772471]
2016-12-12 16:32:02,661 INFO Game number: 7, Result: win, delay: 1.304500103
2016-12-12 16:32:05,751 INFO Ending game at 1481578325.75 Delay before NO was: 0.528748035431 Total game time was: 60.9760410786
2016-12-12 17:56:24,500 INFO ######################################################################
2016-12-12 17:56:24,702 INFO ######################################################################
2016-12-12 17:56:28,183 INFO Starting game at 1481583388.18
2016-12-12 17:56:32,798 INFO Action Prediction for win: [ 0.4   0.5   0.09  0.01]
2016-12-12 17:56:32,825 INFO Action Prediction for win: [ 0.4   0.5   0.09  0.01]
2016-12-12 17:56:32,836 INFO Action Prediction for win: [ 0.4   0.5   0.09  0.01]
2016-12-12 17:56:32,850 INFO Action Prediction for win: [ 0.4   0.5   0.09  0.01]
2016-12-12 17:56:32,864 INFO Action Prediction for win: [ 0.4   0.5   0.09  0.01]
2016-12-12 17:56:32,876 INFO Action Update: [ 0.4   0.5   0.09  0.01]
2016-12-12 17:56:34,790 INFO Game number: 1, Result: win, delay: 1.49838399887
2016-12-12 17:56:38,905 INFO Evidence Update: [ 0.38701279  0.58549346  0.02749375  0.        ]
2016-12-12 17:56:41,864 INFO Action Prediction for win: [ 0.18435473  0.54590222  0.22285138  0.04689168]
2016-12-12 17:56:41,878 INFO Action Prediction for win: [ 0.18435473  0.54590222  0.22285138  0.04689168]
2016-12-12 17:56:41,892 INFO Action Prediction for win: [ 0.18435473  0.54590222  0.22285138  0.04689168]
2016-12-12 17:56:41,906 INFO Action Prediction for win: [ 0.18435473  0.54590222  0.22285138  0.04689168]
2016-12-12 17:56:41,920 INFO Action Prediction for win: [ 0.18435473  0.54590222  0.22285138  0.04689168]
2016-12-12 17:56:41,932 INFO Action Update: [ 0.18435473  0.54590222  0.22285138  0.04689168]
2016-12-12 17:56:43,864 INFO Game number: 2, Result: win, delay: 1.54841804504
2016-12-12 17:56:47,754 INFO Evidence Update: [ 0.08665017  0.8545884   0.05876143  0.        ]
2016-12-12 17:56:50,718 INFO Action Prediction for win: [ 0.0779771   0.55842858  0.29061768  0.07297664]
2016-12-12 17:56:50,732 INFO Action Prediction for win: [ 0.0779771   0.55842858  0.29061768  0.07297664]
2016-12-12 17:56:50,746 INFO Action Prediction for win: [ 0.0779771   0.55842858  0.29061768  0.07297664]
2016-12-12 17:56:50,760 INFO Action Prediction for win: [ 0.0779771   0.55842858  0.29061768  0.07297664]
2016-12-12 17:56:50,773 INFO Action Prediction for win: [ 0.0779771   0.55842858  0.29061768  0.07297664]
2016-12-12 17:56:50,785 INFO Action Update: [ 0.0779771   0.55842858  0.29061768  0.07297664]
2016-12-12 17:56:52,714 INFO Game number: 3, Result: win, delay: 1.31846499443
2016-12-12 17:57:01,199 INFO Evidence Update: [  6.19642683e-04   9.40672640e-02   9.05313093e-01   0.00000000e+00]
2016-12-12 17:57:04,157 INFO Action Prediction for win: [ 0.01400435  0.0929627   0.43566684  0.45736611]
2016-12-12 17:57:04,159 INFO Action Prediction for tie: [ 0.02359697  0.15218354  0.59600368  0.22821582]
2016-12-12 17:57:04,161 INFO Action Prediction for lose: [ 0.14747977  0.57620434  0.19295016  0.0471532 ]
2016-12-12 17:57:04,175 INFO Action Prediction for win: [ 0.01400435  0.0929627   0.43566684  0.45736611]
2016-12-12 17:57:04,176 INFO Action Prediction for tie: [ 0.02359697  0.15218354  0.59600368  0.22821582]
2016-12-12 17:57:04,177 INFO Action Prediction for lose: [ 0.14747977  0.57620434  0.19295016  0.0471532 ]
2016-12-12 17:57:04,190 INFO Action Prediction for win: [ 0.01400435  0.0929627   0.43566684  0.45736611]
2016-12-12 17:57:04,191 INFO Action Prediction for tie: [ 0.02359697  0.15218354  0.59600368  0.22821582]
2016-12-12 17:57:04,192 INFO Action Prediction for lose: [ 0.14747977  0.57620434  0.19295016  0.0471532 ]
2016-12-12 17:57:04,204 INFO Action Prediction for win: [ 0.01400435  0.0929627   0.43566684  0.45736611]
2016-12-12 17:57:04,206 INFO Action Prediction for tie: [ 0.02359697  0.15218354  0.59600368  0.22821582]
2016-12-12 17:57:04,208 INFO Action Prediction for lose: [ 0.14747977  0.57620434  0.19295016  0.0471532 ]
2016-12-12 17:57:04,222 INFO Action Prediction for win: [ 0.01400435  0.0929627   0.43566684  0.45736611]
2016-12-12 17:57:04,224 INFO Action Prediction for tie: [ 0.02359697  0.15218354  0.59600368  0.22821582]
2016-12-12 17:57:04,225 INFO Action Prediction for lose: [ 0.14747977  0.57620434  0.19295016  0.0471532 ]
2016-12-12 17:57:04,237 INFO Action Update: [ 0.14747977  0.57620434  0.19295016  0.0471532 ]
2016-12-12 17:57:06,208 INFO Game number: 4, Result: lose, delay: 5.91738986969
2016-12-12 17:57:10,026 INFO Evidence Update: [ 0.06220413  0.88218204  0.05561383  0.        ]
2016-12-12 17:57:12,987 INFO Action Prediction for win: [ 0.06954689  0.56263584  0.29527921  0.07253806]
2016-12-12 17:57:13,000 INFO Action Prediction for win: [ 0.06954689  0.56263584  0.29527921  0.07253806]
2016-12-12 17:57:13,014 INFO Action Prediction for win: [ 0.06954689  0.56263584  0.29527921  0.07253806]
2016-12-12 17:57:13,028 INFO Action Prediction for win: [ 0.06954689  0.56263584  0.29527921  0.07253806]
2016-12-12 17:57:13,042 INFO Action Prediction for win: [ 0.06954689  0.56263584  0.29527921  0.07253806]
2016-12-12 17:57:13,056 INFO Action Update: [ 0.06954689  0.56263584  0.29527921  0.07253806]
2016-12-12 17:57:15,035 INFO Game number: 5, Result: win, delay: 1.25147008896
2016-12-12 17:57:19,231 INFO Evidence Update: [ 0.13183298  0.71714108  0.15102594  0.        ]
2016-12-12 17:57:22,195 INFO Action Prediction for win: [ 0.09010051  0.50224218  0.29496896  0.11268835]
2016-12-12 17:57:22,208 INFO Action Prediction for win: [ 0.09010051  0.50224218  0.29496896  0.11268835]
2016-12-12 17:57:22,222 INFO Action Prediction for win: [ 0.09010051  0.50224218  0.29496896  0.11268835]
2016-12-12 17:57:22,236 INFO Action Prediction for win: [ 0.09010051  0.50224218  0.29496896  0.11268835]
2016-12-12 17:57:22,248 INFO Action Prediction for win: [ 0.09010051  0.50224218  0.29496896  0.11268835]
2016-12-12 17:57:22,262 INFO Action Update: [ 0.09010051  0.50224218  0.29496896  0.11268835]
2016-12-12 17:57:24,191 INFO Game number: 6, Result: win, delay: 1.62548995018
2016-12-12 17:57:28,087 INFO Evidence Update: [ 0.04705482  0.86738687  0.08555831  0.        ]
2016-12-12 17:57:31,050 INFO Action Prediction for win: [ 0.06304685  0.54738186  0.30295224  0.08661905]
2016-12-12 17:57:31,064 INFO Action Prediction for win: [ 0.06304685  0.54738186  0.30295224  0.08661905]
2016-12-12 17:57:31,078 INFO Action Prediction for win: [ 0.06304685  0.54738186  0.30295224  0.08661905]
2016-12-12 17:57:31,092 INFO Action Prediction for win: [ 0.06304685  0.54738186  0.30295224  0.08661905]
2016-12-12 17:57:31,104 INFO Action Prediction for win: [ 0.06304685  0.54738186  0.30295224  0.08661905]
2016-12-12 17:57:31,117 INFO Action Update: [ 0.06304685  0.54738186  0.30295224  0.08661905]
2016-12-12 17:57:33,046 INFO Game number: 7, Result: win, delay: 1.32199501991
2016-12-12 17:57:36,537 INFO Evidence Update: [ 0.05294285  0.49171929  0.45533786  0.        ]
2016-12-12 17:57:39,545 INFO Action Prediction for win: [ 0.05031648  0.33971651  0.35718268  0.25278432]
2016-12-12 17:57:39,548 INFO Action Prediction for tie: [ 0.11537126  0.42300559  0.33742487  0.12419828]
2016-12-12 17:57:39,561 INFO Action Prediction for win: [ 0.05031648  0.33971651  0.35718268  0.25278432]
2016-12-12 17:57:39,563 INFO Action Prediction for tie: [ 0.11537126  0.42300559  0.33742487  0.12419828]
2016-12-12 17:57:39,576 INFO Action Prediction for win: [ 0.05031648  0.33971651  0.35718268  0.25278432]
2016-12-12 17:57:39,578 INFO Action Prediction for tie: [ 0.11537126  0.42300559  0.33742487  0.12419828]
2016-12-12 17:57:39,590 INFO Action Prediction for win: [ 0.05031648  0.33971651  0.35718268  0.25278432]
2016-12-12 17:57:39,591 INFO Action Prediction for tie: [ 0.11537126  0.42300559  0.33742487  0.12419828]
2016-12-12 17:57:39,603 INFO Action Prediction for win: [ 0.05031648  0.33971651  0.35718268  0.25278432]
2016-12-12 17:57:39,604 INFO Action Prediction for tie: [ 0.11537126  0.42300559  0.33742487  0.12419828]
2016-12-12 17:57:39,616 INFO Action Update: [ 0.11537126  0.42300559  0.33742487  0.12419828]
2016-12-12 17:57:41,547 INFO Game number: 8, Result: tie, delay: 0.915302991867
2016-12-12 17:57:45,364 INFO Evidence Update: [ 0.06099552  0.81457143  0.12443305  0.        ]
2016-12-12 17:57:48,324 INFO Action Prediction for win: [ 0.06637111  0.52421794  0.3058559   0.10355505]
2016-12-12 17:57:48,337 INFO Action Prediction for win: [ 0.06637111  0.52421794  0.3058559   0.10355505]
2016-12-12 17:57:48,349 INFO Action Prediction for win: [ 0.06637111  0.52421794  0.3058559   0.10355505]
2016-12-12 17:57:48,361 INFO Action Prediction for win: [ 0.06637111  0.52421794  0.3058559   0.10355505]
2016-12-12 17:57:48,373 INFO Action Prediction for win: [ 0.06637111  0.52421794  0.3058559   0.10355505]
2016-12-12 17:57:48,385 INFO Action Update: [ 0.06637111  0.52421794  0.3058559   0.10355505]
2016-12-12 17:57:50,324 INFO Game number: 9, Result: win, delay: 1.2447578907
2016-12-12 17:57:54,170 INFO Evidence Update: [ 0.03134875  0.87771078  0.09094047  0.        ]
2016-12-12 17:57:57,137 INFO Action Prediction for win: [ 0.05733444  0.54593846  0.30705783  0.08966926]
2016-12-12 17:57:57,151 INFO Action Prediction for win: [ 0.05733444  0.54593846  0.30705783  0.08966926]
2016-12-12 17:57:57,165 INFO Action Prediction for win: [ 0.05733444  0.54593846  0.30705783  0.08966926]
2016-12-12 17:57:57,179 INFO Action Prediction for win: [ 0.05733444  0.54593846  0.30705783  0.08966926]
2016-12-12 17:57:57,193 INFO Action Prediction for win: [ 0.05733444  0.54593846  0.30705783  0.08966926]
2016-12-12 17:57:57,207 INFO Action Update: [ 0.05733444  0.54593846  0.30705783  0.08966926]
2016-12-12 17:57:59,180 INFO Game number: 10, Result: win, delay: 1.27879190445
2016-12-12 17:58:13,762 INFO Evidence Update: [ nan  nan  nan  nan]
2016-12-12 17:58:16,730 INFO Action Prediction for win: [ nan  nan  nan  nan]
2016-12-12 17:58:16,744 INFO Action Prediction for win: [ nan  nan  nan  nan]
2016-12-12 17:58:16,758 INFO Action Prediction for win: [ nan  nan  nan  nan]
2016-12-12 17:58:16,771 INFO Action Prediction for win: [ nan  nan  nan  nan]
2016-12-12 17:58:16,785 INFO Action Prediction for win: [ nan  nan  nan  nan]
2016-12-12 17:58:16,797 INFO Action Update: [ nan  nan  nan  nan]
2016-12-12 17:58:18,722 INFO Game number: 11, Result: win, delay: 12.0105547905
2016-12-12 17:58:22,595 INFO Evidence Update: [ nan  nan  nan  nan]
2016-12-12 17:58:25,557 INFO Action Prediction for win: [ nan  nan  nan  nan]
2016-12-12 17:58:25,571 INFO Action Prediction for win: [ nan  nan  nan  nan]
2016-12-12 17:58:25,585 INFO Action Prediction for win: [ nan  nan  nan  nan]
2016-12-12 17:58:25,599 INFO Action Prediction for win: [ nan  nan  nan  nan]
2016-12-12 17:58:25,612 INFO Action Prediction for win: [ nan  nan  nan  nan]
2016-12-12 17:58:25,625 INFO Action Update: [ nan  nan  nan  nan]
2016-12-12 17:58:27,604 INFO Game number: 12, Result: win, delay: 1.29762911797
2016-12-12 17:58:33,736 INFO Evidence Update: [ nan  nan  nan  nan]
2016-12-12 17:58:36,695 INFO Action Prediction for win: [ nan  nan  nan  nan]
2016-12-12 17:58:36,707 INFO Action Prediction for win: [ nan  nan  nan  nan]
2016-12-12 17:58:36,719 INFO Action Prediction for win: [ nan  nan  nan  nan]
2016-12-12 17:58:36,731 INFO Action Prediction for win: [ nan  nan  nan  nan]
2016-12-12 17:58:36,744 INFO Action Prediction for win: [ nan  nan  nan  nan]
2016-12-12 17:58:36,758 INFO Action Update: [ nan  nan  nan  nan]
2016-12-12 17:58:38,697 INFO Game number: 13, Result: win, delay: 3.55523395538
2016-12-12 17:58:44,503 INFO Evidence Update: [ nan  nan  nan  nan]
2016-12-12 17:58:47,468 INFO Action Prediction for win: [ nan  nan  nan  nan]
2016-12-12 17:58:47,482 INFO Action Prediction for win: [ nan  nan  nan  nan]
2016-12-12 17:58:47,495 INFO Action Prediction for win: [ nan  nan  nan  nan]
2016-12-12 17:58:47,509 INFO Action Prediction for win: [ nan  nan  nan  nan]
2016-12-12 17:58:47,523 INFO Action Prediction for win: [ nan  nan  nan  nan]
2016-12-12 17:58:47,535 INFO Action Update: [ nan  nan  nan  nan]
2016-12-12 17:58:49,461 INFO Game number: 14, Result: win, delay: 3.23185586929
2016-12-12 17:59:12,131 INFO Evidence Update: [ nan  nan  nan  nan]
2016-12-12 17:59:15,092 INFO Action Prediction for win: [ nan  nan  nan  nan]
2016-12-12 17:59:15,105 INFO Action Prediction for win: [ nan  nan  nan  nan]
2016-12-12 17:59:15,117 INFO Action Prediction for win: [ nan  nan  nan  nan]
2016-12-12 17:59:15,131 INFO Action Prediction for win: [ nan  nan  nan  nan]
2016-12-12 17:59:15,144 INFO Action Prediction for win: [ nan  nan  nan  nan]
2016-12-12 17:59:15,157 INFO Action Update: [ nan  nan  nan  nan]
2016-12-12 17:59:17,091 INFO Game number: 15, Result: win, delay: 20.0972259045
2016-12-12 17:59:24,403 INFO Ending game at 1481583564.4 Delay before NO was: 4.75023818016 Total game time was: 176.219990969
2016-12-12 18:03:19,819 INFO ######################################################################
2016-12-12 18:03:20,027 INFO ######################################################################
2016-12-12 18:03:23,518 INFO Starting game at 1481583803.52
2016-12-12 18:03:28,125 INFO Action Prediction for lose: [ 0.82  0.15  0.02  0.01]
2016-12-12 18:03:28,139 INFO Action Prediction for tie: [ 0.7   0.25  0.04  0.01]
2016-12-12 18:03:28,153 INFO Action Prediction for tie: [ 0.7   0.25  0.04  0.01]
2016-12-12 18:03:28,166 INFO Action Prediction for win: [ 0.4   0.5   0.09  0.01]
2016-12-12 18:03:28,180 INFO Action Prediction for win: [ 0.4   0.5   0.09  0.01]
2016-12-12 18:03:28,193 INFO Action Update: [ 0.4   0.5   0.09  0.01]
2016-12-12 18:03:30,118 INFO Game number: 1, Result: win, delay: 1.4901599884
2016-12-12 18:03:33,851 INFO Evidence Update: [ 0.17844136  0.78522838  0.03633026  0.        ]
2016-12-12 18:03:36,810 INFO Action Prediction for win: [ 0.11100127  0.56181092  0.26797685  0.05921096]
2016-12-12 18:03:36,824 INFO Action Prediction for tie: [ 0.24305651  0.63680135  0.09357059  0.02657155]
2016-12-12 18:03:36,838 INFO Action Prediction for lose: [ 0.62109197  0.32339429  0.03475503  0.01930549]
2016-12-12 18:03:36,852 INFO Action Prediction for tie: [ 0.24305651  0.63680135  0.09357059  0.02657155]
2016-12-12 18:03:36,866 INFO Action Prediction for tie: [ 0.24305651  0.63680135  0.09357059  0.02657155]
2016-12-12 18:03:36,879 INFO Action Update: [ 0.24305651  0.63680135  0.09357059  0.02657155]
2016-12-12 18:03:38,761 INFO Game number: 2, Result: tie, delay: 1.1631231308
2016-12-12 18:03:42,280 INFO Evidence Update: [ 0.19250729  0.68087397  0.12661873  0.        ]
2016-12-12 18:03:45,247 INFO Action Prediction for tie: [ 0.23815239  0.57017799  0.14447239  0.04719724]
2016-12-12 18:03:45,261 INFO Action Prediction for win: [ 0.1123128   0.50984278  0.27856628  0.09927814]
2016-12-12 18:03:45,275 INFO Action Prediction for lose: [ 0.57904224  0.34315322  0.0508663   0.02187349]
2016-12-12 18:03:45,289 INFO Action Prediction for tie: [ 0.23815239  0.57017799  0.14447239  0.04719724]
2016-12-12 18:03:45,304 INFO Action Prediction for lose: [ 0.57904224  0.34315322  0.0508663   0.02187349]
2016-12-12 18:03:45,316 INFO Action Update: [ 0.57904224  0.34315322  0.0508663   0.02187349]
2016-12-12 18:03:47,240 INFO Game number: 3, Result: lose, delay: 0.942659854889
2016-12-12 18:03:51,118 INFO Evidence Update: [ 0.32639277  0.65703299  0.01657424  0.        ]
2016-12-12 18:03:54,078 INFO Action Prediction for lose: [ 0.66351929  0.288865    0.02971944  0.0172333 ]
2016-12-12 18:03:54,091 INFO Action Prediction for tie: [ 0.32719563  0.57586462  0.0763916   0.02054815]
2016-12-12 18:03:54,105 INFO Action Prediction for lose: [ 0.66351929  0.288865    0.02971944  0.0172333 ]
2016-12-12 18:03:54,119 INFO Action Prediction for tie: [ 0.32719563  0.57586462  0.0763916   0.02054815]
2016-12-12 18:03:54,131 INFO Action Prediction for lose: [ 0.66351929  0.288865    0.02971944  0.0172333 ]
2016-12-12 18:03:54,143 INFO Action Update: [ 0.66351929  0.288865    0.02971944  0.0172333 ]
2016-12-12 18:03:56,078 INFO Game number: 4, Result: lose, delay: 1.30799078941
2016-12-12 18:03:59,948 INFO Evidence Update: [ 0.39590851  0.59359523  0.01049626  0.        ]
2016-12-12 18:04:02,912 INFO Action Prediction for lose: [ 0.68185174  0.27344236  0.02793024  0.0163558 ]
2016-12-12 18:04:02,925 INFO Action Prediction for tie: [ 0.3662802   0.54511822  0.07014653  0.01845505]
2016-12-12 18:04:02,937 INFO Action Prediction for win: [ 0.18814813  0.55453124  0.21843365  0.03888698]
2016-12-12 18:04:02,949 INFO Action Prediction for lose: [ 0.68185174  0.27344236  0.02793024  0.0163558 ]
2016-12-12 18:04:02,961 INFO Action Prediction for win: [ 0.18814813  0.55453124  0.21843365  0.03888698]
2016-12-12 18:04:02,973 INFO Action Update: [ 0.18814813  0.55453124  0.21843365  0.03888698]
2016-12-12 18:04:04,908 INFO Game number: 5, Result: win, delay: 1.29979586601
2016-12-12 18:04:11,098 INFO Evidence Update: [ 0.05502181  0.54606542  0.39891277  0.        ]
2016-12-12 18:04:14,064 INFO Action Prediction for tie: [ 0.12441421  0.45920667  0.30517941  0.11119972]
2016-12-12 18:04:14,078 INFO Action Prediction for win: [ 0.05330112  0.37110667  0.34828234  0.22730987]
2016-12-12 18:04:14,092 INFO Action Prediction for lose: [ 0.41264841  0.43872383  0.10125408  0.03141717]
2016-12-12 18:04:14,106 INFO Action Prediction for win: [ 0.05330112  0.37110667  0.34828234  0.22730987]
2016-12-12 18:04:14,120 INFO Action Prediction for tie: [ 0.12441421  0.45920667  0.30517941  0.11119972]
2016-12-12 18:04:14,134 INFO Action Update: [ 0.12441421  0.45920667  0.30517941  0.11119972]
2016-12-12 18:04:16,108 INFO Game number: 6, Result: tie, delay: 3.61764502525
2016-12-12 18:04:21,847 INFO Evidence Update: [ 0.06060518  0.52583665  0.41355817  0.        ]
2016-12-12 18:04:24,808 INFO Action Prediction for lose: [ 0.40655406  0.44126851  0.10383442  0.03180069]
2016-12-12 18:04:24,822 INFO Action Prediction for tie: [ 0.12543471  0.44674902  0.31330395  0.11451233]
2016-12-12 18:04:24,836 INFO Action Prediction for tie: [ 0.12543471  0.44674902  0.31330395  0.11451233]
2016-12-12 18:04:24,850 INFO Action Prediction for tie: [ 0.12543471  0.44674902  0.31330395  0.11451233]
2016-12-12 18:04:24,864 INFO Action Prediction for tie: [ 0.12543471  0.44674902  0.31330395  0.11451233]
2016-12-12 18:04:24,878 INFO Action Update: [ 0.12543471  0.44674902  0.31330395  0.11451233]
2016-12-12 18:04:26,807 INFO Game number: 7, Result: tie, delay: 3.16840815544
2016-12-12 18:04:30,667 INFO Evidence Update: [ 0.06663681  0.83145416  0.10190903  0.        ]
2016-12-12 18:04:33,633 INFO Action Prediction for lose: [ 0.56370558  0.3621499   0.04767726  0.0223909 ]
2016-12-12 18:04:33,647 INFO Action Prediction for lose: [ 0.56370558  0.3621499   0.04767726  0.0223909 ]
2016-12-12 18:04:33,661 INFO Action Prediction for tie: [ 0.17238298  0.64942163  0.13542268  0.04277271]
2016-12-12 18:04:33,675 INFO Action Prediction for lose: [ 0.56370558  0.3621499   0.04767726  0.0223909 ]
2016-12-12 18:04:33,689 INFO Action Prediction for tie: [ 0.17238298  0.64942163  0.13542268  0.04277271]
2016-12-12 18:04:33,703 INFO Action Update: [ 0.17238298  0.64942163  0.13542268  0.04277271]
2016-12-12 18:04:35,627 INFO Game number: 8, Result: tie, delay: 1.28819799423
2016-12-12 18:04:39,123 INFO Evidence Update: [ 0.14775407  0.647881    0.20436493  0.        ]
2016-12-12 18:04:42,088 INFO Action Prediction for lose: [ 0.53032343  0.37154042  0.06530815  0.02465341]
2016-12-12 18:04:42,102 INFO Action Prediction for lose: [ 0.53032343  0.37154042  0.06530815  0.02465341]
2016-12-12 18:04:42,116 INFO Action Prediction for tie: [ 0.20265365  0.54124211  0.19057785  0.06552639]
2016-12-12 18:04:42,129 INFO Action Prediction for tie: [ 0.20265365  0.54124211  0.19057785  0.06552639]
2016-12-12 18:04:42,143 INFO Action Prediction for win: [ 0.09353933  0.47078023  0.29962638  0.13605405]
2016-12-12 18:04:42,156 INFO Action Update: [ 0.09353933  0.47078023  0.29962638  0.13605405]
2016-12-12 18:04:44,081 INFO Game number: 9, Result: win, delay: 0.924982070923
2016-12-12 18:04:47,958 INFO Evidence Update: [ 0.04945677  0.85685093  0.0936923   0.        ]
2016-12-12 18:04:50,919 INFO Action Prediction for win: [ 0.06356218  0.54258664  0.30366792  0.09018326]
2016-12-12 18:04:50,933 INFO Action Prediction for lose: [ 0.56403434  0.36353172  0.04637005  0.0223162 ]
2016-12-12 18:04:50,947 INFO Action Prediction for tie: [ 0.1640843   0.6634347   0.13142634  0.04105466]
2016-12-12 18:04:50,961 INFO Action Prediction for lose: [ 0.56403434  0.36353172  0.04637005  0.0223162 ]
2016-12-12 18:04:50,974 INFO Action Prediction for win: [ 0.06356218  0.54258664  0.30366792  0.09018326]
2016-12-12 18:04:50,987 INFO Action Update: [ 0.06356218  0.54258664  0.30366792  0.09018326]
2016-12-12 18:04:52,917 INFO Game number: 10, Result: win, delay: 1.30008196831
2016-12-12 18:04:56,778 INFO Evidence Update: [ 0.02959853  0.88405274  0.08634873  0.        ]
2016-12-12 18:04:59,745 INFO Action Prediction for win: [ 0.05690554  0.54868486  0.30673662  0.08767299]
2016-12-12 18:04:59,759 INFO Action Prediction for tie: [ 0.15419037  0.67821057  0.12803483  0.03956422]
2016-12-12 18:04:59,773 INFO Action Prediction for tie: [ 0.15419037  0.67821057  0.12803483  0.03956422]
2016-12-12 18:04:59,787 INFO Action Prediction for tie: [ 0.15419037  0.67821057  0.12803483  0.03956422]
2016-12-12 18:04:59,799 INFO Action Prediction for tie: [ 0.15419037  0.67821057  0.12803483  0.03956422]
2016-12-12 18:04:59,812 INFO Action Update: [ 0.15419037  0.67821057  0.12803483  0.03956422]
2016-12-12 18:05:01,787 INFO Game number: 11, Result: tie, delay: 1.28911209106
2016-12-12 18:05:05,610 INFO Evidence Update: [ 0.05672625  0.91007047  0.03320328  0.        ]
2016-12-12 18:05:08,575 INFO Action Prediction for win: [ 0.06852606  0.57573354  0.29306798  0.06267243]
2016-12-12 18:05:08,587 INFO Action Prediction for tie: [ 0.17655098  0.69972271  0.09665682  0.02706949]
2016-12-12 18:05:08,599 INFO Action Prediction for lose: [ 0.59587814  0.34695557  0.03540933  0.02042884]
2016-12-12 18:05:08,611 INFO Action Prediction for win: [ 0.06852606  0.57573354  0.29306798  0.06267243]
2016-12-12 18:05:08,623 INFO Action Prediction for lose: [ 0.59587814  0.34695557  0.03540933  0.02042884]
2016-12-12 18:05:08,635 INFO Action Update: [ 0.59587814  0.34695557  0.03540933  0.02042884]
2016-12-12 18:05:10,568 INFO Game number: 12, Result: lose, delay: 1.24133300781
2016-12-12 18:05:14,082 INFO Evidence Update: [ 0.53599555  0.40925916  0.05474529  0.        ]
2016-12-12 18:05:17,045 INFO Action Prediction for win: [ 0.23540863  0.51574308  0.19565273  0.05319556]
2016-12-12 18:05:17,058 INFO Action Prediction for tie: [ 0.43713321  0.44587033  0.08976499  0.02723146]
2016-12-12 18:05:17,072 INFO Action Prediction for win: [ 0.23540863  0.51574308  0.19565273  0.05319556]
2016-12-12 18:05:17,085 INFO Action Prediction for tie: [ 0.43713321  0.44587033  0.08976499  0.02723146]
2016-12-12 18:05:17,098 INFO Action Prediction for tie: [ 0.43713321  0.44587033  0.08976499  0.02723146]
2016-12-12 18:05:17,111 INFO Action Update: [ 0.43713321  0.44587033  0.08976499  0.02723146]
2016-12-12 18:05:19,042 INFO Game number: 13, Result: tie, delay: 0.939129114151
2016-12-12 18:05:22,902 INFO Evidence Update: [ 0.21062426  0.76209852  0.02727722  0.        ]
2016-12-12 18:05:25,865 INFO Action Prediction for tie: [ 0.26202453  0.6266849   0.08712304  0.02416752]
2016-12-12 18:05:25,877 INFO Action Prediction for tie: [ 0.26202453  0.6266849   0.08712304  0.02416752]
2016-12-12 18:05:25,889 INFO Action Prediction for win: [ 0.1226274   0.56366233  0.25986049  0.05384978]
2016-12-12 18:05:25,902 INFO Action Prediction for win: [ 0.1226274   0.56366233  0.25986049  0.05384978]
2016-12-12 18:05:25,915 INFO Action Prediction for win: [ 0.1226274   0.56366233  0.25986049  0.05384978]
2016-12-12 18:05:25,928 INFO Action Update: [ 0.1226274   0.56366233  0.25986049  0.05384978]
2016-12-12 18:05:27,862 INFO Game number: 14, Result: win, delay: 1.27817106247
2016-12-12 18:05:31,712 INFO Evidence Update: [ 0.05368231  0.87470575  0.07161195  0.        ]
2016-12-12 18:05:34,678 INFO Action Prediction for tie: [ 0.1694996   0.67589496  0.11867152  0.03593393]
2016-12-12 18:05:34,693 INFO Action Prediction for win: [ 0.06592433  0.55452908  0.29946851  0.08007808]
2016-12-12 18:05:34,708 INFO Action Prediction for lose: [ 0.57600413  0.35716653  0.04235333  0.02161154]
2016-12-12 18:05:34,721 INFO Action Prediction for tie: [ 0.1694996   0.67589496  0.11867152  0.03593393]
2016-12-12 18:05:34,734 INFO Action Prediction for win: [ 0.06592433  0.55452908  0.29946851  0.08007808]
2016-12-12 18:05:34,748 INFO Action Update: [ 0.06592433  0.55452908  0.29946851  0.08007808]
2016-12-12 18:05:36,671 INFO Game number: 15, Result: win, delay: 1.2787899971
2016-12-12 18:05:40,185 INFO Evidence Update: [ 0.04865035  0.5772255   0.37412415  0.        ]
2016-12-12 18:05:43,147 INFO Action Prediction for lose: [ 0.423641    0.43380097  0.09685584  0.03073722]
2016-12-12 18:05:43,161 INFO Action Prediction for lose: [ 0.423641    0.43380097  0.09685584  0.03073722]
2016-12-12 18:05:43,175 INFO Action Prediction for tie: [ 0.12438031  0.47875289  0.29130475  0.10556205]
2016-12-12 18:05:43,189 INFO Action Prediction for win: [ 0.05206265  0.38562544  0.34590205  0.21640985]
2016-12-12 18:05:43,203 INFO Action Prediction for lose: [ 0.423641    0.43380097  0.09685584  0.03073722]
2016-12-12 18:05:43,217 INFO Action Update: [ 0.423641    0.43380097  0.09685584  0.03073722]
2016-12-12 18:05:45,144 INFO Game number: 16, Result: lose, delay: 0.948070049286
2016-12-12 18:05:48,248 INFO Evidence Update: [ 0.48175981  0.14054717  0.37769302  0.        ]
2016-12-12 18:05:51,209 INFO Action Prediction for lose: [ 0.51714065  0.34807129  0.09316715  0.02651319]
2016-12-12 18:05:51,223 INFO Action Prediction for win: [ 0.20350821  0.34031593  0.25548439  0.20069147]
2016-12-12 18:05:51,237 INFO Action Prediction for lose: [ 0.51714065  0.34807129  0.09316715  0.02651319]
2016-12-12 18:05:51,251 INFO Action Prediction for win: [ 0.20350821  0.34031593  0.25548439  0.20069147]
2016-12-12 18:05:51,265 INFO Action Prediction for tie: [ 0.36209087  0.2598427   0.27601463  0.1020518 ]
2016-12-12 18:05:51,278 INFO Action Update: [ 0.36209087  0.2598427   0.27601463  0.1020518 ]
2016-12-12 18:05:53,207 INFO Game number: 17, Result: tie, delay: 0.530497074127
2016-12-12 18:05:56,716 INFO Evidence Update: [ 0.30903816  0.28411827  0.40684357  0.        ]
2016-12-12 18:05:59,682 INFO Action Prediction for lose: [ 0.46456661  0.38990326  0.10014146  0.02911493]
2016-12-12 18:05:59,696 INFO Action Prediction for tie: [ 0.26301289  0.32696416  0.29953931  0.11048364]
2016-12-12 18:05:59,709 INFO Action Prediction for win: [ 0.14188961  0.34126378  0.29612852  0.22071808]
2016-12-12 18:05:59,722 INFO Action Prediction for tie: [ 0.26301289  0.32696416  0.29953931  0.11048364]
2016-12-12 18:05:59,737 INFO Action Prediction for tie: [ 0.26301289  0.32696416  0.29953931  0.11048364]
2016-12-12 18:05:59,749 INFO Action Update: [ 0.26301289  0.32696416  0.29953931  0.11048364]
2016-12-12 18:06:01,675 INFO Game number: 18, Result: tie, delay: 0.936317920685
2016-12-12 18:06:05,518 INFO Evidence Update: [ 0.16184231  0.7193349   0.11882279  0.        ]
2016-12-12 18:06:08,486 INFO Action Prediction for win: [ 0.1018919   0.51727501  0.28383653  0.09699656]
2016-12-12 18:06:08,498 INFO Action Prediction for win: [ 0.1018919   0.51727501  0.28383653  0.09699656]
2016-12-12 18:06:08,510 INFO Action Prediction for lose: [ 0.57619391  0.34733724  0.04976968  0.02194626]
2016-12-12 18:06:08,523 INFO Action Prediction for tie: [ 0.22237808  0.5906558   0.1412553   0.04571082]
2016-12-12 18:06:08,537 INFO Action Prediction for win: [ 0.1018919   0.51727501  0.28383653  0.09699656]
2016-12-12 18:06:08,550 INFO Action Update: [ 0.1018919   0.51727501  0.28383653  0.09699656]
2016-12-12 18:06:10,477 INFO Game number: 19, Result: win, delay: 1.27079701424
2016-12-12 18:06:13,970 INFO Evidence Update: [ 0.08532727  0.49459412  0.42007861  0.        ]
2016-12-12 18:06:16,934 INFO Action Prediction for win: [ 0.0630614   0.35622325  0.34509307  0.23562228]
2016-12-12 18:06:16,946 INFO Action Prediction for tie: [ 0.13811899  0.43008448  0.31603172  0.11576481]
2016-12-12 18:06:16,958 INFO Action Prediction for tie: [ 0.13811899  0.43008448  0.31603172  0.11576481]
2016-12-12 18:06:16,970 INFO Action Prediction for win: [ 0.0630614   0.35622325  0.34509307  0.23562228]
2016-12-12 18:06:16,982 INFO Action Prediction for lose: [ 0.40873269  0.4379542   0.10476088  0.03174909]
2016-12-12 18:06:16,995 INFO Action Update: [ 0.40873269  0.4379542   0.10476088  0.03174909]
2016-12-12 18:06:18,929 INFO Game number: 20, Result: lose, delay: 0.922755002975
2016-12-12 18:06:22,795 INFO Evidence Update: [ 0.20636869  0.76226788  0.03136343  0.        ]
2016-12-12 18:06:25,708 INFO Action Prediction for tie: [ 0.2591119   0.62611579  0.08962241  0.0251499 ]
2016-12-12 18:06:25,722 INFO Action Prediction for tie: [ 0.2591119   0.62611579  0.08962241  0.0251499 ]
2016-12-12 18:06:25,735 INFO Action Prediction for tie: [ 0.2591119   0.62611579  0.08962241  0.0251499 ]
2016-12-12 18:06:25,749 INFO Action Prediction for win: [ 0.1209745   0.56179961  0.26136709  0.0558588 ]
2016-12-12 18:06:25,761 INFO Action Prediction for win: [ 0.1209745   0.56179961  0.26136709  0.0558588 ]
2016-12-12 18:06:25,773 INFO Action Update: [ 0.1209745   0.56179961  0.26136709  0.0558588 ]
2016-12-12 18:06:27,704 INFO Game number: 21, Result: win, delay: 1.29918694496
2016-12-12 18:06:30,879 INFO Evidence Update: [ 0.11168531  0.15679206  0.73152263  0.        ]
2016-12-12 18:06:33,837 INFO Action Prediction for win: [ 0.05982895  0.1791788   0.38627448  0.37471777]
2016-12-12 18:06:33,849 INFO Action Prediction for lose: [ 0.25880945  0.5105436   0.16055722  0.04082883]
2016-12-12 18:06:33,861 INFO Action Prediction for lose: [ 0.25880945  0.5105436   0.16055722  0.04082883]
2016-12-12 18:06:33,873 INFO Action Prediction for tie: [ 0.10901375  0.21135241  0.49250049  0.18713335]
2016-12-12 18:06:33,886 INFO Action Prediction for win: [ 0.05982895  0.1791788   0.38627448  0.37471777]
2016-12-12 18:06:33,898 INFO Action Update: [ 0.05982895  0.1791788   0.38627448  0.37471777]
2016-12-12 18:06:35,838 INFO Game number: 22, Result: win, delay: 0.604586839676
2016-12-12 18:06:42,020 INFO Evidence Update: [ 0.01970982  0.19744499  0.78284519  0.        ]
2016-12-12 18:06:45,031 INFO Action Prediction for tie: [ 0.05124208  0.22346727  0.52543336  0.19985729]
2016-12-12 18:06:45,045 INFO Action Prediction for tie: [ 0.05124208  0.22346727  0.52543336  0.19985729]
2016-12-12 18:06:45,059 INFO Action Prediction for lose: [ 0.21291357  0.54176933  0.17071504  0.04328826]
2016-12-12 18:06:45,073 INFO Action Prediction for tie: [ 0.05124208  0.22346727  0.52543336  0.19985729]
2016-12-12 18:06:45,087 INFO Action Prediction for win: [ 0.02558463  0.15963571  0.41328772  0.40149194]
2016-12-12 18:06:45,099 INFO Action Update: [ 0.02558463  0.15963571  0.41328772  0.40149194]
2016-12-12 18:06:47,028 INFO Game number: 23, Result: win, delay: 3.60931110382
2016-12-12 18:06:50,465 INFO Evidence Update: [ 0.02731357  0.11693297  0.85575346  0.        ]
2016-12-12 18:06:53,423 INFO Action Prediction for win: [ 0.02532961  0.1180467   0.42262717  0.43399651]
2016-12-12 18:06:53,437 INFO Action Prediction for lose: [ 0.17813226  0.55847565  0.18376249  0.04539947]
2016-12-12 18:06:53,451 INFO Action Prediction for tie: [ 0.04521698  0.17154593  0.56668693  0.21655016]
2016-12-12 18:06:53,465 INFO Action Prediction for tie: [ 0.04521698  0.17154593  0.56668693  0.21655016]
2016-12-12 18:06:53,478 INFO Action Prediction for win: [ 0.02532961  0.1180467   0.42262717  0.43399651]
2016-12-12 18:06:53,491 INFO Action Update: [ 0.02532961  0.1180467   0.42262717  0.43399651]
2016-12-12 18:06:55,423 INFO Game number: 24, Result: win, delay: 0.868055105209
2016-12-12 18:06:59,268 INFO Evidence Update: [ 0.03551133  0.58846977  0.37601891  0.        ]
2016-12-12 18:07:02,233 INFO Action Prediction for tie: [ 0.11688858  0.48407186  0.29291032  0.10612924]
2016-12-12 18:07:02,246 INFO Action Prediction for lose: [ 0.41980304  0.43690246  0.09732829  0.03092545]
2016-12-12 18:07:02,260 INFO Action Prediction for tie: [ 0.11688858  0.48407186  0.29291032  0.10612924]
2016-12-12 18:07:02,273 INFO Action Prediction for lose: [ 0.41980304  0.43690246  0.09732829  0.03092545]
2016-12-12 18:07:02,287 INFO Action Prediction for win: [ 0.04738821  0.38587828  0.34894546  0.21778806]
2016-12-12 18:07:02,301 INFO Action Update: [ 0.04738821  0.38587828  0.34894546  0.21778806]
2016-12-12 18:07:04,226 INFO Game number: 25, Result: win, delay: 1.27606487274
2016-12-12 18:07:08,119 INFO Evidence Update: [ 0.03098954  0.84090046  0.12811     0.        ]
2016-12-12 18:07:11,088 INFO Action Prediction for tie: [ 0.14910885  0.64995263  0.15178312  0.0491554 ]
2016-12-12 18:07:11,101 INFO Action Prediction for lose: [ 0.5427627   0.37582959  0.0527499   0.0235334 ]
2016-12-12 18:07:11,115 INFO Action Prediction for lose: [ 0.5427627   0.37582959  0.0527499   0.0235334 ]
2016-12-12 18:07:11,129 INFO Action Prediction for tie: [ 0.14910885  0.64995263  0.15178312  0.0491554 ]
2016-12-12 18:07:11,142 INFO Action Prediction for win: [ 0.05572194  0.52515945  0.3127087   0.10640992]
2016-12-12 18:07:11,155 INFO Action Update: [ 0.05572194  0.52515945  0.3127087   0.10640992]
2016-12-12 18:07:13,077 INFO Game number: 26, Result: win, delay: 1.31820702553
2016-12-12 18:07:16,582 INFO Evidence Update: [ 0.04366894  0.53422375  0.42210731  0.        ]
2016-12-12 18:07:19,545 INFO Action Prediction for tie: [ 0.1149229   0.4495747   0.31885441  0.11664799]
2016-12-12 18:07:19,559 INFO Action Prediction for tie: [ 0.1149229   0.4495747   0.31885441  0.11664799]
2016-12-12 18:07:19,573 INFO Action Prediction for lose: [ 0.39855351  0.44679304  0.10554263  0.03222653]
2016-12-12 18:07:19,587 INFO Action Prediction for tie: [ 0.1149229   0.4495747   0.31885441  0.11664799]
2016-12-12 18:07:19,601 INFO Action Prediction for tie: [ 0.1149229   0.4495747   0.31885441  0.11664799]
2016-12-12 18:07:19,619 INFO Action Update: [ 0.1149229   0.4495747   0.31885441  0.11664799]
2016-12-12 18:07:21,541 INFO Game number: 27, Result: tie, delay: 0.937895059586
2016-12-12 18:07:25,397 INFO Evidence Update: [ 0.06016583  0.83465027  0.1051839   0.        ]
2016-12-12 18:07:28,363 INFO Action Prediction for win: [ 0.06685069  0.53508043  0.30314276  0.09492612]
2016-12-12 18:07:28,375 INFO Action Prediction for win: [ 0.06685069  0.53508043  0.30314276  0.09492612]
2016-12-12 18:07:28,387 INFO Action Prediction for lose: [ 0.56064453  0.36426281  0.04833144  0.02255386]
2016-12-12 18:07:28,401 INFO Action Prediction for tie: [ 0.16836546  0.65049571  0.13754819  0.04359064]
2016-12-12 18:07:28,415 INFO Action Prediction for lose: [ 0.56064453  0.36426281  0.04833144  0.02255386]
2016-12-12 18:07:28,429 INFO Action Update: [ 0.56064453  0.36426281  0.04833144  0.02255386]
2016-12-12 18:07:30,407 INFO Game number: 28, Result: lose, delay: 1.27847003937
2016-12-12 18:07:34,606 INFO Evidence Update: [ 0.69126599  0.29276756  0.01596645  0.        ]
2016-12-12 18:07:37,570 INFO Action Prediction for win: [ 0.29130444  0.52193219  0.15722911  0.02953426]
2016-12-12 18:07:37,584 INFO Action Prediction for lose: [ 0.74409529  0.21573842  0.0259613   0.01356633]
2016-12-12 18:07:37,598 INFO Action Prediction for win: [ 0.29130444  0.52193219  0.15722911  0.02953426]
2016-12-12 18:07:37,612 INFO Action Prediction for lose: [ 0.74409529  0.21573842  0.0259613   0.01356633]
2016-12-12 18:07:37,625 INFO Action Prediction for lose: [ 0.74409529  0.21573842  0.0259613   0.01356633]
2016-12-12 18:07:37,638 INFO Action Update: [ 0.74409529  0.21573842  0.0259613   0.01356633]
2016-12-12 18:07:39,566 INFO Game number: 29, Result: lose, delay: 1.62915301323
2016-12-12 18:08:05,734 INFO Ending game at 1481584085.73 Delay before NO was: 23.6066989899 Total game time was: 282.21578598
2016-12-12 18:09:57,900 INFO ######################################################################
2016-12-12 18:09:58,114 INFO ######################################################################
2016-12-12 18:10:01,594 INFO Starting game at 1481584201.59
2016-12-12 18:10:05,817 INFO Action Prediction for win: [ 0.4   0.5   0.09  0.01]
2016-12-12 18:10:05,837 INFO Action Prediction for win: [ 0.4   0.5   0.09  0.01]
2016-12-12 18:10:05,849 INFO Action Prediction for win: [ 0.4   0.5   0.09  0.01]
2016-12-12 18:10:05,861 INFO Action Prediction for win: [ 0.4   0.5   0.09  0.01]
2016-12-12 18:10:05,873 INFO Action Prediction for win: [ 0.4   0.5   0.09  0.01]
2016-12-12 18:10:05,885 INFO Action Update: [ 0.4   0.5   0.09  0.01]
2016-12-12 18:10:07,817 INFO Game number: 1, Result: win, delay: 1.11427283287
2016-12-12 18:10:11,183 INFO Evidence Update: [ 0.51748479  0.22836858  0.25414664  0.        ]
2016-12-12 18:10:14,142 INFO Action Prediction for win: [ 0.22095381  0.4059294   0.22945019  0.1436666 ]
2016-12-12 18:10:14,154 INFO Action Prediction for win: [ 0.22095381  0.4059294   0.22945019  0.1436666 ]
2016-12-12 18:10:14,168 INFO Action Prediction for win: [ 0.22095381  0.4059294   0.22945019  0.1436666 ]
2016-12-12 18:10:14,181 INFO Action Prediction for win: [ 0.22095381  0.4059294   0.22945019  0.1436666 ]
2016-12-12 18:10:14,194 INFO Action Prediction for win: [ 0.22095381  0.4059294   0.22945019  0.1436666 ]
2016-12-12 18:10:14,207 INFO Action Update: [ 0.22095381  0.4059294   0.22945019  0.1436666 ]
2016-12-12 18:10:16,143 INFO Game number: 2, Result: win, delay: 0.798546075821
2016-12-12 18:10:31,148 INFO Evidence Update: [ nan  nan  nan  nan]
2016-12-12 18:10:34,108 INFO Action Prediction for win: [ nan  nan  nan  nan]
2016-12-12 18:10:34,122 INFO Action Prediction for win: [ nan  nan  nan  nan]
2016-12-12 18:10:34,135 INFO Action Prediction for win: [ nan  nan  nan  nan]
2016-12-12 18:10:34,147 INFO Action Prediction for win: [ nan  nan  nan  nan]
2016-12-12 18:10:34,160 INFO Action Prediction for win: [ nan  nan  nan  nan]
2016-12-12 18:10:34,173 INFO Action Update: [ nan  nan  nan  nan]
2016-12-12 18:10:36,107 INFO Game number: 3, Result: win, delay: 12.4368178844
2016-12-12 18:10:39,583 INFO Evidence Update: [ nan  nan  nan  nan]
2016-12-12 18:10:42,547 INFO Action Prediction for win: [ nan  nan  nan  nan]
2016-12-12 18:10:42,561 INFO Action Prediction for win: [ nan  nan  nan  nan]
2016-12-12 18:10:42,575 INFO Action Prediction for win: [ nan  nan  nan  nan]
2016-12-12 18:10:42,589 INFO Action Prediction for win: [ nan  nan  nan  nan]
2016-12-12 18:10:42,603 INFO Action Prediction for win: [ nan  nan  nan  nan]
2016-12-12 18:10:42,615 INFO Action Update: [ nan  nan  nan  nan]
2016-12-12 18:10:44,542 INFO Game number: 4, Result: win, delay: 0.906225919724
2016-12-12 18:10:48,429 INFO Evidence Update: [ nan  nan  nan  nan]
2016-12-12 18:10:51,393 INFO Action Prediction for win: [ nan  nan  nan  nan]
2016-12-12 18:10:51,406 INFO Action Prediction for win: [ nan  nan  nan  nan]
2016-12-12 18:10:51,419 INFO Action Prediction for win: [ nan  nan  nan  nan]
2016-12-12 18:10:51,431 INFO Action Prediction for win: [ nan  nan  nan  nan]
2016-12-12 18:10:51,445 INFO Action Prediction for win: [ nan  nan  nan  nan]
2016-12-12 18:10:51,457 INFO Action Update: [ nan  nan  nan  nan]
2016-12-12 18:10:53,439 INFO Game number: 5, Result: win, delay: 1.31689310074
2016-12-12 18:10:57,270 INFO Evidence Update: [ nan  nan  nan  nan]
2016-12-12 18:11:00,232 INFO Action Prediction for win: [ nan  nan  nan  nan]
2016-12-12 18:11:00,245 INFO Action Prediction for win: [ nan  nan  nan  nan]
2016-12-12 18:11:00,258 INFO Action Prediction for win: [ nan  nan  nan  nan]
2016-12-12 18:11:00,271 INFO Action Prediction for win: [ nan  nan  nan  nan]
2016-12-12 18:11:00,283 INFO Action Prediction for win: [ nan  nan  nan  nan]
2016-12-12 18:11:00,295 INFO Action Update: [ nan  nan  nan  nan]
2016-12-12 18:11:02,229 INFO Game number: 6, Result: win, delay: 1.25682497025
2016-12-12 18:11:05,712 INFO Evidence Update: [ nan  nan  nan  nan]
2016-12-12 18:11:08,722 INFO Action Prediction for win: [ nan  nan  nan  nan]
2016-12-12 18:11:08,735 INFO Action Prediction for win: [ nan  nan  nan  nan]
2016-12-12 18:11:08,748 INFO Action Prediction for win: [ nan  nan  nan  nan]
2016-12-12 18:11:08,761 INFO Action Prediction for win: [ nan  nan  nan  nan]
2016-12-12 18:11:08,775 INFO Action Prediction for win: [ nan  nan  nan  nan]
2016-12-12 18:11:08,789 INFO Action Update: [ nan  nan  nan  nan]
2016-12-12 18:11:10,772 INFO Game number: 7, Result: win, delay: 0.912921190262
2016-12-12 18:11:16,831 INFO Evidence Update: [ nan  nan  nan  nan]
2016-12-12 18:11:19,797 INFO Action Prediction for win: [ nan  nan  nan  nan]
2016-12-12 18:11:19,810 INFO Action Prediction for win: [ nan  nan  nan  nan]
2016-12-12 18:11:19,823 INFO Action Prediction for win: [ nan  nan  nan  nan]
2016-12-12 18:11:19,835 INFO Action Prediction for win: [ nan  nan  nan  nan]
2016-12-12 18:11:19,849 INFO Action Prediction for win: [ nan  nan  nan  nan]
2016-12-12 18:11:19,863 INFO Action Update: [ nan  nan  nan  nan]
2016-12-12 18:11:21,790 INFO Game number: 8, Result: win, delay: 3.48404693604
2016-12-12 18:11:25,672 INFO Evidence Update: [ nan  nan  nan  nan]
2016-12-12 18:11:28,682 INFO Action Prediction for win: [ nan  nan  nan  nan]
2016-12-12 18:11:28,695 INFO Action Prediction for win: [ nan  nan  nan  nan]
2016-12-12 18:11:28,708 INFO Action Prediction for win: [ nan  nan  nan  nan]
2016-12-12 18:11:28,720 INFO Action Prediction for win: [ nan  nan  nan  nan]
2016-12-12 18:11:28,732 INFO Action Prediction for win: [ nan  nan  nan  nan]
2016-12-12 18:11:28,744 INFO Action Update: [ nan  nan  nan  nan]
2016-12-12 18:11:30,681 INFO Game number: 9, Result: win, delay: 1.31129002571
2016-12-12 18:11:36,809 INFO Evidence Update: [ nan  nan  nan  nan]
2016-12-12 18:11:39,820 INFO Action Prediction for win: [ nan  nan  nan  nan]
2016-12-12 18:11:39,833 INFO Action Prediction for win: [ nan  nan  nan  nan]
2016-12-12 18:11:39,856 INFO Action Prediction for win: [ nan  nan  nan  nan]
2016-12-12 18:11:39,869 INFO Action Prediction for win: [ nan  nan  nan  nan]
2016-12-12 18:11:39,882 INFO Action Prediction for win: [ nan  nan  nan  nan]
2016-12-12 18:11:39,896 INFO Action Update: [ nan  nan  nan  nan]
2016-12-12 18:11:41,818 INFO Game number: 10, Result: win, delay: 3.54772400856
2016-12-12 18:11:45,261 INFO Evidence Update: [ nan  nan  nan  nan]
2016-12-12 18:11:48,224 INFO Action Prediction for win: [ nan  nan  nan  nan]
2016-12-12 18:11:48,237 INFO Action Prediction for win: [ nan  nan  nan  nan]
2016-12-12 18:11:48,250 INFO Action Prediction for win: [ nan  nan  nan  nan]
2016-12-12 18:11:48,263 INFO Action Prediction for win: [ nan  nan  nan  nan]
2016-12-12 18:11:48,275 INFO Action Prediction for win: [ nan  nan  nan  nan]
2016-12-12 18:11:48,287 INFO Action Update: [ nan  nan  nan  nan]
2016-12-12 18:11:50,270 INFO Game number: 11, Result: win, delay: 0.872894048691
2016-12-12 18:11:54,088 INFO Evidence Update: [ nan  nan  nan  nan]
2016-12-12 18:11:57,006 INFO Action Prediction for win: [ nan  nan  nan  nan]
2016-12-12 18:11:57,019 INFO Action Prediction for win: [ nan  nan  nan  nan]
2016-12-12 18:11:57,032 INFO Action Prediction for win: [ nan  nan  nan  nan]
2016-12-12 18:11:57,045 INFO Action Prediction for win: [ nan  nan  nan  nan]
2016-12-12 18:11:57,059 INFO Action Prediction for win: [ nan  nan  nan  nan]
2016-12-12 18:11:57,071 INFO Action Update: [ nan  nan  nan  nan]
2016-12-12 18:11:59,099 INFO Game number: 12, Result: win, delay: 1.23884916306
2016-12-12 18:12:02,539 INFO Evidence Update: [ nan  nan  nan  nan]
2016-12-12 18:12:05,498 INFO Action Prediction for win: [ nan  nan  nan  nan]
2016-12-12 18:12:05,511 INFO Action Prediction for win: [ nan  nan  nan  nan]
2016-12-12 18:12:05,524 INFO Action Prediction for win: [ nan  nan  nan  nan]
2016-12-12 18:12:05,537 INFO Action Prediction for win: [ nan  nan  nan  nan]
2016-12-12 18:12:05,550 INFO Action Prediction for win: [ nan  nan  nan  nan]
2016-12-12 18:12:05,562 INFO Action Update: [ nan  nan  nan  nan]
2016-12-12 18:12:07,497 INFO Game number: 13, Result: win, delay: 0.869117021561
2016-12-12 18:12:11,357 INFO Evidence Update: [ nan  nan  nan  nan]
2016-12-12 18:12:14,370 INFO Action Prediction for win: [ nan  nan  nan  nan]
2016-12-12 18:12:14,383 INFO Action Prediction for win: [ nan  nan  nan  nan]
2016-12-12 18:12:14,396 INFO Action Prediction for win: [ nan  nan  nan  nan]
2016-12-12 18:12:14,409 INFO Action Prediction for win: [ nan  nan  nan  nan]
2016-12-12 18:12:14,421 INFO Action Prediction for win: [ nan  nan  nan  nan]
2016-12-12 18:12:14,433 INFO Action Update: [ nan  nan  nan  nan]
2016-12-12 18:12:16,416 INFO Game number: 14, Result: win, delay: 1.29238677025
2016-12-12 18:12:20,202 INFO Evidence Update: [ nan  nan  nan  nan]
2016-12-12 18:12:23,215 INFO Action Prediction for win: [ nan  nan  nan  nan]
2016-12-12 18:12:23,228 INFO Action Prediction for win: [ nan  nan  nan  nan]
2016-12-12 18:12:23,241 INFO Action Prediction for win: [ nan  nan  nan  nan]
2016-12-12 18:12:23,254 INFO Action Prediction for win: [ nan  nan  nan  nan]
2016-12-12 18:12:23,267 INFO Action Prediction for win: [ nan  nan  nan  nan]
2016-12-12 18:12:23,279 INFO Action Update: [ nan  nan  nan  nan]
2016-12-12 18:12:25,212 INFO Game number: 15, Result: win, delay: 1.21517086029
2016-12-12 18:12:29,406 INFO Evidence Update: [ nan  nan  nan  nan]
2016-12-12 18:12:32,367 INFO Action Prediction for win: [ nan  nan  nan  nan]
2016-12-12 18:12:32,380 INFO Action Prediction for win: [ nan  nan  nan  nan]
2016-12-12 18:12:32,394 INFO Action Prediction for win: [ nan  nan  nan  nan]
2016-12-12 18:12:32,408 INFO Action Prediction for win: [ nan  nan  nan  nan]
2016-12-12 18:12:32,421 INFO Action Prediction for win: [ nan  nan  nan  nan]
2016-12-12 18:12:32,434 INFO Action Update: [ nan  nan  nan  nan]
2016-12-12 18:12:34,415 INFO Game number: 16, Result: win, delay: 1.61775994301
2016-12-12 18:12:38,238 INFO Evidence Update: [ nan  nan  nan  nan]
2016-12-12 18:12:41,202 INFO Action Prediction for win: [ nan  nan  nan  nan]
2016-12-12 18:12:41,214 INFO Action Prediction for win: [ nan  nan  nan  nan]
2016-12-12 18:12:41,227 INFO Action Prediction for win: [ nan  nan  nan  nan]
2016-12-12 18:12:41,239 INFO Action Prediction for win: [ nan  nan  nan  nan]
2016-12-12 18:12:41,252 INFO Action Prediction for win: [ nan  nan  nan  nan]
2016-12-12 18:12:41,264 INFO Action Update: [ nan  nan  nan  nan]
2016-12-12 18:12:43,247 INFO Game number: 17, Result: win, delay: 1.24818897247
2016-12-12 18:12:47,082 INFO Evidence Update: [ nan  nan  nan  nan]
2016-12-12 18:12:50,091 INFO Action Prediction for win: [ nan  nan  nan  nan]
2016-12-12 18:12:50,104 INFO Action Prediction for win: [ nan  nan  nan  nan]
2016-12-12 18:12:50,117 INFO Action Prediction for win: [ nan  nan  nan  nan]
2016-12-12 18:12:50,130 INFO Action Prediction for win: [ nan  nan  nan  nan]
2016-12-12 18:12:50,144 INFO Action Prediction for win: [ nan  nan  nan  nan]
2016-12-12 18:12:50,156 INFO Action Update: [ nan  nan  nan  nan]
2016-12-12 18:12:52,141 INFO Game number: 18, Result: win, delay: 1.25761198997
2016-12-12 18:12:55,554 INFO Evidence Update: [ nan  nan  nan  nan]
2016-12-12 18:12:58,516 INFO Action Prediction for win: [ nan  nan  nan  nan]
2016-12-12 18:12:58,530 INFO Action Prediction for win: [ nan  nan  nan  nan]
2016-12-12 18:12:58,543 INFO Action Prediction for win: [ nan  nan  nan  nan]
2016-12-12 18:12:58,555 INFO Action Prediction for win: [ nan  nan  nan  nan]
2016-12-12 18:12:58,569 INFO Action Prediction for win: [ nan  nan  nan  nan]
2016-12-12 18:12:58,582 INFO Action Update: [ nan  nan  nan  nan]
2016-12-12 18:13:00,514 INFO Game number: 19, Result: win, delay: 0.840482950211
2016-12-12 18:13:04,358 INFO Evidence Update: [ nan  nan  nan  nan]
2016-12-12 18:13:07,321 INFO Action Prediction for win: [ nan  nan  nan  nan]
2016-12-12 18:13:07,335 INFO Action Prediction for win: [ nan  nan  nan  nan]
2016-12-12 18:13:07,347 INFO Action Prediction for win: [ nan  nan  nan  nan]
2016-12-12 18:13:07,360 INFO Action Prediction for win: [ nan  nan  nan  nan]
2016-12-12 18:13:07,374 INFO Action Prediction for win: [ nan  nan  nan  nan]
2016-12-12 18:13:07,387 INFO Action Update: [ nan  nan  nan  nan]
2016-12-12 18:13:09,318 INFO Game number: 20, Result: win, delay: 1.27595901489
2016-12-12 18:13:13,193 INFO Evidence Update: [ nan  nan  nan  nan]
2016-12-12 18:13:16,160 INFO Action Prediction for win: [ nan  nan  nan  nan]
2016-12-12 18:13:16,174 INFO Action Prediction for win: [ nan  nan  nan  nan]
2016-12-12 18:13:16,187 INFO Action Prediction for win: [ nan  nan  nan  nan]
2016-12-12 18:13:16,199 INFO Action Prediction for win: [ nan  nan  nan  nan]
2016-12-12 18:13:16,213 INFO Action Prediction for win: [ nan  nan  nan  nan]
2016-12-12 18:13:16,227 INFO Action Update: [ nan  nan  nan  nan]
2016-12-12 18:13:18,153 INFO Game number: 21, Result: win, delay: 1.29734683037
2016-12-12 18:13:21,656 INFO Evidence Update: [ nan  nan  nan  nan]
2016-12-12 18:13:24,622 INFO Action Prediction for win: [ nan  nan  nan  nan]
2016-12-12 18:13:24,636 INFO Action Prediction for win: [ nan  nan  nan  nan]
2016-12-12 18:13:24,650 INFO Action Prediction for win: [ nan  nan  nan  nan]
2016-12-12 18:13:24,664 INFO Action Prediction for win: [ nan  nan  nan  nan]
2016-12-12 18:13:24,677 INFO Action Prediction for win: [ nan  nan  nan  nan]
2016-12-12 18:13:24,689 INFO Action Update: [ nan  nan  nan  nan]
2016-12-12 18:13:26,667 INFO Game number: 22, Result: win, delay: 0.932220935822
2016-12-12 18:13:31,997 INFO Evidence Update: [ nan  nan  nan  nan]
2016-12-12 18:13:34,965 INFO Action Prediction for win: [ nan  nan  nan  nan]
2016-12-12 18:13:34,977 INFO Action Prediction for win: [ nan  nan  nan  nan]
2016-12-12 18:13:34,989 INFO Action Prediction for win: [ nan  nan  nan  nan]
2016-12-12 18:13:35,001 INFO Action Prediction for win: [ nan  nan  nan  nan]
2016-12-12 18:13:35,013 INFO Action Prediction for win: [ nan  nan  nan  nan]
2016-12-12 18:13:35,025 INFO Action Update: [ nan  nan  nan  nan]
2016-12-12 18:13:36,957 INFO Game number: 23, Result: win, delay: 2.76165819168
2016-12-12 18:13:40,831 INFO Evidence Update: [ nan  nan  nan  nan]
2016-12-12 18:13:43,793 INFO Action Prediction for win: [ nan  nan  nan  nan]
2016-12-12 18:13:43,806 INFO Action Prediction for win: [ nan  nan  nan  nan]
2016-12-12 18:13:43,819 INFO Action Prediction for win: [ nan  nan  nan  nan]
2016-12-12 18:13:43,831 INFO Action Prediction for win: [ nan  nan  nan  nan]
2016-12-12 18:13:43,845 INFO Action Prediction for win: [ nan  nan  nan  nan]
2016-12-12 18:13:43,858 INFO Action Update: [ nan  nan  nan  nan]
2016-12-12 18:13:45,791 INFO Game number: 24, Result: win, delay: 1.30481004715
2016-12-12 18:13:55,060 INFO Evidence Update: [ nan  nan  nan  nan]
2016-12-12 18:13:58,020 INFO Action Prediction for win: [ nan  nan  nan  nan]
2016-12-12 18:13:58,032 INFO Action Prediction for win: [ nan  nan  nan  nan]
2016-12-12 18:13:58,050 INFO Action Prediction for win: [ nan  nan  nan  nan]
2016-12-12 18:13:58,064 INFO Action Prediction for win: [ nan  nan  nan  nan]
2016-12-12 18:13:58,077 INFO Action Prediction for win: [ nan  nan  nan  nan]
2016-12-12 18:13:58,090 INFO Action Update: [ nan  nan  nan  nan]
2016-12-12 18:14:00,020 INFO Game number: 25, Result: win, delay: 6.69644594193
2016-12-12 18:14:30,373 INFO Ending game at 1481584470.37 Delay before NO was: 27.7913239002 Total game time was: 268.77952981
