2016-12-09 19:40:49,534 INFO ######################################################################
2016-12-09 19:40:49,743 INFO ######################################################################
2016-12-09 19:40:53,161 INFO Starting game at 1481330453.16
2016-12-09 19:40:54,409 INFO Evidence Update: [ 1.  0.  0.  0.]
2016-12-09 19:40:56,773 INFO Action Prediction for win: [ 0.4   0.5   0.09  0.01]
2016-12-09 19:40:56,785 INFO Action Prediction for lose: [ 0.82  0.15  0.02  0.01]
2016-12-09 19:40:56,799 INFO Action Prediction for lose: [ 0.82  0.15  0.02  0.01]
2016-12-09 19:40:56,812 INFO Action Prediction for win: [ 0.4   0.5   0.09  0.01]
2016-12-09 19:40:56,828 INFO Action Prediction for tie: [ 0.7   0.25  0.04  0.01]
2016-12-09 19:40:56,842 INFO Action Update: [ 0.7   0.25  0.04  0.01]
2016-12-09 19:40:58,368 INFO Game number: 1, Result: tie, delay: 1.24502301216
2016-12-09 19:41:02,491 INFO Evidence Update: [ 0.72441214  0.27158495  0.00238396  0.        ]
2016-12-09 19:41:04,701 INFO Action Prediction for win: [ 0.30336794  0.5252524   0.14774536  0.02201535]
2016-12-09 19:41:04,717 INFO Action Prediction for lose: [ 0.75720732  0.20514693  0.02313642  0.01279502]
2016-12-09 19:41:04,732 INFO Action Prediction for tie: [ 0.54785008  0.3850063   0.05225285  0.01327181]
2016-12-09 19:41:04,748 INFO Action Prediction for tie: [ 0.54785008  0.3850063   0.05225285  0.01327181]
2016-12-09 19:41:04,761 INFO Action Prediction for lose: [ 0.75720732  0.20514693  0.02313642  0.01279502]
2016-12-09 19:41:04,775 INFO Action Update: [ 0.75720732  0.20514693  0.02313642  0.01279502]
2016-12-09 19:41:06,550 INFO Game number: 2, Result: lose, delay: 1.54853391647
2016-12-09 19:41:12,451 INFO Evidence Update: [ 0.32021862  0.54347931  0.11975775  0.        ]
2016-12-09 19:41:14,661 INFO Action Prediction for tie: [ 0.30687251  0.49844233  0.13412963  0.04401121]
2016-12-09 19:41:14,678 INFO Action Prediction for tie: [ 0.30687251  0.49844233  0.13412963  0.04401121]
2016-12-09 19:41:14,693 INFO Action Prediction for tie: [ 0.30687251  0.49844233  0.13412963  0.04401121]
2016-12-09 19:41:14,705 INFO Action Prediction for tie: [ 0.30687251  0.49844233  0.13412963  0.04401121]
2016-12-09 19:41:14,717 INFO Action Prediction for win: [ 0.15645899  0.4909872   0.24575446  0.09025503]
2016-12-09 19:41:14,730 INFO Action Update: [ 0.15645899  0.4909872   0.24575446  0.09025503]
2016-12-09 19:41:16,459 INFO Game number: 3, Result: win, delay: 3.33489894867
2016-12-09 19:41:22,049 INFO Evidence Update: [ 0.04195698  0.60465576  0.31777894  0.        ]
2016-12-09 19:41:24,262 INFO Action Prediction for win: [ 0.05019337  0.3964831   0.32817338  0.18954183]
2016-12-09 19:41:24,275 INFO Action Prediction for lose: [ 0.42897607  0.40859043  0.08571239  0.02840163]
2016-12-09 19:41:24,287 INFO Action Prediction for tie: [ 0.12324604  0.49258117  0.25660705  0.09195742]
2016-12-09 19:41:24,300 INFO Action Prediction for win: [ 0.05019337  0.3964831   0.32817338  0.18954183]
2016-12-09 19:41:24,314 INFO Action Prediction for lose: [ 0.42897607  0.40859043  0.08571239  0.02840163]
2016-12-09 19:41:24,327 INFO Action Update: [ 0.42897607  0.40859043  0.08571239  0.02840163]
2016-12-09 19:41:26,108 INFO Game number: 4, Result: lose, delay: 3.0243909359
2016-12-09 19:41:31,671 INFO Evidence Update: [ 0.16149525  0.68315399  0.14073382  0.        ]
2016-12-09 19:41:33,882 INFO Action Prediction for lose: [ 0.55639188  0.34776848  0.05327863  0.02231472]
2016-12-09 19:41:33,904 INFO Action Prediction for win: [ 0.10016314  0.49626937  0.28281099  0.10613956]
2016-12-09 19:41:33,917 INFO Action Prediction for tie: [ 0.21692711  0.56540535  0.15258911  0.05046149]
2016-12-09 19:41:33,931 INFO Action Prediction for tie: [ 0.21692711  0.56540535  0.15258911  0.05046149]
2016-12-09 19:41:33,943 INFO Action Prediction for tie: [ 0.21692711  0.56540535  0.15258911  0.05046149]
2016-12-09 19:41:33,957 INFO Action Update: [ 0.21692711  0.56540535  0.15258911  0.05046149]
2016-12-09 19:41:35,480 INFO Game number: 5, Result: tie, delay: 2.99093294144
2016-12-09 19:41:39,326 INFO Evidence Update: [ 0.31955536  0.66513842  0.00569944  0.        ]
2016-12-09 19:41:41,543 INFO Action Prediction for win: [ 0.16113606  0.55908871  0.23086626  0.0393022 ]
2016-12-09 19:41:41,556 INFO Action Prediction for tie: [ 0.32351651  0.5792556   0.06969793  0.01792318]
2016-12-09 19:41:41,571 INFO Action Prediction for tie: [ 0.32351651  0.5792556   0.06969793  0.01792318]
2016-12-09 19:41:41,585 INFO Action Prediction for win: [ 0.16113606  0.55908871  0.23086626  0.0393022 ]
2016-12-09 19:41:41,598 INFO Action Prediction for win: [ 0.16113606  0.55908871  0.23086626  0.0393022 ]
2016-12-09 19:41:41,623 INFO Action Update: [ 0.16113606  0.55908871  0.23086626  0.0393022 ]
2016-12-09 19:41:43,336 INFO Game number: 6, Result: win, delay: 1.27508306503
2016-12-09 19:41:46,642 INFO Evidence Update: [ 0.3776543   0.60960341  0.00271253  0.        ]
2016-12-09 19:41:48,857 INFO Action Prediction for win: [ 0.18156902  0.5546977   0.21809055  0.03561298]
2016-12-09 19:41:48,871 INFO Action Prediction for win: [ 0.18156902  0.5546977   0.21809055  0.03561298]
2016-12-09 19:41:48,885 INFO Action Prediction for tie: [ 0.35582565  0.55186026  0.06563759  0.01664674]
2016-12-09 19:41:48,899 INFO Action Prediction for win: [ 0.18156902  0.5546977   0.21809055  0.03561298]
2016-12-09 19:41:48,912 INFO Action Prediction for win: [ 0.18156902  0.5546977   0.21809055  0.03561298]
2016-12-09 19:41:48,925 INFO Action Update: [ 0.18156902  0.5546977   0.21809055  0.03561298]
2016-12-09 19:41:50,652 INFO Game number: 7, Result: win, delay: 0.734770059586
2016-12-09 19:41:54,301 INFO Evidence Update: [ 0.32799455  0.65885505  0.00557577  0.        ]
2016-12-09 19:41:56,519 INFO Action Prediction for lose: [ 0.66482613  0.28314391  0.02749645  0.01673583]
2016-12-09 19:41:56,533 INFO Action Prediction for lose: [ 0.66482613  0.28314391  0.02749645  0.01673583]
2016-12-09 19:41:56,549 INFO Action Prediction for lose: [ 0.66482613  0.28314391  0.02749645  0.01673583]
2016-12-09 19:41:56,563 INFO Action Prediction for tie: [ 0.3284802   0.57664174  0.06945243  0.01785099]
2016-12-09 19:41:56,577 INFO Action Prediction for tie: [ 0.3284802   0.57664174  0.06945243  0.01785099]
2016-12-09 19:41:56,591 INFO Action Update: [ 0.3284802   0.57664174  0.06945243  0.01785099]
2016-12-09 19:41:58,109 INFO Game number: 8, Result: tie, delay: 1.08071899414
2016-12-09 19:42:01,983 INFO Evidence Update: [ 0.40739538  0.58732112  0.0023752   0.        ]
2016-12-09 19:42:04,196 INFO Action Prediction for win: [ 0.19234796  0.55618537  0.21393076  0.03462761]
2016-12-09 19:42:04,209 INFO Action Prediction for tie: [ 0.37329868  0.54255345  0.06482538  0.01641417]
2016-12-09 19:42:04,223 INFO Action Prediction for lose: [ 0.6866944   0.26809682  0.02626633  0.01593914]
2016-12-09 19:42:04,237 INFO Action Prediction for win: [ 0.19234796  0.55618537  0.21393076  0.03462761]
2016-12-09 19:42:04,251 INFO Action Prediction for lose: [ 0.6866944   0.26809682  0.02626633  0.01593914]
2016-12-09 19:42:04,263 INFO Action Update: [ 0.6866944   0.26809682  0.02626633  0.01593914]
2016-12-09 19:42:06,042 INFO Game number: 9, Result: lose, delay: 1.30304288864
2016-12-09 19:42:09,655 INFO Ending game at 1481330529.66 Delay before NO was: 1.04764485359 Total game time was: 76.4933319092
2016-12-09 19:45:29,354 INFO ######################################################################
2016-12-09 19:45:29,563 INFO ######################################################################
2016-12-09 19:45:33,036 INFO Starting game at 1481330733.04
2016-12-09 19:45:34,169 INFO Evidence Update: [ 1.  0.  0.  0.]
2016-12-09 19:45:36,528 INFO Action Prediction for win: [ 0.4   0.5   0.09  0.01]
2016-12-09 19:45:36,542 INFO Action Prediction for win: [ 0.4   0.5   0.09  0.01]
2016-12-09 19:45:36,557 INFO Action Prediction for win: [ 0.4   0.5   0.09  0.01]
2016-12-09 19:45:36,570 INFO Action Prediction for win: [ 0.4   0.5   0.09  0.01]
2016-12-09 19:45:36,583 INFO Action Prediction for win: [ 0.4   0.5   0.09  0.01]
2016-12-09 19:45:36,595 INFO Action Update: [ 0.4   0.5   0.09  0.01]
2016-12-09 19:45:38,329 INFO Game number: 1, Result: win, delay: 1.13124513626
2016-12-09 19:45:41,849 INFO Evidence Update: [ 0.57845985  0.41864943  0.00125769  0.        ]
2016-12-09 19:45:44,070 INFO Action Prediction for win: [ 0.25232899  0.54046989  0.17822218  0.02734592]
2016-12-09 19:45:44,083 INFO Action Prediction for win: [ 0.25232899  0.54046989  0.17822218  0.02734592]
2016-12-09 19:45:44,097 INFO Action Prediction for win: [ 0.25232899  0.54046989  0.17822218  0.02734592]
2016-12-09 19:45:44,110 INFO Action Prediction for win: [ 0.25232899  0.54046989  0.17822218  0.02734592]
2016-12-09 19:45:44,123 INFO Action Prediction for win: [ 0.25232899  0.54046989  0.17822218  0.02734592]
2016-12-09 19:45:44,135 INFO Action Update: [ 0.25232899  0.54046989  0.17822218  0.02734592]
2016-12-09 19:45:45,858 INFO Game number: 2, Result: win, delay: 0.95352101326
2016-12-09 19:45:49,886 INFO Evidence Update: [ 0.32137735  0.66341207  0.01011622  0.        ]
2016-12-09 19:45:52,121 INFO Action Prediction for win: [ 0.16182271  0.55914057  0.23249988  0.04144249]
2016-12-09 19:45:52,135 INFO Action Prediction for win: [ 0.16182271  0.55914057  0.23249988  0.04144249]
2016-12-09 19:45:52,147 INFO Action Prediction for win: [ 0.16182271  0.55914057  0.23249988  0.04144249]
2016-12-09 19:45:52,160 INFO Action Prediction for win: [ 0.16182271  0.55914057  0.23249988  0.04144249]
2016-12-09 19:45:52,173 INFO Action Prediction for win: [ 0.16182271  0.55914057  0.23249988  0.04144249]
2016-12-09 19:45:52,188 INFO Action Update: [ 0.16182271  0.55914057  0.23249988  0.04144249]
2016-12-09 19:45:53,894 INFO Game number: 3, Result: win, delay: 1.46307516098
2016-12-09 19:45:57,582 INFO Evidence Update: [ 0.29254801  0.69177834  0.00670752  0.        ]
2016-12-09 19:45:59,795 INFO Action Prediction for win: [ 0.1516752   0.56160931  0.23688121  0.04086816]
2016-12-09 19:45:59,814 INFO Action Prediction for win: [ 0.1516752   0.56160931  0.23688121  0.04086816]
2016-12-09 19:45:59,827 INFO Action Prediction for win: [ 0.1516752   0.56160931  0.23688121  0.04086816]
2016-12-09 19:45:59,841 INFO Action Prediction for win: [ 0.1516752   0.56160931  0.23688121  0.04086816]
2016-12-09 19:45:59,854 INFO Action Prediction for win: [ 0.1516752   0.56160931  0.23688121  0.04086816]
2016-12-09 19:45:59,867 INFO Action Update: [ 0.1516752   0.56160931  0.23688121  0.04086816]
2016-12-09 19:46:01,590 INFO Game number: 4, Result: win, delay: 1.12073707581
2016-12-09 19:46:06,408 INFO Evidence Update: [ 0.10338365  0.81050905  0.07630338  0.        ]
2016-12-09 19:46:08,679 INFO Action Prediction for win: [ 0.08264194  0.54104939  0.28679376  0.07971098]
2016-12-09 19:46:08,693 INFO Action Prediction for win: [ 0.08264194  0.54104939  0.28679376  0.07971098]
2016-12-09 19:46:08,707 INFO Action Prediction for win: [ 0.08264194  0.54104939  0.28679376  0.07971098]
2016-12-09 19:46:08,719 INFO Action Prediction for win: [ 0.08264194  0.54104939  0.28679376  0.07971098]
2016-12-09 19:46:08,733 INFO Action Prediction for win: [ 0.08264194  0.54104939  0.28679376  0.07971098]
2016-12-09 19:46:08,747 INFO Action Update: [ 0.08264194  0.54104939  0.28679376  0.07971098]
2016-12-09 19:46:10,418 INFO Game number: 5, Result: win, delay: 2.25015091896
2016-12-09 19:46:14,110 INFO Evidence Update: [ 0.17599533  0.79369394  0.0099388   0.        ]
2016-12-09 19:46:16,404 INFO Action Prediction for win: [ 0.11018222  0.56461158  0.25842022  0.04641405]
2016-12-09 19:46:16,428 INFO Action Prediction for win: [ 0.11018222  0.56461158  0.25842022  0.04641405]
2016-12-09 19:46:16,441 INFO Action Prediction for win: [ 0.11018222  0.56461158  0.25842022  0.04641405]
2016-12-09 19:46:16,456 INFO Action Prediction for win: [ 0.11018222  0.56461158  0.25842022  0.04641405]
2016-12-09 19:46:16,469 INFO Action Prediction for win: [ 0.11018222  0.56461158  0.25842022  0.04641405]
2016-12-09 19:46:16,482 INFO Action Update: [ 0.11018222  0.56461158  0.25842022  0.04641405]
2016-12-09 19:46:18,119 INFO Game number: 6, Result: win, delay: 1.12724709511
2016-12-09 19:46:22,152 INFO Evidence Update: [ 0.1637116   0.80904939  0.01714681  0.        ]
2016-12-09 19:46:24,421 INFO Action Prediction for win: [ 0.10610858  0.56797131  0.26516492  0.05066299]
2016-12-09 19:46:24,434 INFO Action Prediction for win: [ 0.10610858  0.56797131  0.26516492  0.05066299]
2016-12-09 19:46:24,447 INFO Action Prediction for win: [ 0.10610858  0.56797131  0.26516492  0.05066299]
2016-12-09 19:46:24,459 INFO Action Prediction for win: [ 0.10610858  0.56797131  0.26516492  0.05066299]
2016-12-09 19:46:24,473 INFO Action Prediction for win: [ 0.10610858  0.56797131  0.26516492  0.05066299]
2016-12-09 19:46:24,487 INFO Action Update: [ 0.10610858  0.56797131  0.26516492  0.05066299]
2016-12-09 19:46:26,161 INFO Game number: 7, Result: win, delay: 1.46375107765
2016-12-09 19:46:29,446 INFO Evidence Update: [ 0.28492316  0.69689644  0.00338224  0.        ]
2016-12-09 19:46:31,655 INFO Action Prediction for win: [ 0.14884791  0.56073473  0.23623402  0.03938517]
2016-12-09 19:46:31,669 INFO Action Prediction for win: [ 0.14884791  0.56073473  0.23623402  0.03938517]
2016-12-09 19:46:31,682 INFO Action Prediction for win: [ 0.14884791  0.56073473  0.23623402  0.03938517]
2016-12-09 19:46:31,696 INFO Action Prediction for win: [ 0.14884791  0.56073473  0.23623402  0.03938517]
2016-12-09 19:46:31,710 INFO Action Prediction for win: [ 0.14884791  0.56073473  0.23623402  0.03938517]
2016-12-09 19:46:31,723 INFO Action Update: [ 0.14884791  0.56073473  0.23623402  0.03938517]
2016-12-09 19:46:33,455 INFO Game number: 8, Result: win, delay: 0.716809034348
2016-12-09 19:46:37,126 INFO Evidence Update: [ 0.27947509  0.70512019  0.006634    0.        ]
2016-12-09 19:46:39,447 INFO Action Prediction for win: [ 0.14711239  0.56307502  0.23967412  0.04136776]
2016-12-09 19:46:39,461 INFO Action Prediction for win: [ 0.14711239  0.56307502  0.23967412  0.04136776]
2016-12-09 19:46:39,486 INFO Action Prediction for win: [ 0.14711239  0.56307502  0.23967412  0.04136776]
2016-12-09 19:46:39,498 INFO Action Prediction for win: [ 0.14711239  0.56307502  0.23967412  0.04136776]
2016-12-09 19:46:39,510 INFO Action Prediction for win: [ 0.14711239  0.56307502  0.23967412  0.04136776]
2016-12-09 19:46:39,522 INFO Action Update: [ 0.14711239  0.56307502  0.23967412  0.04136776]
2016-12-09 19:46:41,135 INFO Game number: 9, Result: win, delay: 1.099132061
2016-12-09 19:46:44,444 INFO Evidence Update: [ 0.35386401  0.63237721  0.00292142  0.        ]
2016-12-09 19:46:46,657 INFO Action Prediction for win: [ 0.17319368  0.55647519  0.22287556  0.03661821]
2016-12-09 19:46:46,669 INFO Action Prediction for win: [ 0.17319368  0.55647519  0.22287556  0.03661821]
2016-12-09 19:46:46,681 INFO Action Prediction for win: [ 0.17319368  0.55647519  0.22287556  0.03661821]
2016-12-09 19:46:46,693 INFO Action Prediction for win: [ 0.17319368  0.55647519  0.22287556  0.03661821]
2016-12-09 19:46:46,705 INFO Action Prediction for win: [ 0.17319368  0.55647519  0.22287556  0.03661821]
2016-12-09 19:46:46,718 INFO Action Update: [ 0.17319368  0.55647519  0.22287556  0.03661821]
2016-12-09 19:46:48,453 INFO Game number: 10, Result: win, delay: 0.738357067108
2016-12-09 19:46:52,098 INFO Evidence Update: [ 0.31737423  0.66899046  0.00574146  0.        ]
2016-12-09 19:46:54,426 INFO Action Prediction for win: [ 0.16045663  0.56031105  0.23184448  0.039494  ]
2016-12-09 19:46:54,451 INFO Action Prediction for win: [ 0.16045663  0.56031105  0.23184448  0.039494  ]
2016-12-09 19:46:54,467 INFO Action Prediction for win: [ 0.16045663  0.56031105  0.23184448  0.039494  ]
2016-12-09 19:46:54,479 INFO Action Prediction for win: [ 0.16045663  0.56031105  0.23184448  0.039494  ]
2016-12-09 19:46:54,492 INFO Action Prediction for win: [ 0.16045663  0.56031105  0.23184448  0.039494  ]
2016-12-09 19:46:54,505 INFO Action Update: [ 0.16045663  0.56031105  0.23184448  0.039494  ]
2016-12-09 19:46:56,107 INFO Game number: 11, Result: win, delay: 1.07847595215
2016-12-09 19:46:59,415 INFO Evidence Update: [ 0.37455734  0.61263085  0.00276886  0.        ]
2016-12-09 19:47:01,632 INFO Action Prediction for win: [ 0.18048217  0.55496793  0.2187454   0.03576155]
2016-12-09 19:47:01,649 INFO Action Prediction for win: [ 0.18048217  0.55496793  0.2187454   0.03576155]
2016-12-09 19:47:01,663 INFO Action Prediction for win: [ 0.18048217  0.55496793  0.2187454   0.03576155]
2016-12-09 19:47:01,675 INFO Action Prediction for win: [ 0.18048217  0.55496793  0.2187454   0.03576155]
2016-12-09 19:47:01,696 INFO Action Prediction for win: [ 0.18048217  0.55496793  0.2187454   0.03576155]
2016-12-09 19:47:01,709 INFO Action Update: [ 0.18048217  0.55496793  0.2187454   0.03576155]
2016-12-09 19:47:03,423 INFO Game number: 12, Result: win, delay: 0.741549015045
2016-12-09 19:47:06,301 INFO Evidence Update: [ 0.50986786  0.47761661  0.00086985  0.        ]
2016-12-09 19:47:08,529 INFO Action Prediction for win: [ 0.22783667  0.54153869  0.18956452  0.02941443]
2016-12-09 19:47:08,543 INFO Action Prediction for win: [ 0.22783667  0.54153869  0.18956452  0.02941443]
2016-12-09 19:47:08,555 INFO Action Prediction for win: [ 0.22783667  0.54153869  0.18956452  0.02941443]
2016-12-09 19:47:08,578 INFO Action Prediction for win: [ 0.22783667  0.54153869  0.18956452  0.02941443]
2016-12-09 19:47:08,591 INFO Action Prediction for win: [ 0.22783667  0.54153869  0.18956452  0.02941443]
2016-12-09 19:47:08,605 INFO Action Update: [ 0.22783667  0.54153869  0.18956452  0.02941443]
2016-12-09 19:47:10,314 INFO Game number: 13, Result: win, delay: 0.311378002167
2016-12-09 19:47:13,622 INFO Evidence Update: [ 0.46940986  0.52199764  0.00199129  0.        ]
2016-12-09 19:47:15,847 INFO Action Prediction for win: [ 0.21388374  0.54798316  0.19974226  0.03178962]
2016-12-09 19:47:15,861 INFO Action Prediction for win: [ 0.21388374  0.54798316  0.19974226  0.03178962]
2016-12-09 19:47:15,873 INFO Action Prediction for win: [ 0.21388374  0.54798316  0.19974226  0.03178962]
2016-12-09 19:47:15,887 INFO Action Prediction for win: [ 0.21388374  0.54798316  0.19974226  0.03178962]
2016-12-09 19:47:15,903 INFO Action Prediction for win: [ 0.21388374  0.54798316  0.19974226  0.03178962]
2016-12-09 19:47:15,916 INFO Action Update: [ 0.21388374  0.54798316  0.19974226  0.03178962]
2016-12-09 19:47:17,630 INFO Game number: 14, Result: win, delay: 0.740401029587
2016-12-09 19:47:22,060 INFO Evidence Update: [ 0.2063772   0.75876219  0.02835531  0.        ]
2016-12-09 19:47:24,294 INFO Action Prediction for win: [ 0.12077254  0.55958013  0.2589625   0.05417954]
2016-12-09 19:47:24,308 INFO Action Prediction for win: [ 0.12077254  0.55958013  0.2589625   0.05417954]
2016-12-09 19:47:24,328 INFO Action Prediction for win: [ 0.12077254  0.55958013  0.2589625   0.05417954]
2016-12-09 19:47:24,342 INFO Action Prediction for win: [ 0.12077254  0.55958013  0.2589625   0.05417954]
2016-12-09 19:47:24,355 INFO Action Prediction for win: [ 0.12077254  0.55958013  0.2589625   0.05417954]
2016-12-09 19:47:24,368 INFO Action Update: [ 0.12077254  0.55958013  0.2589625   0.05417954]
2016-12-09 19:47:26,069 INFO Game number: 15, Result: win, delay: 1.86117100716
2016-12-09 19:47:30,118 INFO Ending game at 1481330850.12 Delay before NO was: 1.48625087738 Total game time was: 117.082236052
2016-12-09 19:49:57,721 INFO ######################################################################
2016-12-09 19:49:57,938 INFO ######################################################################
2016-12-09 19:50:01,410 INFO Starting game at 1481331001.41
2016-12-09 19:50:02,573 INFO Evidence Update: [ 1.  0.  0.  0.]
2016-12-09 19:50:04,936 INFO Action Prediction for win: [ 0.4   0.5   0.09  0.01]
2016-12-09 19:50:04,950 INFO Action Prediction for win: [ 0.4   0.5   0.09  0.01]
2016-12-09 19:50:04,964 INFO Action Prediction for win: [ 0.4   0.5   0.09  0.01]
2016-12-09 19:50:04,978 INFO Action Prediction for win: [ 0.4   0.5   0.09  0.01]
2016-12-09 19:50:04,992 INFO Action Prediction for win: [ 0.4   0.5   0.09  0.01]
2016-12-09 19:50:05,005 INFO Action Update: [ 0.4   0.5   0.09  0.01]
2016-12-09 19:50:06,731 INFO Game number: 1, Result: win, delay: 1.15533399582
2016-12-09 19:50:10,253 INFO Evidence Update: [ 0.57857188  0.41853877  0.00125621  0.        ]
2016-12-09 19:50:12,467 INFO Action Prediction for win: [ 0.25236825  0.54045945  0.1781984   0.02734076]
2016-12-09 19:50:12,480 INFO Action Prediction for win: [ 0.25236825  0.54045945  0.1781984   0.02734076]
2016-12-09 19:50:12,492 INFO Action Prediction for win: [ 0.25236825  0.54045945  0.1781984   0.02734076]
2016-12-09 19:50:12,505 INFO Action Prediction for win: [ 0.25236825  0.54045945  0.1781984   0.02734076]
2016-12-09 19:50:12,520 INFO Action Prediction for win: [ 0.25236825  0.54045945  0.1781984   0.02734076]
2016-12-09 19:50:12,533 INFO Action Update: [ 0.25236825  0.54045945  0.1781984   0.02734076]
2016-12-09 19:50:14,262 INFO Game number: 2, Result: win, delay: 0.953063011169
2016-12-09 19:50:18,299 INFO Evidence Update: [ 0.32107862  0.66367814  0.01014964  0.        ]
2016-12-09 19:50:20,513 INFO Action Prediction for win: [ 0.16171685  0.55915218  0.23256786  0.04146951]
2016-12-09 19:50:20,526 INFO Action Prediction for win: [ 0.16171685  0.55915218  0.23256786  0.04146951]
2016-12-09 19:50:20,541 INFO Action Prediction for win: [ 0.16171685  0.55915218  0.23256786  0.04146951]
2016-12-09 19:50:20,554 INFO Action Prediction for win: [ 0.16171685  0.55915218  0.23256786  0.04146951]
2016-12-09 19:50:20,565 INFO Action Prediction for win: [ 0.16171685  0.55915218  0.23256786  0.04146951]
2016-12-09 19:50:20,578 INFO Action Update: [ 0.16171685  0.55915218  0.23256786  0.04146951]
2016-12-09 19:50:22,308 INFO Game number: 3, Result: win, delay: 1.46458101273
2016-12-09 19:50:25,595 INFO Evidence Update: [ 0.38191771  0.60480068  0.00262715  0.        ]
2016-12-09 19:50:27,806 INFO Action Prediction for win: [ 0.18303339  0.55394435  0.21699501  0.03537278]
2016-12-09 19:50:27,819 INFO Action Prediction for win: [ 0.18303339  0.55394435  0.21699501  0.03537278]
2016-12-09 19:50:27,834 INFO Action Prediction for win: [ 0.18303339  0.55394435  0.21699501  0.03537278]
2016-12-09 19:50:27,847 INFO Action Prediction for win: [ 0.18303339  0.55394435  0.21699501  0.03537278]
2016-12-09 19:50:27,859 INFO Action Prediction for win: [ 0.18303339  0.55394435  0.21699501  0.03537278]
2016-12-09 19:50:27,873 INFO Action Update: [ 0.18303339  0.55394435  0.21699501  0.03537278]
2016-12-09 19:50:29,605 INFO Game number: 4, Result: win, delay: 0.719118833542
2016-12-09 19:50:33,280 INFO Evidence Update: [ 0.32510296  0.66159904  0.00583407  0.        ]
2016-12-09 19:50:35,487 INFO Action Prediction for win: [ 0.16317948  0.55974427  0.23036431  0.03924802]
2016-12-09 19:50:35,499 INFO Action Prediction for win: [ 0.16317948  0.55974427  0.23036431  0.03924802]
2016-12-09 19:50:35,511 INFO Action Prediction for win: [ 0.16317948  0.55974427  0.23036431  0.03924802]
2016-12-09 19:50:35,527 INFO Action Prediction for win: [ 0.16317948  0.55974427  0.23036431  0.03924802]
2016-12-09 19:50:35,542 INFO Action Prediction for win: [ 0.16317948  0.55974427  0.23036431  0.03924802]
2016-12-09 19:50:35,561 INFO Action Update: [ 0.16317948  0.55974427  0.23036431  0.03924802]
2016-12-09 19:50:37,289 INFO Game number: 5, Result: win, delay: 1.10312199593
2016-12-09 19:50:40,564 INFO Evidence Update: [ 0.38698058  0.6003826   0.00251652  0.        ]
2016-12-09 19:50:42,773 INFO Action Prediction for win: [ 0.18483653  0.55382051  0.21607547  0.0351472 ]
2016-12-09 19:50:42,785 INFO Action Prediction for win: [ 0.18483653  0.55382051  0.21607547  0.0351472 ]
2016-12-09 19:50:42,798 INFO Action Prediction for win: [ 0.18483653  0.55382051  0.21607547  0.0351472 ]
2016-12-09 19:50:42,812 INFO Action Prediction for win: [ 0.18483653  0.55382051  0.21607547  0.0351472 ]
2016-12-09 19:50:42,825 INFO Action Prediction for win: [ 0.18483653  0.55382051  0.21607547  0.0351472 ]
2016-12-09 19:50:42,838 INFO Action Update: [ 0.18483653  0.55382051  0.21607547  0.0351472 ]
2016-12-09 19:50:44,573 INFO Game number: 6, Result: win, delay: 0.706562995911
2016-12-09 19:50:48,250 INFO Evidence Update: [ 0.32722931  0.65957919  0.00579812  0.        ]
2016-12-09 19:50:50,469 INFO Action Prediction for win: [ 0.16392866  0.55959409  0.22993355  0.03915031]
2016-12-09 19:50:50,481 INFO Action Prediction for win: [ 0.16392866  0.55959409  0.22993355  0.03915031]
2016-12-09 19:50:50,493 INFO Action Prediction for win: [ 0.16392866  0.55959409  0.22993355  0.03915031]
2016-12-09 19:50:50,505 INFO Action Prediction for win: [ 0.16392866  0.55959409  0.22993355  0.03915031]
2016-12-09 19:50:50,517 INFO Action Prediction for win: [ 0.16392866  0.55959409  0.22993355  0.03915031]
2016-12-09 19:50:50,529 INFO Action Update: [ 0.16392866  0.55959409  0.22993355  0.03915031]
2016-12-09 19:50:52,259 INFO Game number: 7, Result: win, delay: 1.10357189178
2016-12-09 19:50:55,559 INFO Evidence Update: [ 0.38317028  0.60423196  0.00263777  0.        ]
2016-12-09 19:50:57,770 INFO Action Prediction for win: [ 0.18350609  0.55422983  0.21694191  0.03536219]
2016-12-09 19:50:57,784 INFO Action Prediction for win: [ 0.18350609  0.55422983  0.21694191  0.03536219]
2016-12-09 19:50:57,798 INFO Action Prediction for win: [ 0.18350609  0.55422983  0.21694191  0.03536219]
2016-12-09 19:50:57,813 INFO Action Prediction for win: [ 0.18350609  0.55422983  0.21694191  0.03536219]
2016-12-09 19:50:57,826 INFO Action Prediction for win: [ 0.18350609  0.55422983  0.21694191  0.03536219]
2016-12-09 19:50:57,840 INFO Action Update: [ 0.18350609  0.55422983  0.21694191  0.03536219]
2016-12-09 19:50:59,567 INFO Game number: 8, Result: win, delay: 0.727698087692
2016-12-09 19:51:04,000 INFO Evidence Update: [ 0.1797879   0.78131733  0.03152486  0.        ]
2016-12-09 19:51:06,215 INFO Action Prediction for win: [ 0.11129628  0.55994534  0.2647623   0.05662618]
2016-12-09 19:51:06,229 INFO Action Prediction for win: [ 0.11129628  0.55994534  0.2647623   0.05662618]
2016-12-09 19:51:06,242 INFO Action Prediction for win: [ 0.11129628  0.55994534  0.2647623   0.05662618]
2016-12-09 19:51:06,256 INFO Action Prediction for win: [ 0.11129628  0.55994534  0.2647623   0.05662618]
2016-12-09 19:51:06,270 INFO Action Prediction for win: [ 0.11129628  0.55994534  0.2647623   0.05662618]
2016-12-09 19:51:06,284 INFO Action Update: [ 0.11129628  0.55994534  0.2647623   0.05662618]
2016-12-09 19:51:08,009 INFO Game number: 9, Result: win, delay: 1.86387205124
2016-12-09 19:51:11,300 INFO Evidence Update: [ 0.29558831  0.68463047  0.00341579  0.        ]
2016-12-09 19:51:13,518 INFO Action Prediction for win: [ 0.15250101  0.55870907  0.2335292   0.0388953 ]
2016-12-09 19:51:13,531 INFO Action Prediction for win: [ 0.15250101  0.55870907  0.2335292   0.0388953 ]
2016-12-09 19:51:13,545 INFO Action Prediction for win: [ 0.15250101  0.55870907  0.2335292   0.0388953 ]
2016-12-09 19:51:13,560 INFO Action Prediction for win: [ 0.15250101  0.55870907  0.2335292   0.0388953 ]
2016-12-09 19:51:13,584 INFO Action Prediction for win: [ 0.15250101  0.55870907  0.2335292   0.0388953 ]
2016-12-09 19:51:13,596 INFO Action Update: [ 0.15250101  0.55870907  0.2335292   0.0388953 ]
2016-12-09 19:51:15,309 INFO Game number: 10, Result: win, delay: 0.724267959595
2016-12-09 19:51:18,962 INFO Evidence Update: [ 0.28776178  0.69723098  0.00634615  0.        ]
2016-12-09 19:51:21,178 INFO Action Prediction for win: [ 0.15002972  0.56247333  0.23792362  0.04091224]
2016-12-09 19:51:21,192 INFO Action Prediction for win: [ 0.15002972  0.56247333  0.23792362  0.04091224]
2016-12-09 19:51:21,206 INFO Action Prediction for win: [ 0.15002972  0.56247333  0.23792362  0.04091224]
2016-12-09 19:51:21,220 INFO Action Prediction for win: [ 0.15002972  0.56247333  0.23792362  0.04091224]
2016-12-09 19:51:21,234 INFO Action Prediction for win: [ 0.15002972  0.56247333  0.23792362  0.04091224]
2016-12-09 19:51:21,248 INFO Action Update: [ 0.15002972  0.56247333  0.23792362  0.04091224]
2016-12-09 19:51:22,971 INFO Game number: 11, Result: win, delay: 1.08652591705
2016-12-09 19:51:26,277 INFO Evidence Update: [ 0.35958933  0.62687928  0.00285458  0.        ]
2016-12-09 19:51:28,490 INFO Action Prediction for win: [ 0.17520824  0.55603642  0.22171138  0.03636715]
2016-12-09 19:51:28,504 INFO Action Prediction for win: [ 0.17520824  0.55603642  0.22171138  0.03636715]
2016-12-09 19:51:28,517 INFO Action Prediction for win: [ 0.17520824  0.55603642  0.22171138  0.03636715]
2016-12-09 19:51:28,530 INFO Action Prediction for win: [ 0.17520824  0.55603642  0.22171138  0.03636715]
2016-12-09 19:51:28,543 INFO Action Prediction for win: [ 0.17520824  0.55603642  0.22171138  0.03636715]
2016-12-09 19:51:28,555 INFO Action Update: [ 0.17520824  0.55603642  0.22171138  0.03636715]
2016-12-09 19:51:30,287 INFO Game number: 12, Result: win, delay: 0.734280824661
2016-12-09 19:51:33,947 INFO Evidence Update: [ 0.31627916  0.67001818  0.00592684  0.        ]
2016-12-09 19:51:36,157 INFO Action Prediction for win: [ 0.16007184  0.56038756  0.23213765  0.03962712]
2016-12-09 19:51:36,170 INFO Action Prediction for win: [ 0.16007184  0.56038756  0.23213765  0.03962712]
2016-12-09 19:51:36,183 INFO Action Prediction for win: [ 0.16007184  0.56038756  0.23213765  0.03962712]
2016-12-09 19:51:36,196 INFO Action Prediction for win: [ 0.16007184  0.56038756  0.23213765  0.03962712]
2016-12-09 19:51:36,209 INFO Action Prediction for win: [ 0.16007184  0.56038756  0.23213765  0.03962712]
2016-12-09 19:51:36,222 INFO Action Update: [ 0.16007184  0.56038756  0.23213765  0.03962712]
2016-12-09 19:51:37,956 INFO Game number: 13, Result: win, delay: 1.09582090378
2016-12-09 19:51:41,261 INFO Evidence Update: [ 0.37543151  0.61171539  0.00273284  0.        ]
2016-12-09 19:51:43,476 INFO Action Prediction for win: [ 0.1807857   0.5548543   0.21853323  0.0357065 ]
2016-12-09 19:51:43,489 INFO Action Prediction for win: [ 0.1807857   0.5548543   0.21853323  0.0357065 ]
2016-12-09 19:51:43,502 INFO Action Prediction for win: [ 0.1807857   0.5548543   0.21853323  0.0357065 ]
2016-12-09 19:51:43,515 INFO Action Prediction for win: [ 0.1807857   0.5548543   0.21853323  0.0357065 ]
2016-12-09 19:51:43,528 INFO Action Prediction for win: [ 0.1807857   0.5548543   0.21853323  0.0357065 ]
2016-12-09 19:51:43,541 INFO Action Update: [ 0.1807857   0.5548543   0.21853323  0.0357065 ]
2016-12-09 19:51:45,270 INFO Game number: 14, Result: win, delay: 0.735184907913
2016-12-09 19:51:48,930 INFO Evidence Update: [ 0.32373115  0.66291039  0.00578657  0.        ]
2016-12-09 19:51:51,146 INFO Action Prediction for win: [ 0.16269585  0.55984328  0.23061288  0.03927612]
2016-12-09 19:51:51,158 INFO Action Prediction for win: [ 0.16269585  0.55984328  0.23061288  0.03927612]
2016-12-09 19:51:51,171 INFO Action Prediction for win: [ 0.16269585  0.55984328  0.23061288  0.03927612]
2016-12-09 19:51:51,183 INFO Action Prediction for win: [ 0.16269585  0.55984328  0.23061288  0.03927612]
2016-12-09 19:51:51,197 INFO Action Prediction for win: [ 0.16269585  0.55984328  0.23061288  0.03927612]
2016-12-09 19:51:51,209 INFO Action Update: [ 0.16269585  0.55984328  0.23061288  0.03927612]
2016-12-09 19:51:52,939 INFO Game number: 15, Result: win, delay: 1.09533309937
2016-12-09 19:51:56,988 INFO Evidence Update: [ 0.22320329  0.75390811  0.01489732  0.        ]
2016-12-09 19:51:59,204 INFO Action Prediction for win: [ 0.12712569  0.5645424   0.25296452  0.0473761 ]
2016-12-09 19:51:59,218 INFO Action Prediction for win: [ 0.12712569  0.5645424   0.25296452  0.0473761 ]
2016-12-09 19:51:59,232 INFO Action Prediction for win: [ 0.12712569  0.5645424   0.25296452  0.0473761 ]
2016-12-09 19:51:59,246 INFO Action Prediction for win: [ 0.12712569  0.5645424   0.25296452  0.0473761 ]
2016-12-09 19:51:59,259 INFO Action Prediction for win: [ 0.12712569  0.5645424   0.25296452  0.0473761 ]
2016-12-09 19:51:59,272 INFO Action Update: [ 0.12712569  0.5645424   0.25296452  0.0473761 ]
2016-12-09 19:52:00,997 INFO Game number: 16, Result: win, delay: 1.48141312599
2016-12-09 19:52:03,914 INFO Evidence Update: [ 0.40879245  0.57256772  0.00127066  0.        ]
2016-12-09 19:52:06,126 INFO Action Prediction for win: [ 0.19215807  0.54798769  0.20913343  0.03335164]
2016-12-09 19:52:06,139 INFO Action Prediction for win: [ 0.19215807  0.54798769  0.20913343  0.03335164]
2016-12-09 19:52:06,153 INFO Action Prediction for win: [ 0.19215807  0.54798769  0.20913343  0.03335164]
2016-12-09 19:52:06,168 INFO Action Prediction for win: [ 0.19215807  0.54798769  0.20913343  0.03335164]
2016-12-09 19:52:06,181 INFO Action Prediction for win: [ 0.19215807  0.54798769  0.20913343  0.03335164]
2016-12-09 19:52:06,194 INFO Action Update: [ 0.19215807  0.54798769  0.20913343  0.03335164]
2016-12-09 19:52:07,923 INFO Game number: 17, Result: win, delay: 0.346083879471
2016-12-09 19:52:11,211 INFO Evidence Update: [ 0.42860655  0.56105346  0.00224616  0.        ]
2016-12-09 19:52:13,429 INFO Action Prediction for win: [ 0.19951776  0.5510252   0.2079014   0.03346182]
2016-12-09 19:52:13,443 INFO Action Prediction for win: [ 0.19951776  0.5510252   0.2079014   0.03346182]
2016-12-09 19:52:13,455 INFO Action Prediction for win: [ 0.19951776  0.5510252   0.2079014   0.03346182]
2016-12-09 19:52:13,468 INFO Action Prediction for win: [ 0.19951776  0.5510252   0.2079014   0.03346182]
2016-12-09 19:52:13,480 INFO Action Prediction for win: [ 0.19951776  0.5510252   0.2079014   0.03346182]
2016-12-09 19:52:13,493 INFO Action Update: [ 0.19951776  0.5510252   0.2079014   0.03346182]
2016-12-09 19:52:15,221 INFO Game number: 18, Result: win, delay: 0.721342086792
2016-12-09 19:52:18,493 INFO Evidence Update: [ 0.44097855  0.54888667  0.00209429  0.        ]
2016-12-09 19:52:20,704 INFO Action Prediction for win: [ 0.2038567   0.54990505  0.2052965   0.03290126]
2016-12-09 19:52:20,717 INFO Action Prediction for win: [ 0.2038567   0.54990505  0.2052965   0.03290126]
2016-12-09 19:52:20,730 INFO Action Prediction for win: [ 0.2038567   0.54990505  0.2052965   0.03290126]
2016-12-09 19:52:20,743 INFO Action Prediction for win: [ 0.2038567   0.54990505  0.2052965   0.03290126]
2016-12-09 19:52:20,755 INFO Action Prediction for win: [ 0.2038567   0.54990505  0.2052965   0.03290126]
2016-12-09 19:52:20,768 INFO Action Update: [ 0.2038567   0.54990505  0.2052965   0.03290126]
2016-12-09 19:52:22,502 INFO Game number: 19, Result: win, delay: 0.703018188477
2016-12-09 19:52:25,782 INFO Evidence Update: [ 0.44421603  0.5458807   0.00210567  0.        ]
2016-12-09 19:52:28,000 INFO Action Prediction for win: [ 0.2050015   0.54972066  0.2046912   0.03278903]
2016-12-09 19:52:28,015 INFO Action Prediction for win: [ 0.2050015   0.54972066  0.2046912   0.03278903]
2016-12-09 19:52:28,029 INFO Action Prediction for win: [ 0.2050015   0.54972066  0.2046912   0.03278903]
2016-12-09 19:52:28,041 INFO Action Prediction for win: [ 0.2050015   0.54972066  0.2046912   0.03278903]
2016-12-09 19:52:28,055 INFO Action Prediction for win: [ 0.2050015   0.54972066  0.2046912   0.03278903]
2016-12-09 19:52:28,068 INFO Action Update: [ 0.2050015   0.54972066  0.2046912   0.03278903]
2016-12-09 19:52:29,790 INFO Game number: 20, Result: win, delay: 0.713760852814
2016-12-09 19:52:33,486 INFO Ending game at 1481331153.49 Delay before NO was: 1.13141918182 Total game time was: 152.075728178
