2016-12-12 19:02:51,132 INFO ######################################################################
2016-12-12 19:02:51,336 INFO ######################################################################
2016-12-12 19:02:54,769 INFO Starting game at 1481587374.77
2016-12-12 19:03:02,495 INFO Action Prediction for win: [ 0.4   0.5   0.09  0.01]
2016-12-12 19:03:02,508 INFO Action Prediction for win: [ 0.4   0.5   0.09  0.01]
2016-12-12 19:03:02,522 INFO Action Prediction for tie: [ 0.7   0.25  0.04  0.01]
2016-12-12 19:03:02,536 INFO Action Prediction for lose: [ 0.82  0.15  0.02  0.01]
2016-12-12 19:03:02,549 INFO Action Prediction for tie: [ 0.7   0.25  0.04  0.01]
2016-12-12 19:03:02,562 INFO Action Update: [ 0.7   0.25  0.04  0.01]
2016-12-12 19:03:04,470 INFO Game number: 1, Result: tie, delay: 4.59226107597
2016-12-12 19:03:08,209 INFO Evidence Update: [ 0.43071496  0.5477134   0.02157164  0.        ]
2016-12-12 19:03:11,168 INFO Action Prediction for lose: [ 0.68397147  0.26924992  0.02957575  0.01634   ]
2016-12-12 19:03:11,181 INFO Action Prediction for lose: [ 0.68397147  0.26924992  0.02957575  0.01634   ]
2016-12-12 19:03:11,194 INFO Action Prediction for tie: [ 0.3838732   0.52040524  0.07506724  0.02065433]
2016-12-12 19:03:11,206 INFO Action Prediction for lose: [ 0.68397147  0.26924992  0.02957575  0.01634   ]
2016-12-12 19:03:11,218 INFO Action Prediction for tie: [ 0.3838732   0.52040524  0.07506724  0.02065433]
2016-12-12 19:03:11,230 INFO Action Update: [ 0.3838732   0.52040524  0.07506724  0.02065433]
2016-12-12 19:03:13,169 INFO Game number: 2, Result: tie, delay: 1.17280483246
2016-12-12 19:03:16,650 INFO Evidence Update: [ 0.36795285  0.50173911  0.13030804  0.        ]
2016-12-12 19:03:19,611 INFO Action Prediction for tie: [ 0.33413094  0.48002027  0.13955747  0.04629132]
2016-12-12 19:03:19,624 INFO Action Prediction for win: [ 0.17357118  0.49023221  0.24227611  0.0939205 ]
2016-12-12 19:03:19,637 INFO Action Prediction for win: [ 0.17357118  0.49023221  0.24227611  0.0939205 ]
2016-12-12 19:03:19,651 INFO Action Prediction for win: [ 0.17357118  0.49023221  0.24227611  0.0939205 ]
2016-12-12 19:03:19,664 INFO Action Prediction for lose: [ 0.61579561  0.30898644  0.04977592  0.02022971]
2016-12-12 19:03:19,678 INFO Action Update: [ 0.61579561  0.30898644  0.04977592  0.02022971]
2016-12-12 19:03:21,610 INFO Game number: 3, Result: lose, delay: 0.908394098282
2016-12-12 19:03:25,492 INFO Evidence Update: [ 0.36157776  0.62129559  0.01712664  0.        ]
2016-12-12 19:03:28,458 INFO Action Prediction for lose: [ 0.67098379  0.28196611  0.02946702  0.01689802]
2016-12-12 19:03:28,471 INFO Action Prediction for lose: [ 0.67098379  0.28196611  0.02946702  0.01689802]
2016-12-12 19:03:28,486 INFO Action Prediction for lose: [ 0.67098379  0.28196611  0.02946702  0.01689802]
2016-12-12 19:03:28,500 INFO Action Prediction for tie: [ 0.34647004  0.55790753  0.07529908  0.02032335]
2016-12-12 19:03:28,513 INFO Action Prediction for win: [ 0.17586715  0.5542513   0.22663767  0.04324388]
2016-12-12 19:03:28,526 INFO Action Update: [ 0.17586715  0.5542513   0.22663767  0.04324388]
2016-12-12 19:03:30,451 INFO Game number: 4, Result: win, delay: 1.30326700211
2016-12-12 19:03:34,317 INFO Evidence Update: [ 0.07861238  0.86045937  0.06092825  0.        ]
2016-12-12 19:03:37,276 INFO Action Prediction for lose: [ 0.5868306   0.34950959  0.04018096  0.02104172]
2016-12-12 19:03:37,289 INFO Action Prediction for tie: [ 0.18470685  0.67048116  0.11158461  0.03322737]
2016-12-12 19:03:37,302 INFO Action Prediction for tie: [ 0.18470685  0.67048116  0.11158461  0.03322737]
2016-12-12 19:03:37,316 INFO Action Prediction for win: [ 0.0750772   0.55801894  0.29263064  0.07427322]
2016-12-12 19:03:37,329 INFO Action Prediction for tie: [ 0.18470685  0.67048116  0.11158461  0.03322737]
2016-12-12 19:03:37,343 INFO Action Update: [ 0.18470685  0.67048116  0.11158461  0.03322737]
2016-12-12 19:03:39,276 INFO Game number: 5, Result: tie, delay: 1.29431200027
2016-12-12 19:03:42,786 INFO Evidence Update: [ 0.14957652  0.69430626  0.15611722  0.        ]
2016-12-12 19:03:45,756 INFO Action Prediction for win: [ 0.09610709  0.49761671  0.29200651  0.11426969]
2016-12-12 19:03:45,769 INFO Action Prediction for lose: [ 0.55484823  0.359114    0.05660533  0.02318775]
2016-12-12 19:03:45,784 INFO Action Prediction for tie: [ 0.21041067  0.57217438  0.16300375  0.05441119]
2016-12-12 19:03:45,797 INFO Action Prediction for win: [ 0.09610709  0.49761671  0.29200651  0.11426969]
2016-12-12 19:03:45,811 INFO Action Prediction for win: [ 0.09610709  0.49761671  0.29200651  0.11426969]
2016-12-12 19:03:45,823 INFO Action Update: [ 0.09610709  0.49761671  0.29200651  0.11426969]
2016-12-12 19:03:47,746 INFO Game number: 6, Result: win, delay: 0.936094045639
2016-12-12 19:03:51,211 INFO Evidence Update: [ 0.08928854  0.40716091  0.50355055  0.        ]
2016-12-12 19:03:54,173 INFO Action Prediction for lose: [ 0.3678682   0.45802993  0.11974621  0.03421363]
2016-12-12 19:03:54,186 INFO Action Prediction for tie: [ 0.12861162  0.37301237  0.36345227  0.13492374]
2016-12-12 19:03:54,201 INFO Action Prediction for tie: [ 0.12861162  0.37301237  0.36345227  0.13492374]
2016-12-12 19:03:54,214 INFO Action Prediction for lose: [ 0.3678682   0.45802993  0.11974621  0.03421363]
2016-12-12 19:03:54,227 INFO Action Prediction for lose: [ 0.3678682   0.45802993  0.11974621  0.03421363]
2016-12-12 19:03:54,239 INFO Action Update: [ 0.3678682   0.45802993  0.11974621  0.03421363]
2016-12-12 19:03:56,221 INFO Game number: 7, Result: lose, delay: 0.893908977509
2016-12-12 19:04:00,065 INFO Evidence Update: [ 0.17617569  0.78652066  0.03730365  0.        ]
2016-12-12 19:04:03,026 INFO Action Prediction for win: [ 0.11016935  0.56149239  0.26859865  0.05973962]
2016-12-12 19:04:03,039 INFO Action Prediction for win: [ 0.11016935  0.56149239  0.26859865  0.05973962]
2016-12-12 19:04:03,053 INFO Action Prediction for tie: [ 0.24167412  0.63729174  0.09421605  0.02681808]
2016-12-12 19:04:03,068 INFO Action Prediction for lose: [ 0.62010683  0.32409077  0.0349529   0.01935735]
2016-12-12 19:04:03,079 INFO Action Prediction for win: [ 0.11016935  0.56149239  0.26859865  0.05973962]
2016-12-12 19:04:03,092 INFO Action Update: [ 0.11016935  0.56149239  0.26859865  0.05973962]
2016-12-12 19:04:04,975 INFO Game number: 8, Result: win, delay: 1.26779198647
2016-12-12 19:04:08,865 INFO Ending game at 1481587448.87 Delay before NO was: 1.32865214348 Total game time was: 74.0958890915
2016-12-12 19:05:42,510 INFO ######################################################################
2016-12-12 19:05:42,724 INFO ######################################################################
2016-12-12 19:05:46,205 INFO Starting game at 1481587546.21
2016-12-12 19:05:50,024 INFO Action Prediction for win: [ 0.4   0.5   0.09  0.01]
2016-12-12 19:05:50,037 INFO Action Prediction for win: [ 0.4   0.5   0.09  0.01]
2016-12-12 19:05:50,051 INFO Action Prediction for win: [ 0.4   0.5   0.09  0.01]
2016-12-12 19:05:50,064 INFO Action Prediction for win: [ 0.4   0.5   0.09  0.01]
2016-12-12 19:05:50,077 INFO Action Prediction for win: [ 0.4   0.5   0.09  0.01]
2016-12-12 19:05:50,091 INFO Action Update: [ 0.4   0.5   0.09  0.01]
2016-12-12 19:05:52,020 INFO Game number: 1, Result: win, delay: 0.705003976822
2016-12-12 19:05:58,051 INFO Evidence Update: [ 0.17406896  0.64337074  0.1825603   0.        ]
2016-12-12 19:06:01,016 INFO Action Prediction for win: [ 0.10362172  0.48035933  0.29082956  0.12518938]
2016-12-12 19:06:01,029 INFO Action Prediction for win: [ 0.10362172  0.48035933  0.29082956  0.12518938]
2016-12-12 19:06:01,044 INFO Action Prediction for win: [ 0.10362172  0.48035933  0.29082956  0.12518938]
2016-12-12 19:06:01,056 INFO Action Prediction for win: [ 0.10362172  0.48035933  0.29082956  0.12518938]
2016-12-12 19:06:01,069 INFO Action Prediction for win: [ 0.10362172  0.48035933  0.29082956  0.12518938]
2016-12-12 19:06:01,083 INFO Action Update: [ 0.10362172  0.48035933  0.29082956  0.12518938]
2016-12-12 19:06:03,011 INFO Game number: 2, Result: win, delay: 3.45515799522
2016-12-12 19:06:06,509 INFO Evidence Update: [ 0.08719855  0.48439713  0.42840432  0.        ]
2016-12-12 19:06:09,470 INFO Action Prediction for win: [ 0.06338332  0.35137373  0.34594895  0.239294  ]
2016-12-12 19:06:09,483 INFO Action Prediction for win: [ 0.06338332  0.35137373  0.34594895  0.239294  ]
2016-12-12 19:06:09,498 INFO Action Prediction for win: [ 0.06338332  0.35137373  0.34594895  0.239294  ]
2016-12-12 19:06:09,511 INFO Action Prediction for win: [ 0.06338332  0.35137373  0.34594895  0.239294  ]
2016-12-12 19:06:09,523 INFO Action Prediction for win: [ 0.06338332  0.35137373  0.34594895  0.239294  ]
2016-12-12 19:06:09,536 INFO Action Update: [ 0.06338332  0.35137373  0.34594895  0.239294  ]
2016-12-12 19:06:11,468 INFO Game number: 3, Result: win, delay: 0.928385972977
2016-12-12 19:06:15,354 INFO Evidence Update: [ 0.04409456  0.81957527  0.13633017  0.        ]
2016-12-12 19:06:18,317 INFO Action Prediction for win: [ 0.05997989  0.51924565  0.31118967  0.10958479]
2016-12-12 19:06:18,330 INFO Action Prediction for win: [ 0.05997989  0.51924565  0.31118967  0.10958479]
2016-12-12 19:06:18,344 INFO Action Prediction for win: [ 0.05997989  0.51924565  0.31118967  0.10958479]
2016-12-12 19:06:18,358 INFO Action Prediction for win: [ 0.05997989  0.51924565  0.31118967  0.10958479]
2016-12-12 19:06:18,372 INFO Action Prediction for win: [ 0.05997989  0.51924565  0.31118967  0.10958479]
2016-12-12 19:06:18,383 INFO Action Update: [ 0.05997989  0.51924565  0.31118967  0.10958479]
2016-12-12 19:06:20,314 INFO Game number: 4, Result: win, delay: 1.31506490707
2016-12-12 19:06:30,299 INFO Evidence Update: [  3.26513370e-05   1.98221286e-02   9.80145220e-01   0.00000000e+00]
2016-12-12 19:06:33,267 INFO Action Prediction for win: [ 0.01080562  0.05111541  0.44701493  0.49106404]
2016-12-12 19:06:33,281 INFO Action Prediction for win: [ 0.01080562  0.05111541  0.44701493  0.49106404]
2016-12-12 19:06:33,295 INFO Action Prediction for win: [ 0.01080562  0.05111541  0.44701493  0.49106404]
2016-12-12 19:06:33,308 INFO Action Prediction for win: [ 0.01080562  0.05111541  0.44701493  0.49106404]
2016-12-12 19:06:33,323 INFO Action Prediction for win: [ 0.01080562  0.05111541  0.44701493  0.49106404]
2016-12-12 19:06:33,335 INFO Action Update: [ 0.01080562  0.05111541  0.44701493  0.49106404]
2016-12-12 19:06:35,259 INFO Game number: 5, Result: win, delay: 7.41287779808
2016-12-12 19:06:39,128 INFO Evidence Update: [ 0.02386732  0.38959581  0.58653687  0.        ]
2016-12-12 19:06:42,092 INFO Action Prediction for win: [ 0.03489209  0.26915262  0.38296839  0.3129869 ]
2016-12-12 19:06:42,105 INFO Action Prediction for win: [ 0.03489209  0.26915262  0.38296839  0.3129869 ]
2016-12-12 19:06:42,119 INFO Action Prediction for win: [ 0.03489209  0.26915262  0.38296839  0.3129869 ]
2016-12-12 19:06:42,132 INFO Action Prediction for win: [ 0.03489209  0.26915262  0.38296839  0.3129869 ]
2016-12-12 19:06:42,145 INFO Action Prediction for win: [ 0.03489209  0.26915262  0.38296839  0.3129869 ]
2016-12-12 19:06:42,159 INFO Action Update: [ 0.03489209  0.26915262  0.38296839  0.3129869 ]
2016-12-12 19:06:44,138 INFO Game number: 6, Result: win, delay: 1.29855298996
2016-12-12 19:06:51,823 INFO Evidence Update: [  9.14680349e-04   7.84214119e-02   9.20663908e-01   0.00000000e+00]
2016-12-12 19:06:54,787 INFO Action Prediction for win: [ 0.01349358  0.08433674  0.4379075   0.46426217]
2016-12-12 19:06:54,800 INFO Action Prediction for win: [ 0.01349358  0.08433674  0.4379075   0.46426217]
2016-12-12 19:06:54,814 INFO Action Prediction for win: [ 0.01349358  0.08433674  0.4379075   0.46426217]
2016-12-12 19:06:54,829 INFO Action Prediction for win: [ 0.01349358  0.08433674  0.4379075   0.46426217]
2016-12-12 19:06:54,842 INFO Action Prediction for win: [ 0.01349358  0.08433674  0.4379075   0.46426217]
2016-12-12 19:06:54,855 INFO Action Update: [ 0.01349358  0.08433674  0.4379075   0.46426217]
2016-12-12 19:06:56,782 INFO Game number: 7, Result: win, delay: 5.11032485962
2016-12-12 19:07:00,247 INFO Evidence Update: [ 0.01499134  0.08307847  0.90193019  0.        ]
2016-12-12 19:07:03,259 INFO Action Prediction for win: [ 0.01916976  0.09341996  0.43214135  0.45526893]
2016-12-12 19:07:03,272 INFO Action Prediction for win: [ 0.01916976  0.09341996  0.43214135  0.45526893]
2016-12-12 19:07:03,287 INFO Action Prediction for win: [ 0.01916976  0.09341996  0.43214135  0.45526893]
2016-12-12 19:07:03,300 INFO Action Prediction for win: [ 0.01916976  0.09341996  0.43214135  0.45526893]
2016-12-12 19:07:03,318 INFO Action Prediction for win: [ 0.01916976  0.09341996  0.43214135  0.45526893]
2016-12-12 19:07:03,331 INFO Action Update: [ 0.01916976  0.09341996  0.43214135  0.45526893]
2016-12-12 19:07:05,257 INFO Game number: 8, Result: win, delay: 0.894630908966
2016-12-12 19:07:09,092 INFO Evidence Update: [ 0.02987679  0.52459076  0.44553245  0.        ]
2016-12-12 19:07:12,051 INFO Action Prediction for win: [ 0.04263558  0.34751415  0.36055574  0.24929453]
2016-12-12 19:07:12,063 INFO Action Prediction for win: [ 0.04263558  0.34751415  0.36055574  0.24929453]
2016-12-12 19:07:12,077 INFO Action Prediction for win: [ 0.04263558  0.34751415  0.36055574  0.24929453]
2016-12-12 19:07:12,091 INFO Action Prediction for win: [ 0.04263558  0.34751415  0.36055574  0.24929453]
2016-12-12 19:07:12,104 INFO Action Prediction for win: [ 0.04263558  0.34751415  0.36055574  0.24929453]
2016-12-12 19:07:12,118 INFO Action Update: [ 0.04263558  0.34751415  0.36055574  0.24929453]
2016-12-12 19:07:14,101 INFO Game number: 9, Result: win, delay: 1.26219797134
2016-12-12 19:07:18,307 INFO Evidence Update: [ 0.11355499  0.62690646  0.25953855  0.        ]
2016-12-12 19:07:21,277 INFO Action Prediction for win: [ 0.0793627   0.44330291  0.31508424  0.16225015]
2016-12-12 19:07:21,290 INFO Action Prediction for win: [ 0.0793627   0.44330291  0.31508424  0.16225015]
2016-12-12 19:07:21,305 INFO Action Prediction for win: [ 0.0793627   0.44330291  0.31508424  0.16225015]
2016-12-12 19:07:21,319 INFO Action Prediction for win: [ 0.0793627   0.44330291  0.31508424  0.16225015]
2016-12-12 19:07:21,333 INFO Action Prediction for win: [ 0.0793627   0.44330291  0.31508424  0.16225015]
2016-12-12 19:07:21,346 INFO Action Update: [ 0.0793627   0.44330291  0.31508424  0.16225015]
2016-12-12 19:07:23,267 INFO Game number: 10, Result: win, delay: 1.62462496758
2016-12-12 19:07:26,370 INFO Evidence Update: [ 0.0620139   0.09899144  0.83899467  0.        ]
2016-12-12 19:07:29,332 INFO Action Prediction for win: [ 0.03814508  0.1239616   0.41282628  0.42506704]
2016-12-12 19:07:29,345 INFO Action Prediction for win: [ 0.03814508  0.1239616   0.41282628  0.42506704]
2016-12-12 19:07:29,359 INFO Action Prediction for win: [ 0.03814508  0.1239616   0.41282628  0.42506704]
2016-12-12 19:07:29,374 INFO Action Prediction for win: [ 0.03814508  0.1239616   0.41282628  0.42506704]
2016-12-12 19:07:29,387 INFO Action Prediction for win: [ 0.03814508  0.1239616   0.41282628  0.42506704]
2016-12-12 19:07:29,399 INFO Action Update: [ 0.03814508  0.1239616   0.41282628  0.42506704]
2016-12-12 19:07:31,329 INFO Game number: 11, Result: win, delay: 0.534312009811
2016-12-12 19:07:34,444 INFO Evidence Update: [ 0.02590481  0.02412401  0.94997118  0.        ]
2016-12-12 19:07:37,408 INFO Action Prediction for win: [ 0.02106784  0.06542566  0.43705567  0.47645084]
2016-12-12 19:07:37,421 INFO Action Prediction for win: [ 0.02106784  0.06542566  0.43705567  0.47645084]
2016-12-12 19:07:37,434 INFO Action Prediction for win: [ 0.02106784  0.06542566  0.43705567  0.47645084]
2016-12-12 19:07:37,445 INFO Action Prediction for win: [ 0.02106784  0.06542566  0.43705567  0.47645084]
2016-12-12 19:07:37,458 INFO Action Prediction for win: [ 0.02106784  0.06542566  0.43705567  0.47645084]
2016-12-12 19:07:37,469 INFO Action Update: [ 0.02106784  0.06542566  0.43705567  0.47645084]
2016-12-12 19:07:39,404 INFO Game number: 12, Result: win, delay: 0.537754058838
2016-12-12 19:07:42,870 INFO Evidence Update: [ 0.02373956  0.06674662  0.90951382  0.        ]
2016-12-12 19:07:45,838 INFO Action Prediction for win: [ 0.02192829  0.08829831  0.43144176  0.45833164]
2016-12-12 19:07:45,852 INFO Action Prediction for win: [ 0.02192829  0.08829831  0.43144176  0.45833164]
2016-12-12 19:07:45,865 INFO Action Prediction for win: [ 0.02192829  0.08829831  0.43144176  0.45833164]
2016-12-12 19:07:45,879 INFO Action Prediction for win: [ 0.02192829  0.08829831  0.43144176  0.45833164]
2016-12-12 19:07:45,893 INFO Action Prediction for win: [ 0.02192829  0.08829831  0.43144176  0.45833164]
2016-12-12 19:07:45,906 INFO Action Update: [ 0.02192829  0.08829831  0.43144176  0.45833164]
2016-12-12 19:07:47,829 INFO Game number: 13, Result: win, delay: 0.896876096725
2016-12-12 19:07:50,950 INFO Evidence Update: [ 0.01472586  0.01710736  0.96816679  0.        ]
2016-12-12 19:07:53,909 INFO Action Prediction for win: [ 0.01642738  0.05635401  0.44213259  0.48508602]
2016-12-12 19:07:53,921 INFO Action Prediction for win: [ 0.01642738  0.05635401  0.44213259  0.48508602]
2016-12-12 19:07:53,934 INFO Action Prediction for win: [ 0.01642738  0.05635401  0.44213259  0.48508602]
2016-12-12 19:07:53,947 INFO Action Prediction for win: [ 0.01642738  0.05635401  0.44213259  0.48508602]
2016-12-12 19:07:53,960 INFO Action Prediction for win: [ 0.01642738  0.05635401  0.44213259  0.48508602]
2016-12-12 19:07:53,972 INFO Action Update: [ 0.01642738  0.05635401  0.44213259  0.48508602]
2016-12-12 19:07:55,960 INFO Game number: 14, Result: win, delay: 0.546200037003
2016-12-12 19:08:10,512 INFO Ending game at 1481587690.51 Delay before NO was: 11.9910199642 Total game time was: 144.306809902
2016-12-12 19:09:32,246 INFO ######################################################################
2016-12-12 19:09:32,450 INFO ######################################################################
2016-12-12 19:09:35,930 INFO Starting game at 1481587775.93
2016-12-12 19:09:39,793 INFO Action Prediction for win: [ 0.4   0.5   0.09  0.01]
2016-12-12 19:09:39,804 INFO Action Prediction for win: [ 0.4   0.5   0.09  0.01]
2016-12-12 19:09:39,817 INFO Action Prediction for win: [ 0.4   0.5   0.09  0.01]
2016-12-12 19:09:39,831 INFO Action Prediction for win: [ 0.4   0.5   0.09  0.01]
2016-12-12 19:09:39,844 INFO Action Prediction for win: [ 0.4   0.5   0.09  0.01]
2016-12-12 19:09:39,857 INFO Action Update: [ 0.4   0.5   0.09  0.01]
2016-12-12 19:09:41,789 INFO Game number: 1, Result: win, delay: 0.749763011932
2016-12-12 19:09:45,499 INFO Evidence Update: [ 0.1830978  0.7764809  0.0404213  0.       ]
2016-12-12 19:09:48,461 INFO Action Prediction for win: [ 0.11246738  0.55905429  0.26761266  0.06086567]
2016-12-12 19:09:48,475 INFO Action Prediction for win: [ 0.11246738  0.55905429  0.26761266  0.06086567]
2016-12-12 19:09:48,488 INFO Action Prediction for win: [ 0.11246738  0.55905429  0.26761266  0.06086567]
2016-12-12 19:09:48,502 INFO Action Prediction for win: [ 0.11246738  0.55905429  0.26761266  0.06086567]
2016-12-12 19:09:48,517 INFO Action Prediction for win: [ 0.11246738  0.55905429  0.26761266  0.06086567]
2016-12-12 19:09:48,530 INFO Action Update: [ 0.11246738  0.55905429  0.26761266  0.06086567]
2016-12-12 19:09:50,508 INFO Game number: 2, Result: win, delay: 1.13893795013
2016-12-12 19:09:53,948 INFO Evidence Update: [ 0.11030798  0.3819212   0.50777083  0.        ]
2016-12-12 19:09:56,910 INFO Action Prediction for win: [ 0.06829696  0.30461754  0.35300095  0.27408455]
2016-12-12 19:09:56,912 INFO Action Prediction for tie: [ 0.13958147  0.35971727  0.36501705  0.13568421]
2016-12-12 19:09:56,926 INFO Action Prediction for win: [ 0.06829696  0.30461754  0.35300095  0.27408455]
2016-12-12 19:09:56,928 INFO Action Prediction for tie: [ 0.13958147  0.35971727  0.36501705  0.13568421]
2016-12-12 19:09:56,942 INFO Action Prediction for win: [ 0.06829696  0.30461754  0.35300095  0.27408455]
2016-12-12 19:09:56,944 INFO Action Prediction for tie: [ 0.13958147  0.35971727  0.36501705  0.13568421]
2016-12-12 19:09:56,955 INFO Action Prediction for win: [ 0.06829696  0.30461754  0.35300095  0.27408455]
2016-12-12 19:09:56,957 INFO Action Prediction for tie: [ 0.13958147  0.35971727  0.36501705  0.13568421]
2016-12-12 19:09:56,971 INFO Action Prediction for win: [ 0.06829696  0.30461754  0.35300095  0.27408455]
2016-12-12 19:09:56,973 INFO Action Prediction for tie: [ 0.13958147  0.35971727  0.36501705  0.13568421]
2016-12-12 19:09:56,985 INFO Action Update: [ 0.13958147  0.35971727  0.36501705  0.13568421]
2016-12-12 19:09:58,907 INFO Game number: 3, Result: tie, delay: 0.869566917419
2016-12-12 19:10:02,038 INFO Evidence Update: [ 0.09699248  0.07284165  0.83016587  0.        ]
2016-12-12 19:10:05,004 INFO Action Prediction for win: [ 0.05074073  0.12540786  0.40415646  0.41969494]
2016-12-12 19:10:05,005 INFO Action Prediction for tie: [ 0.08712264  0.15359428  0.54931485  0.20996823]
2016-12-12 19:10:05,006 INFO Action Prediction for lose: [ 0.20625541  0.53814297  0.17845993  0.04393505]
2016-12-12 19:10:05,019 INFO Action Prediction for win: [ 0.05074073  0.12540786  0.40415646  0.41969494]
2016-12-12 19:10:05,020 INFO Action Prediction for tie: [ 0.08712264  0.15359428  0.54931485  0.20996823]
2016-12-12 19:10:05,021 INFO Action Prediction for lose: [ 0.20625541  0.53814297  0.17845993  0.04393505]
2016-12-12 19:10:05,034 INFO Action Prediction for win: [ 0.05074073  0.12540786  0.40415646  0.41969494]
2016-12-12 19:10:05,035 INFO Action Prediction for tie: [ 0.08712264  0.15359428  0.54931485  0.20996823]
2016-12-12 19:10:05,036 INFO Action Prediction for lose: [ 0.20625541  0.53814297  0.17845993  0.04393505]
2016-12-12 19:10:05,050 INFO Action Prediction for win: [ 0.05074073  0.12540786  0.40415646  0.41969494]
2016-12-12 19:10:05,052 INFO Action Prediction for tie: [ 0.08712264  0.15359428  0.54931485  0.20996823]
2016-12-12 19:10:05,053 INFO Action Prediction for lose: [ 0.20625541  0.53814297  0.17845993  0.04393505]
2016-12-12 19:10:05,067 INFO Action Prediction for win: [ 0.05074073  0.12540786  0.40415646  0.41969494]
2016-12-12 19:10:05,068 INFO Action Prediction for tie: [ 0.08712264  0.15359428  0.54931485  0.20996823]
2016-12-12 19:10:05,069 INFO Action Prediction for lose: [ 0.20625541  0.53814297  0.17845993  0.04393505]
2016-12-12 19:10:05,081 INFO Action Update: [ 0.20625541  0.53814297  0.17845993  0.04393505]
2016-12-12 19:10:06,998 INFO Game number: 4, Result: lose, delay: 0.558730125427
2016-12-12 19:10:10,091 INFO Evidence Update: [ 0.21122088  0.15630786  0.63247126  0.        ]
2016-12-12 19:10:13,055 INFO Action Prediction for win: [ 0.09862846  0.224694    0.35051431  0.32616323]
2016-12-12 19:10:13,058 INFO Action Prediction for tie: [ 0.17762551  0.22695853  0.43205978  0.16335618]
2016-12-12 19:10:13,072 INFO Action Prediction for win: [ 0.09862846  0.224694    0.35051431  0.32616323]
2016-12-12 19:10:13,074 INFO Action Prediction for tie: [ 0.17762551  0.22695853  0.43205978  0.16335618]
2016-12-12 19:10:13,087 INFO Action Prediction for win: [ 0.09862846  0.224694    0.35051431  0.32616323]
2016-12-12 19:10:13,089 INFO Action Prediction for tie: [ 0.17762551  0.22695853  0.43205978  0.16335618]
2016-12-12 19:10:13,101 INFO Action Prediction for win: [ 0.09862846  0.224694    0.35051431  0.32616323]
2016-12-12 19:10:13,104 INFO Action Prediction for tie: [ 0.17762551  0.22695853  0.43205978  0.16335618]
2016-12-12 19:10:13,118 INFO Action Prediction for win: [ 0.09862846  0.224694    0.35051431  0.32616323]
2016-12-12 19:10:13,120 INFO Action Prediction for tie: [ 0.17762551  0.22695853  0.43205978  0.16335618]
2016-12-12 19:10:13,131 INFO Action Update: [ 0.17762551  0.22695853  0.43205978  0.16335618]
2016-12-12 19:10:15,051 INFO Game number: 5, Result: tie, delay: 0.524892091751
2016-12-12 19:10:21,619 INFO Evidence Update: [ 0.02737835  0.15875421  0.81386743  0.        ]
2016-12-12 19:10:24,585 INFO Action Prediction for win: [ 0.02702773  0.1414964   0.41633066  0.41514521]
2016-12-12 19:10:24,587 INFO Action Prediction for tie: [ 0.05111665  0.19915832  0.5428093   0.20691573]
2016-12-12 19:10:24,590 INFO Action Prediction for lose: [ 0.19908952  0.54799119  0.17622235  0.04414224]
2016-12-12 19:10:24,602 INFO Action Prediction for win: [ 0.02702773  0.1414964   0.41633066  0.41514521]
2016-12-12 19:10:24,603 INFO Action Prediction for tie: [ 0.05111665  0.19915832  0.5428093   0.20691573]
2016-12-12 19:10:24,605 INFO Action Prediction for lose: [ 0.19908952  0.54799119  0.17622235  0.04414224]
2016-12-12 19:10:24,619 INFO Action Prediction for win: [ 0.02702773  0.1414964   0.41633066  0.41514521]
2016-12-12 19:10:24,620 INFO Action Prediction for tie: [ 0.05111665  0.19915832  0.5428093   0.20691573]
2016-12-12 19:10:24,621 INFO Action Prediction for lose: [ 0.19908952  0.54799119  0.17622235  0.04414224]
2016-12-12 19:10:24,634 INFO Action Prediction for win: [ 0.02702773  0.1414964   0.41633066  0.41514521]
2016-12-12 19:10:24,635 INFO Action Prediction for tie: [ 0.05111665  0.19915832  0.5428093   0.20691573]
2016-12-12 19:10:24,636 INFO Action Prediction for lose: [ 0.19908952  0.54799119  0.17622235  0.04414224]
2016-12-12 19:10:24,649 INFO Action Prediction for win: [ 0.02702773  0.1414964   0.41633066  0.41514521]
2016-12-12 19:10:24,650 INFO Action Prediction for tie: [ 0.05111665  0.19915832  0.5428093   0.20691573]
2016-12-12 19:10:24,651 INFO Action Prediction for lose: [ 0.19908952  0.54799119  0.17622235  0.04414224]
2016-12-12 19:10:24,663 INFO Action Update: [ 0.19908952  0.54799119  0.17622235  0.04414224]
2016-12-12 19:10:26,628 INFO Game number: 6, Result: lose, delay: 3.99064397812
2016-12-12 19:10:29,669 INFO Evidence Update: [ 0.19723691  0.14794601  0.65481708  0.        ]
2016-12-12 19:10:32,630 INFO Action Prediction for win: [ 0.09284023  0.21357874  0.35680281  0.33677821]
2016-12-12 19:10:32,632 INFO Action Prediction for tie: [ 0.16680591  0.21920227  0.44535626  0.16863556]
2016-12-12 19:10:32,645 INFO Action Prediction for win: [ 0.09284023  0.21357874  0.35680281  0.33677821]
2016-12-12 19:10:32,645 INFO Action Prediction for tie: [ 0.16680591  0.21920227  0.44535626  0.16863556]
2016-12-12 19:10:32,657 INFO Action Prediction for win: [ 0.09284023  0.21357874  0.35680281  0.33677821]
2016-12-12 19:10:32,658 INFO Action Prediction for tie: [ 0.16680591  0.21920227  0.44535626  0.16863556]
2016-12-12 19:10:32,669 INFO Action Prediction for win: [ 0.09284023  0.21357874  0.35680281  0.33677821]
2016-12-12 19:10:32,670 INFO Action Prediction for tie: [ 0.16680591  0.21920227  0.44535626  0.16863556]
2016-12-12 19:10:32,681 INFO Action Prediction for win: [ 0.09284023  0.21357874  0.35680281  0.33677821]
2016-12-12 19:10:32,682 INFO Action Prediction for tie: [ 0.16680591  0.21920227  0.44535626  0.16863556]
2016-12-12 19:10:32,693 INFO Action Update: [ 0.16680591  0.21920227  0.44535626  0.16863556]
2016-12-12 19:10:34,679 INFO Game number: 7, Result: tie, delay: 0.474920988083
2016-12-12 19:10:37,745 INFO Evidence Update: [ 0.08966013  0.03247492  0.87786494  0.        ]
2016-12-12 19:10:40,706 INFO Action Prediction for win: [ 0.04626645  0.09942962  0.41285111  0.44145282]
2016-12-12 19:10:40,708 INFO Action Prediction for tie: [ 0.07641198  0.12577907  0.57679661  0.22101234]
2016-12-12 19:10:40,710 INFO Action Prediction for lose: [ 0.18079276  0.55153421  0.18711909  0.04543935]
2016-12-12 19:10:40,724 INFO Action Prediction for win: [ 0.04626645  0.09942962  0.41285111  0.44145282]
2016-12-12 19:10:40,725 INFO Action Prediction for tie: [ 0.07641198  0.12577907  0.57679661  0.22101234]
2016-12-12 19:10:40,726 INFO Action Prediction for lose: [ 0.18079276  0.55153421  0.18711909  0.04543935]
2016-12-12 19:10:40,739 INFO Action Prediction for win: [ 0.04626645  0.09942962  0.41285111  0.44145282]
2016-12-12 19:10:40,742 INFO Action Prediction for tie: [ 0.07641198  0.12577907  0.57679661  0.22101234]
2016-12-12 19:10:40,744 INFO Action Prediction for lose: [ 0.18079276  0.55153421  0.18711909  0.04543935]
2016-12-12 19:10:40,755 INFO Action Prediction for win: [ 0.04626645  0.09942962  0.41285111  0.44145282]
2016-12-12 19:10:40,757 INFO Action Prediction for tie: [ 0.07641198  0.12577907  0.57679661  0.22101234]
2016-12-12 19:10:40,759 INFO Action Prediction for lose: [ 0.18079276  0.55153421  0.18711909  0.04543935]
2016-12-12 19:10:40,772 INFO Action Prediction for win: [ 0.04626645  0.09942962  0.41285111  0.44145282]
2016-12-12 19:10:40,773 INFO Action Prediction for tie: [ 0.07641198  0.12577907  0.57679661  0.22101234]
2016-12-12 19:10:40,774 INFO Action Prediction for lose: [ 0.18079276  0.55153421  0.18711909  0.04543935]
2016-12-12 19:10:40,786 INFO Action Update: [ 0.18079276  0.55153421  0.18711909  0.04543935]
2016-12-12 19:10:42,755 INFO Game number: 8, Result: lose, delay: 0.489096879959
2016-12-12 19:10:46,193 INFO Evidence Update: [ 0.20053672  0.39226729  0.40719599  0.        ]
2016-12-12 19:10:49,162 INFO Action Prediction for win: [ 0.10390001  0.35191657  0.31896669  0.22521673]
2016-12-12 19:10:49,164 INFO Action Prediction for tie: [ 0.20328776  0.38098229  0.30408025  0.11164971]
2016-12-12 19:10:49,177 INFO Action Prediction for win: [ 0.10390001  0.35191657  0.31896669  0.22521673]
2016-12-12 19:10:49,178 INFO Action Prediction for tie: [ 0.20328776  0.38098229  0.30408025  0.11164971]
2016-12-12 19:10:49,189 INFO Action Prediction for win: [ 0.10390001  0.35191657  0.31896669  0.22521673]
2016-12-12 19:10:49,190 INFO Action Prediction for tie: [ 0.20328776  0.38098229  0.30408025  0.11164971]
2016-12-12 19:10:49,201 INFO Action Prediction for win: [ 0.10390001  0.35191657  0.31896669  0.22521673]
2016-12-12 19:10:49,202 INFO Action Prediction for tie: [ 0.20328776  0.38098229  0.30408025  0.11164971]
2016-12-12 19:10:49,213 INFO Action Prediction for win: [ 0.10390001  0.35191657  0.31896669  0.22521673]
2016-12-12 19:10:49,214 INFO Action Prediction for tie: [ 0.20328776  0.38098229  0.30408025  0.11164971]
2016-12-12 19:10:49,226 INFO Action Update: [ 0.20328776  0.38098229  0.30408025  0.11164971]
2016-12-12 19:10:51,153 INFO Game number: 9, Result: tie, delay: 0.861315011978
2016-12-12 19:10:54,260 INFO Evidence Update: [ 0.15182462  0.08169416  0.76648122  0.        ]
2016-12-12 19:10:57,225 INFO Action Prediction for win: [ 0.07247937  0.15558805  0.38308901  0.38884357]
2016-12-12 19:10:57,227 INFO Action Prediction for tie: [ 0.12619617  0.16821008  0.51082131  0.19477244]
2016-12-12 19:10:57,229 INFO Action Prediction for lose: [ 0.2501608   0.51125538  0.16644837  0.04147619]
2016-12-12 19:10:57,243 INFO Action Prediction for win: [ 0.07247937  0.15558805  0.38308901  0.38884357]
2016-12-12 19:10:57,244 INFO Action Prediction for tie: [ 0.12619617  0.16821008  0.51082131  0.19477244]
2016-12-12 19:10:57,245 INFO Action Prediction for lose: [ 0.2501608   0.51125538  0.16644837  0.04147619]
2016-12-12 19:10:57,257 INFO Action Prediction for win: [ 0.07247937  0.15558805  0.38308901  0.38884357]
2016-12-12 19:10:57,258 INFO Action Prediction for tie: [ 0.12619617  0.16821008  0.51082131  0.19477244]
2016-12-12 19:10:57,259 INFO Action Prediction for lose: [ 0.2501608   0.51125538  0.16644837  0.04147619]
2016-12-12 19:10:57,272 INFO Action Prediction for win: [ 0.07247937  0.15558805  0.38308901  0.38884357]
2016-12-12 19:10:57,274 INFO Action Prediction for tie: [ 0.12619617  0.16821008  0.51082131  0.19477244]
2016-12-12 19:10:57,276 INFO Action Prediction for lose: [ 0.2501608   0.51125538  0.16644837  0.04147619]
2016-12-12 19:10:57,289 INFO Action Prediction for win: [ 0.07247937  0.15558805  0.38308901  0.38884357]
2016-12-12 19:10:57,291 INFO Action Prediction for tie: [ 0.12619617  0.16821008  0.51082131  0.19477244]
2016-12-12 19:10:57,292 INFO Action Prediction for lose: [ 0.2501608   0.51125538  0.16644837  0.04147619]
2016-12-12 19:10:57,304 INFO Action Update: [ 0.2501608   0.51125538  0.16644837  0.04147619]
2016-12-12 19:10:59,269 INFO Game number: 10, Result: lose, delay: 0.540157079697
2016-12-12 19:11:02,684 INFO Ending game at 1481587862.68 Delay before NO was: 0.853235006332 Total game time was: 86.7536580563
