2016-12-12 22:37:52,005 INFO ######################################################################
2016-12-12 22:37:55,483 INFO Starting game at 1481600275.48
2016-12-12 22:38:35,742 INFO ######################################################################
2016-12-12 22:38:39,219 INFO Starting game at 1481600319.22
2016-12-12 22:38:43,534 INFO Action Prediction for win: [ 0.4   0.5   0.09  0.01]
2016-12-12 22:38:43,546 INFO Action Prediction for win: [ 0.4   0.5   0.09  0.01]
2016-12-12 22:38:43,558 INFO Action Prediction for win: [ 0.4   0.5   0.09  0.01]
2016-12-12 22:38:43,570 INFO Action Prediction for win: [ 0.4   0.5   0.09  0.01]
2016-12-12 22:38:43,582 INFO Action Prediction for win: [ 0.4   0.5   0.09  0.01]
2016-12-12 22:38:43,595 INFO Action Update: [ 0.4   0.5   0.09  0.01]
2016-12-12 22:38:45,476 INFO Game number: 1, Result: win, delay: 1.14724898338
2016-12-12 22:38:49,207 INFO Evidence Update: [ 0.19155572  0.76145509  0.04698919  0.        ]
2016-12-12 22:38:52,225 INFO Action Prediction for win: [ 0.11516493  0.55453048  0.26682168  0.06348291]
2016-12-12 22:38:52,238 INFO Action Prediction for win: [ 0.11516493  0.55453048  0.26682168  0.06348291]
2016-12-12 22:38:52,250 INFO Action Prediction for win: [ 0.11516493  0.55453048  0.26682168  0.06348291]
2016-12-12 22:38:52,262 INFO Action Prediction for win: [ 0.11516493  0.55453048  0.26682168  0.06348291]
2016-12-12 22:38:52,274 INFO Action Prediction for win: [ 0.11516493  0.55453048  0.26682168  0.06348291]
2016-12-12 22:38:52,286 INFO Action Update: [ 0.11516493  0.55453048  0.26682168  0.06348291]
2016-12-12 22:38:54,267 INFO Game number: 2, Result: win, delay: 1.10820198059
2016-12-12 22:38:59,207 INFO Ending game at 1481600339.21 Delay before NO was: 2.32799983025 Total game time was: 19.9877068996
2016-12-12 22:39:39,143 INFO ######################################################################
2016-12-12 22:39:42,629 INFO Starting game at 1481600382.63
2016-12-12 22:39:49,983 INFO Action Prediction for win: [ 0.4   0.5   0.09  0.01]
2016-12-12 22:39:49,995 INFO Action Prediction for win: [ 0.4   0.5   0.09  0.01]
2016-12-12 22:39:50,010 INFO Action Prediction for win: [ 0.4   0.5   0.09  0.01]
2016-12-12 22:39:50,023 INFO Action Prediction for win: [ 0.4   0.5   0.09  0.01]
2016-12-12 22:39:50,035 INFO Action Prediction for win: [ 0.4   0.5   0.09  0.01]
2016-12-12 22:39:50,047 INFO Action Update: [ 0.4   0.5   0.09  0.01]
2016-12-12 22:39:51,928 INFO Game number: 1, Result: win, delay: 4.18937397003
2016-12-12 22:39:55,258 INFO Evidence Update: [ 0.50434765  0.20713695  0.28851539  0.        ]
2016-12-12 22:39:58,272 INFO Action Prediction for win: [ 0.21498106  0.38799661  0.2373643   0.15965802]
2016-12-12 22:39:58,288 INFO Action Prediction for win: [ 0.21498106  0.38799661  0.2373643   0.15965802]
2016-12-12 22:39:58,303 INFO Action Prediction for win: [ 0.21498106  0.38799661  0.2373643   0.15965802]
2016-12-12 22:39:58,317 INFO Action Prediction for win: [ 0.21498106  0.38799661  0.2373643   0.15965802]
2016-12-12 22:39:58,332 INFO Action Prediction for win: [ 0.21498106  0.38799661  0.2373643   0.15965802]
2016-12-12 22:39:58,345 INFO Action Update: [ 0.21498106  0.38799661  0.2373643   0.15965802]
2016-12-12 22:40:00,318 INFO Game number: 2, Result: win, delay: 0.708713054657
2016-12-12 22:40:04,092 INFO Evidence Update: [ 0.12030806  0.75633454  0.12335741  0.        ]
2016-12-12 22:40:07,106 INFO Action Prediction for win: [ 0.08717352  0.51888905  0.29323892  0.10069851]
2016-12-12 22:40:07,119 INFO Action Prediction for win: [ 0.08717352  0.51888905  0.29323892  0.10069851]
2016-12-12 22:40:07,133 INFO Action Prediction for win: [ 0.08717352  0.51888905  0.29323892  0.10069851]
2016-12-12 22:40:07,147 INFO Action Prediction for win: [ 0.08717352  0.51888905  0.29323892  0.10069851]
2016-12-12 22:40:07,160 INFO Action Prediction for win: [ 0.08717352  0.51888905  0.29323892  0.10069851]
2016-12-12 22:40:07,173 INFO Action Update: [ 0.08717352  0.51888905  0.29323892  0.10069851]
2016-12-12 22:40:09,151 INFO Game number: 3, Result: win, delay: 1.15531587601
2016-12-12 22:40:16,783 INFO Evidence Update: [ 0.0031302  0.1910857  0.8057841  0.       ]
2016-12-12 22:40:19,793 INFO Action Prediction for win: [ 0.0188642   0.14844788  0.42021027  0.41247764]
2016-12-12 22:40:19,796 INFO Action Prediction for tie: [ 0.03891183  0.2166174   0.53917173  0.20529904]
2016-12-12 22:40:19,798 INFO Action Prediction for lose: [ 0.19779659  0.55081999  0.17500984  0.04414222]
2016-12-12 22:40:19,812 INFO Action Prediction for win: [ 0.0188642   0.14844788  0.42021027  0.41247764]
2016-12-12 22:40:19,813 INFO Action Prediction for tie: [ 0.03891183  0.2166174   0.53917173  0.20529904]
2016-12-12 22:40:19,813 INFO Action Prediction for lose: [ 0.19779659  0.55081999  0.17500984  0.04414222]
2016-12-12 22:40:19,825 INFO Action Prediction for win: [ 0.0188642   0.14844788  0.42021027  0.41247764]
2016-12-12 22:40:19,826 INFO Action Prediction for tie: [ 0.03891183  0.2166174   0.53917173  0.20529904]
2016-12-12 22:40:19,826 INFO Action Prediction for lose: [ 0.19779659  0.55081999  0.17500984  0.04414222]
2016-12-12 22:40:19,838 INFO Action Prediction for win: [ 0.0188642   0.14844788  0.42021027  0.41247764]
2016-12-12 22:40:19,839 INFO Action Prediction for tie: [ 0.03891183  0.2166174   0.53917173  0.20529904]
2016-12-12 22:40:19,839 INFO Action Prediction for lose: [ 0.19779659  0.55081999  0.17500984  0.04414222]
2016-12-12 22:40:19,851 INFO Action Prediction for win: [ 0.0188642   0.14844788  0.42021027  0.41247764]
2016-12-12 22:40:19,853 INFO Action Prediction for tie: [ 0.03891183  0.2166174   0.53917173  0.20529904]
2016-12-12 22:40:19,855 INFO Action Prediction for lose: [ 0.19779659  0.55081999  0.17500984  0.04414222]
2016-12-12 22:40:19,868 INFO Action Update: [ 0.19779659  0.55081999  0.17500984  0.04414222]
2016-12-12 22:40:21,843 INFO Game number: 4, Result: lose, delay: 5.00979685783
2016-12-12 22:40:25,614 INFO Evidence Update: [ 0.08740699  0.83910113  0.07349188  0.        ]
2016-12-12 22:40:28,623 INFO Action Prediction for win: [ 0.07765277  0.55010385  0.29266831  0.07957507]
2016-12-12 22:40:28,637 INFO Action Prediction for win: [ 0.07765277  0.55010385  0.29266831  0.07957507]
2016-12-12 22:40:28,650 INFO Action Prediction for win: [ 0.07765277  0.55010385  0.29266831  0.07957507]
2016-12-12 22:40:28,662 INFO Action Prediction for win: [ 0.07765277  0.55010385  0.29266831  0.07957507]
2016-12-12 22:40:28,674 INFO Action Prediction for win: [ 0.07765277  0.55010385  0.29266831  0.07957507]
2016-12-12 22:40:28,687 INFO Action Update: [ 0.07765277  0.55010385  0.29266831  0.07957507]
2016-12-12 22:40:30,673 INFO Game number: 5, Result: win, delay: 1.1484348774
2016-12-12 22:40:34,066 INFO Evidence Update: [ 0.08293976  0.20304565  0.71401459  0.        ]
2016-12-12 22:40:37,075 INFO Action Prediction for win: [ 0.05046833  0.19185785  0.38968484  0.36798897]
2016-12-12 22:40:37,076 INFO Action Prediction for tie: [ 0.09565483  0.23728049  0.48367073  0.18339396]
2016-12-12 22:40:37,077 INFO Action Prediction for lose: [ 0.26123945  0.5119157   0.15769323  0.04059104]
2016-12-12 22:40:37,090 INFO Action Prediction for win: [ 0.05046833  0.19185785  0.38968484  0.36798897]
2016-12-12 22:40:37,092 INFO Action Prediction for tie: [ 0.09565483  0.23728049  0.48367073  0.18339396]
2016-12-12 22:40:37,093 INFO Action Prediction for lose: [ 0.26123945  0.5119157   0.15769323  0.04059104]
2016-12-12 22:40:37,105 INFO Action Prediction for win: [ 0.05046833  0.19185785  0.38968484  0.36798897]
2016-12-12 22:40:37,107 INFO Action Prediction for tie: [ 0.09565483  0.23728049  0.48367073  0.18339396]
2016-12-12 22:40:37,108 INFO Action Prediction for lose: [ 0.26123945  0.5119157   0.15769323  0.04059104]
2016-12-12 22:40:37,121 INFO Action Prediction for win: [ 0.05046833  0.19185785  0.38968484  0.36798897]
2016-12-12 22:40:37,123 INFO Action Prediction for tie: [ 0.09565483  0.23728049  0.48367073  0.18339396]
2016-12-12 22:40:37,125 INFO Action Prediction for lose: [ 0.26123945  0.5119157   0.15769323  0.04059104]
2016-12-12 22:40:37,137 INFO Action Prediction for win: [ 0.05046833  0.19185785  0.38968484  0.36798897]
2016-12-12 22:40:37,138 INFO Action Prediction for tie: [ 0.09565483  0.23728049  0.48367073  0.18339396]
2016-12-12 22:40:37,138 INFO Action Prediction for lose: [ 0.26123945  0.5119157   0.15769323  0.04059104]
2016-12-12 22:40:37,150 INFO Action Update: [ 0.26123945  0.5119157   0.15769323  0.04059104]
2016-12-12 22:40:39,126 INFO Game number: 6, Result: lose, delay: 0.771820068359
2016-12-12 22:40:42,879 INFO Evidence Update: [ 0.12167339  0.80573125  0.07259536  0.        ]
2016-12-12 22:40:45,886 INFO Action Prediction for win: [ 0.08968187  0.54717926  0.28533789  0.07780098]
2016-12-12 22:40:45,898 INFO Action Prediction for win: [ 0.08968187  0.54717926  0.28533789  0.07780098]
2016-12-12 22:40:45,918 INFO Action Prediction for win: [ 0.08968187  0.54717926  0.28533789  0.07780098]
2016-12-12 22:40:45,931 INFO Action Prediction for win: [ 0.08968187  0.54717926  0.28533789  0.07780098]
2016-12-12 22:40:45,944 INFO Action Prediction for win: [ 0.08968187  0.54717926  0.28533789  0.07780098]
2016-12-12 22:40:45,956 INFO Action Update: [ 0.08968187  0.54717926  0.28533789  0.07780098]
2016-12-12 22:40:47,938 INFO Game number: 7, Result: win, delay: 1.13676595688
2016-12-12 22:40:51,706 INFO Evidence Update: [ 0.04005515  0.83727507  0.12266978  0.        ]
2016-12-12 22:40:54,722 INFO Action Prediction for win: [ 0.05911251  0.52729941  0.30998889  0.1035992 ]
2016-12-12 22:40:54,735 INFO Action Prediction for win: [ 0.05911251  0.52729941  0.30998889  0.1035992 ]
2016-12-12 22:40:54,750 INFO Action Prediction for win: [ 0.05911251  0.52729941  0.30998889  0.1035992 ]
2016-12-12 22:40:54,763 INFO Action Prediction for win: [ 0.05911251  0.52729941  0.30998889  0.1035992 ]
2016-12-12 22:40:54,775 INFO Action Prediction for win: [ 0.05911251  0.52729941  0.30998889  0.1035992 ]
2016-12-12 22:40:54,788 INFO Action Update: [ 0.05911251  0.52729941  0.30998889  0.1035992 ]
2016-12-12 22:40:56,766 INFO Game number: 8, Result: win, delay: 1.14461493492
2016-12-12 22:41:00,162 INFO Ending game at 1481600460.16 Delay before NO was: 0.785257101059 Total game time was: 77.5325431824
