2016-12-12 15:52:57,023 INFO ######################################################################
2016-12-12 15:52:57,231 INFO ######################################################################
2016-12-12 15:53:00,714 INFO Starting game at 1481575980.71
2016-12-12 15:53:05,368 INFO Action Prediction for tie: [ 0.7   0.25  0.04  0.01]
2016-12-12 15:53:05,381 INFO Action Prediction for win: [ 0.4   0.5   0.09  0.01]
2016-12-12 15:53:05,395 INFO Action Prediction for tie: [ 0.7   0.25  0.04  0.01]
2016-12-12 15:53:05,409 INFO Action Prediction for tie: [ 0.7   0.25  0.04  0.01]
2016-12-12 15:53:05,422 INFO Action Prediction for lose: [ 0.82  0.15  0.02  0.01]
2016-12-12 15:53:05,436 INFO Action Update: [ 0.82  0.15  0.02  0.01]
2016-12-12 15:53:07,361 INFO Game number: 1, Result: lose, delay: 1.53758096695
2016-12-12 15:53:11,862 INFO Evidence Update: [ 0.91723293  0.07889253  0.00387454  0.        ]
2016-12-12 15:53:14,828 INFO Action Prediction for tie: [ 0.65393568  0.28882634  0.04551917  0.01171881]
2016-12-12 15:53:14,842 INFO Action Prediction for lose: [ 0.79985398  0.16752205  0.02152509  0.01094391]
2016-12-12 15:53:14,855 INFO Action Prediction for tie: [ 0.65393568  0.28882634  0.04551917  0.01171881]
2016-12-12 15:53:14,867 INFO Action Prediction for tie: [ 0.65393568  0.28882634  0.04551917  0.01171881]
2016-12-12 15:53:14,879 INFO Action Prediction for win: [ 0.37087654  0.50610697  0.10796227  0.01505423]
2016-12-12 15:53:14,891 INFO Action Update: [ 0.37087654  0.50610697  0.10796227  0.01505423]
2016-12-12 15:53:16,822 INFO Game number: 2, Result: win, delay: 1.92676186562
2016-12-12 15:53:20,696 INFO Evidence Update: [ 0.17053525  0.80016633  0.02929842  0.        ]
2016-12-12 15:53:23,664 INFO Action Prediction for win: [ 0.1085154   0.56653936  0.26858236  0.05636288]
2016-12-12 15:53:23,677 INFO Action Prediction for win: [ 0.1085154   0.56653936  0.26858236  0.05636288]
2016-12-12 15:53:23,691 INFO Action Prediction for win: [ 0.1085154   0.56653936  0.26858236  0.05636288]
2016-12-12 15:53:23,705 INFO Action Prediction for tie: [ 0.23969261  0.64539542  0.08987869  0.02503328]
2016-12-12 15:53:23,719 INFO Action Prediction for win: [ 0.1085154   0.56653936  0.26858236  0.05636288]
2016-12-12 15:53:23,733 INFO Action Update: [ 0.1085154   0.56653936  0.26858236  0.05636288]
2016-12-12 15:53:25,706 INFO Game number: 3, Result: win, delay: 1.30080080032
2016-12-12 15:53:29,898 INFO Evidence Update: [ 0.18474118  0.69009828  0.12516055  0.        ]
2016-12-12 15:53:32,857 INFO Action Prediction for lose: [ 0.57806279  0.3443419   0.05068149  0.0219074 ]
2016-12-12 15:53:32,870 INFO Action Prediction for win: [ 0.10965299  0.51143598  0.27997843  0.0989326 ]
2016-12-12 15:53:32,883 INFO Action Prediction for win: [ 0.10965299  0.51143598  0.27997843  0.0989326 ]
2016-12-12 15:53:32,898 INFO Action Prediction for lose: [ 0.57806279  0.3443419   0.05068149  0.0219074 ]
2016-12-12 15:53:32,911 INFO Action Prediction for lose: [ 0.57806279  0.3443419   0.05068149  0.0219074 ]
2016-12-12 15:53:32,924 INFO Action Update: [ 0.57806279  0.3443419   0.05068149  0.0219074 ]
2016-12-12 15:53:34,908 INFO Game number: 4, Result: lose, delay: 1.61805701256
2016-12-12 15:53:38,732 INFO Evidence Update: [ 0.31065775  0.67085143  0.01849082  0.        ]
2016-12-12 15:53:41,649 INFO Action Prediction for win: [ 0.15799058  0.55857936  0.2375355   0.04589456]
2016-12-12 15:53:41,662 INFO Action Prediction for tie: [ 0.31827305  0.58246718  0.07811346  0.02114631]
2016-12-12 15:53:41,676 INFO Action Prediction for win: [ 0.15799058  0.55857936  0.2375355   0.04589456]
2016-12-12 15:53:41,689 INFO Action Prediction for win: [ 0.15799058  0.55857936  0.2375355   0.04589456]
2016-12-12 15:53:41,703 INFO Action Prediction for tie: [ 0.31827305  0.58246718  0.07811346  0.02114631]
2016-12-12 15:53:41,717 INFO Action Update: [ 0.31827305  0.58246718  0.07811346  0.02114631]
2016-12-12 15:53:43,643 INFO Game number: 5, Result: tie, delay: 1.25362801552
2016-12-12 15:53:52,176 INFO Evidence Update: [ 0.00690774  0.27701441  0.71607785  0.        ]
2016-12-12 15:53:55,141 INFO Action Prediction for lose: [ 0.24348078  0.52763791  0.15882494  0.04141326]
2016-12-12 15:53:55,154 INFO Action Prediction for win: [ 0.0237746   0.19830563  0.40596105  0.37195872]
2016-12-12 15:53:55,168 INFO Action Prediction for tie: [ 0.05354836  0.27393475  0.48788807  0.18462883]
2016-12-12 15:53:55,182 INFO Action Prediction for lose: [ 0.24348078  0.52763791  0.15882494  0.04141326]
2016-12-12 15:53:55,196 INFO Action Prediction for win: [ 0.0237746   0.19830563  0.40596105  0.37195872]
2016-12-12 15:53:55,210 INFO Action Update: [ 0.0237746   0.19830563  0.40596105  0.37195872]
2016-12-12 15:53:57,136 INFO Game number: 6, Result: win, delay: 5.95883083344
2016-12-12 15:54:01,019 INFO Evidence Update: [ 0.02589152  0.72381158  0.2502969   0.        ]
2016-12-12 15:54:03,984 INFO Action Prediction for tie: [ 0.12919877  0.57185829  0.22163357  0.07730937]
2016-12-12 15:54:03,998 INFO Action Prediction for lose: [ 0.48054769  0.40739592  0.07479453  0.02724999]
2016-12-12 15:54:04,011 INFO Action Prediction for tie: [ 0.12919877  0.57185829  0.22163357  0.07730937]
2016-12-12 15:54:04,025 INFO Action Prediction for tie: [ 0.12919877  0.57185829  0.22163357  0.07730937]
2016-12-12 15:54:04,039 INFO Action Prediction for win: [ 0.04905016  0.45724459  0.33210731  0.16159794]
2016-12-12 15:54:04,052 INFO Action Update: [ 0.04905016  0.45724459  0.33210731  0.16159794]
2016-12-12 15:54:05,979 INFO Game number: 7, Result: win, delay: 1.31526112556
2016-12-12 15:54:09,832 INFO Evidence Update: [ 0.02635077  0.86356118  0.11008805  0.        ]
2016-12-12 15:54:12,794 INFO Action Prediction for win: [ 0.05481925  0.53571561  0.31097955  0.09848559]
2016-12-12 15:54:12,807 INFO Action Prediction for win: [ 0.05481925  0.53571561  0.31097955  0.09848559]
2016-12-12 15:54:12,819 INFO Action Prediction for win: [ 0.05481925  0.53571561  0.31097955  0.09848559]
2016-12-12 15:54:12,832 INFO Action Prediction for tie: [ 0.1490806   0.6641665   0.14169616  0.04505674]
2016-12-12 15:54:12,846 INFO Action Prediction for tie: [ 0.1490806   0.6641665   0.14169616  0.04505674]
2016-12-12 15:54:12,860 INFO Action Update: [ 0.1490806   0.6641665   0.14169616  0.04505674]
2016-12-12 15:54:14,792 INFO Game number: 8, Result: tie, delay: 1.28556704521
2016-12-12 15:54:19,073 INFO Evidence Update: [ 0.35158532  0.57001947  0.0783952   0.        ]
2016-12-12 15:54:22,039 INFO Action Prediction for tie: [ 0.3323966   0.5224665   0.11062185  0.03451504]
2016-12-12 15:54:22,053 INFO Action Prediction for lose: [ 0.63815117  0.29928174  0.04059528  0.018836  ]
2016-12-12 15:54:22,067 INFO Action Prediction for tie: [ 0.3323966   0.5224665   0.11062185  0.03451504]
2016-12-12 15:54:22,081 INFO Action Prediction for tie: [ 0.3323966   0.5224665   0.11062185  0.03451504]
2016-12-12 15:54:22,094 INFO Action Prediction for win: [ 0.16991905  0.52094015  0.23792636  0.07121443]
2016-12-12 15:54:22,108 INFO Action Update: [ 0.16991905  0.52094015  0.23792636  0.07121443]
2016-12-12 15:54:24,033 INFO Game number: 9, Result: win, delay: 1.70288300514
2016-12-12 15:54:27,891 INFO Evidence Update: [ 0.07847959  0.85244056  0.06907985  0.        ]
2016-12-12 15:54:30,858 INFO Action Prediction for win: [ 0.07470466  0.55346732  0.29388126  0.07794675]
2016-12-12 15:54:30,871 INFO Action Prediction for lose: [ 0.58272559  0.35157404  0.04164958  0.0212876 ]
2016-12-12 15:54:30,885 INFO Action Prediction for win: [ 0.07470466  0.55346732  0.29388126  0.07794675]
2016-12-12 15:54:30,899 INFO Action Prediction for win: [ 0.07470466  0.55346732  0.29388126  0.07794675]
2016-12-12 15:54:30,913 INFO Action Prediction for tie: [ 0.1834926   0.6651675   0.11623633  0.03510357]
2016-12-12 15:54:30,927 INFO Action Update: [ 0.1834926   0.6651675   0.11623633  0.03510357]
2016-12-12 15:54:32,853 INFO Game number: 10, Result: tie, delay: 1.27926206589
2016-12-12 15:54:37,109 INFO Evidence Update: [ 0.37069254  0.57164751  0.05765995  0.        ]
2016-12-12 15:54:40,074 INFO Action Prediction for tie: [ 0.34580851  0.52659816  0.09803847  0.02955486]
2016-12-12 15:54:40,090 INFO Action Prediction for tie: [ 0.34580851  0.52659816  0.09803847  0.02955486]
2016-12-12 15:54:40,102 INFO Action Prediction for lose: [ 0.65272239  0.29027648  0.03667187  0.01802287]
2016-12-12 15:54:40,115 INFO Action Prediction for lose: [ 0.65272239  0.29027648  0.03667187  0.01802287]
2016-12-12 15:54:40,129 INFO Action Prediction for lose: [ 0.65272239  0.29027648  0.03667187  0.01802287]
2016-12-12 15:54:40,143 INFO Action Update: [ 0.65272239  0.29027648  0.03667187  0.01802287]
2016-12-12 15:54:42,068 INFO Game number: 11, Result: lose, delay: 1.6765229702
2016-12-12 15:54:49,772 INFO Evidence Update: [ 0.08779644  0.44164269  0.47056087  0.        ]
2016-12-12 15:54:52,732 INFO Action Prediction for tie: [ 0.13240952  0.3955316   0.34470784  0.12735104]
2016-12-12 15:54:52,745 INFO Action Prediction for tie: [ 0.13240952  0.3955316   0.34470784  0.12735104]
2016-12-12 15:54:52,759 INFO Action Prediction for lose: [ 0.38403478  0.45008093  0.11382299  0.03323886]
2016-12-12 15:54:52,773 INFO Action Prediction for win: [ 0.06190632  0.32770627  0.35214688  0.25824054]
2016-12-12 15:54:52,786 INFO Action Prediction for lose: [ 0.38403478  0.45008093  0.11382299  0.03323886]
2016-12-12 15:54:52,799 INFO Action Update: [ 0.38403478  0.45008093  0.11382299  0.03323886]
2016-12-12 15:54:54,781 INFO Game number: 12, Result: lose, delay: 5.13224887848
2016-12-12 15:54:58,603 INFO Evidence Update: [ 0.1830637   0.77963719  0.03729911  0.        ]
2016-12-12 15:55:01,613 INFO Action Prediction for lose: [ 0.62162446  0.32271204  0.0348832   0.01928834]
2016-12-12 15:55:01,628 INFO Action Prediction for lose: [ 0.62162446  0.32271204  0.0348832   0.01928834]
2016-12-12 15:55:01,642 INFO Action Prediction for win: [ 0.11258033  0.56080613  0.26715149  0.05946205]
2016-12-12 15:55:01,656 INFO Action Prediction for win: [ 0.11258033  0.56080613  0.26715149  0.05946205]
2016-12-12 15:55:01,670 INFO Action Prediction for tie: [ 0.24546316  0.63385074  0.09393794  0.02674816]
2016-12-12 15:55:01,684 INFO Action Update: [ 0.24546316  0.63385074  0.09393794  0.02674816]
2016-12-12 15:55:03,612 INFO Game number: 13, Result: tie, delay: 1.24951696396
2016-12-12 15:55:07,836 INFO Evidence Update: [ 0.40791238  0.55216575  0.03992187  0.        ]
2016-12-12 15:55:10,799 INFO Action Prediction for win: [ 0.19117246  0.53685251  0.22032668  0.05164835]
2016-12-12 15:55:10,812 INFO Action Prediction for lose: [ 0.66977979  0.27839799  0.03310681  0.01711853]
2016-12-12 15:55:10,826 INFO Action Prediction for win: [ 0.19117246  0.53685251  0.22032668  0.05164835]
2016-12-12 15:55:10,840 INFO Action Prediction for lose: [ 0.66977979  0.27839799  0.03310681  0.01711853]
2016-12-12 15:55:10,854 INFO Action Prediction for tie: [ 0.36876274  0.51969537  0.08643897  0.02510291]
2016-12-12 15:55:10,868 INFO Action Update: [ 0.36876274  0.51969537  0.08643897  0.02510291]
2016-12-12 15:55:12,795 INFO Game number: 14, Result: tie, delay: 1.65399479866
2016-12-12 15:55:24,355 INFO Evidence Update: [  4.20518498e-05   1.48892358e-02   9.85068712e-01   0.00000000e+00]
2016-12-12 15:55:27,314 INFO Action Prediction for lose: [ 0.1074749   0.59625877  0.20731195  0.04955164]
2016-12-12 15:55:27,328 INFO Action Prediction for lose: [ 0.1074749   0.59625877  0.20731195  0.04955164]
2016-12-12 15:55:27,342 INFO Action Prediction for win: [ 0.01061197  0.04835732  0.44775148  0.49327924]
2016-12-12 15:55:27,356 INFO Action Prediction for lose: [ 0.1074749   0.59625877  0.20731195  0.04955164]
2016-12-12 15:55:27,370 INFO Action Prediction for win: [ 0.01061197  0.04835732  0.44775148  0.49327924]
2016-12-12 15:55:27,383 INFO Action Update: [ 0.01061197  0.04835732  0.44775148  0.49327924]
2016-12-12 15:55:29,366 INFO Game number: 15, Result: win, delay: 8.98570108414
2016-12-12 15:55:33,198 INFO Evidence Update: [ 0.02196593  0.36121387  0.6168202   0.        ]
2016-12-12 15:55:36,162 INFO Action Prediction for tie: [ 0.07572643  0.3319157   0.43070888  0.16164899]
2016-12-12 15:55:36,176 INFO Action Prediction for tie: [ 0.07572643  0.3319157   0.43070888  0.16164899]
2016-12-12 15:55:36,190 INFO Action Prediction for tie: [ 0.07572643  0.3319157   0.43070888  0.16164899]
2016-12-12 15:55:36,204 INFO Action Prediction for lose: [ 0.2964224   0.49981186  0.14080798  0.03828495]
2016-12-12 15:55:36,218 INFO Action Prediction for tie: [ 0.07572643  0.3319157   0.43070888  0.16164899]
2016-12-12 15:55:36,232 INFO Action Update: [ 0.07572643  0.3319157   0.43070888  0.16164899]
2016-12-12 15:55:38,158 INFO Game number: 16, Result: tie, delay: 1.2601890564
2016-12-12 15:55:41,222 INFO Ending game at 1481576141.22 Delay before NO was: 0.501861095428 Total game time was: 160.508131981
2016-12-12 15:59:14,182 INFO ######################################################################
2016-12-12 15:59:14,392 INFO ######################################################################
2016-12-12 15:59:17,827 INFO Starting game at 1481576357.83
2016-12-12 15:59:22,101 INFO Action Prediction for win: [ 0.4   0.5   0.09  0.01]
2016-12-12 15:59:22,116 INFO Action Prediction for win: [ 0.4   0.5   0.09  0.01]
2016-12-12 15:59:22,128 INFO Action Prediction for win: [ 0.4   0.5   0.09  0.01]
2016-12-12 15:59:22,141 INFO Action Prediction for win: [ 0.4   0.5   0.09  0.01]
2016-12-12 15:59:22,154 INFO Action Prediction for win: [ 0.4   0.5   0.09  0.01]
2016-12-12 15:59:22,168 INFO Action Update: [ 0.4   0.5   0.09  0.01]
2016-12-12 15:59:24,098 INFO Game number: 1, Result: win, delay: 1.16163396835
2016-12-12 15:59:28,579 INFO Evidence Update: [ 0.61987996  0.35553706  0.02458298  0.        ]
2016-12-12 15:59:31,544 INFO Action Prediction for win: [ 0.26597467  0.52424554  0.17351265  0.03626714]
2016-12-12 15:59:31,558 INFO Action Prediction for win: [ 0.26597467  0.52424554  0.17351265  0.03626714]
2016-12-12 15:59:31,572 INFO Action Prediction for win: [ 0.26597467  0.52424554  0.17351265  0.03626714]
2016-12-12 15:59:31,585 INFO Action Prediction for win: [ 0.26597467  0.52424554  0.17351265  0.03626714]
2016-12-12 15:59:31,600 INFO Action Prediction for win: [ 0.26597467  0.52424554  0.17351265  0.03626714]
2016-12-12 15:59:31,613 INFO Action Update: [ 0.26597467  0.52424554  0.17351265  0.03626714]
2016-12-12 15:59:33,539 INFO Game number: 2, Result: win, delay: 1.90996980667
2016-12-12 15:59:37,396 INFO Evidence Update: [ 0.12062487  0.83138569  0.04798943  0.        ]
2016-12-12 15:59:40,366 INFO Action Prediction for win: [ 0.09029913  0.56106343  0.28186719  0.06677025]
2016-12-12 15:59:40,387 INFO Action Prediction for win: [ 0.09029913  0.56106343  0.28186719  0.06677025]
2016-12-12 15:59:40,400 INFO Action Prediction for win: [ 0.09029913  0.56106343  0.28186719  0.06677025]
2016-12-12 15:59:40,413 INFO Action Prediction for win: [ 0.09029913  0.56106343  0.28186719  0.06677025]
2016-12-12 15:59:40,426 INFO Action Prediction for win: [ 0.09029913  0.56106343  0.28186719  0.06677025]
2016-12-12 15:59:40,439 INFO Action Update: [ 0.09029913  0.56106343  0.28186719  0.06677025]
2016-12-12 15:59:42,356 INFO Game number: 3, Result: win, delay: 1.28955793381
2016-12-12 15:59:45,858 INFO Evidence Update: [ 0.07052913  0.54727794  0.38219293  0.        ]
2016-12-12 15:59:48,819 INFO Action Prediction for win: [ 0.05939748  0.37891904  0.34251782  0.21916566]
2016-12-12 15:59:48,821 INFO Action Prediction for tie: [ 0.13528401  0.4624881   0.29502881  0.10719908]
2016-12-12 15:59:48,834 INFO Action Prediction for win: [ 0.05939748  0.37891904  0.34251782  0.21916566]
2016-12-12 15:59:48,836 INFO Action Prediction for tie: [ 0.13528401  0.4624881   0.29502881  0.10719908]
2016-12-12 15:59:48,849 INFO Action Prediction for win: [ 0.05939748  0.37891904  0.34251782  0.21916566]
2016-12-12 15:59:48,851 INFO Action Prediction for tie: [ 0.13528401  0.4624881   0.29502881  0.10719908]
2016-12-12 15:59:48,864 INFO Action Prediction for win: [ 0.05939748  0.37891904  0.34251782  0.21916566]
2016-12-12 15:59:48,865 INFO Action Prediction for tie: [ 0.13528401  0.4624881   0.29502881  0.10719908]
2016-12-12 15:59:48,877 INFO Action Prediction for win: [ 0.05939748  0.37891904  0.34251782  0.21916566]
2016-12-12 15:59:48,878 INFO Action Prediction for tie: [ 0.13528401  0.4624881   0.29502881  0.10719908]
2016-12-12 15:59:48,890 INFO Action Update: [ 0.13528401  0.4624881   0.29502881  0.10719908]
2016-12-12 15:59:50,868 INFO Game number: 4, Result: tie, delay: 0.933267116547
2016-12-12 15:59:54,705 INFO Evidence Update: [ 0.06832909  0.83549507  0.09617584  0.        ]
2016-12-12 15:59:57,668 INFO Action Prediction for win: [ 0.07006815  0.53930862  0.30007727  0.09054596]
2016-12-12 15:59:57,681 INFO Action Prediction for win: [ 0.07006815  0.53930862  0.30007727  0.09054596]
2016-12-12 15:59:57,696 INFO Action Prediction for win: [ 0.07006815  0.53930862  0.30007727  0.09054596]
2016-12-12 15:59:57,709 INFO Action Prediction for win: [ 0.07006815  0.53930862  0.30007727  0.09054596]
2016-12-12 15:59:57,721 INFO Action Prediction for win: [ 0.07006815  0.53930862  0.30007727  0.09054596]
2016-12-12 15:59:57,733 INFO Action Update: [ 0.07006815  0.53930862  0.30007727  0.09054596]
2016-12-12 15:59:59,715 INFO Game number: 5, Result: win, delay: 1.27040290833
2016-12-12 16:00:03,892 INFO Evidence Update: [ 0.12481113  0.72691134  0.14827753  0.        ]
2016-12-12 16:00:06,859 INFO Action Prediction for win: [ 0.08775279  0.50448347  0.29603129  0.11173244]
2016-12-12 16:00:06,872 INFO Action Prediction for win: [ 0.08775279  0.50448347  0.29603129  0.11173244]
2016-12-12 16:00:06,885 INFO Action Prediction for win: [ 0.08775279  0.50448347  0.29603129  0.11173244]
2016-12-12 16:00:06,900 INFO Action Prediction for win: [ 0.08775279  0.50448347  0.29603129  0.11173244]
2016-12-12 16:00:06,913 INFO Action Prediction for win: [ 0.08775279  0.50448347  0.29603129  0.11173244]
2016-12-12 16:00:06,927 INFO Action Update: [ 0.08775279  0.50448347  0.29603129  0.11173244]
2016-12-12 16:00:08,852 INFO Game number: 6, Result: win, delay: 1.61123895645
2016-12-12 16:00:12,725 INFO Evidence Update: [ 0.04437649  0.86873277  0.08689074  0.        ]
2016-12-12 16:00:15,741 INFO Action Prediction for win: [ 0.06205614  0.54690354  0.30371455  0.08732577]
2016-12-12 16:00:15,755 INFO Action Prediction for win: [ 0.06205614  0.54690354  0.30371455  0.08732577]
2016-12-12 16:00:15,769 INFO Action Prediction for win: [ 0.06205614  0.54690354  0.30371455  0.08732577]
2016-12-12 16:00:15,784 INFO Action Prediction for win: [ 0.06205614  0.54690354  0.30371455  0.08732577]
2016-12-12 16:00:15,797 INFO Action Prediction for win: [ 0.06205614  0.54690354  0.30371455  0.08732577]
2016-12-12 16:00:15,810 INFO Action Update: [ 0.06205614  0.54690354  0.30371455  0.08732577]
2016-12-12 16:00:17,785 INFO Game number: 7, Result: win, delay: 1.30657410622
2016-12-12 16:00:21,573 INFO Evidence Update: [ 0.0270361   0.87021865  0.10274525  0.        ]
2016-12-12 16:00:24,536 INFO Action Prediction for win: [ 0.05535282  0.53975905  0.30973421  0.09515392]
2016-12-12 16:00:24,550 INFO Action Prediction for win: [ 0.05535282  0.53975905  0.30973421  0.09515392]
2016-12-12 16:00:24,564 INFO Action Prediction for win: [ 0.05535282  0.53975905  0.30973421  0.09515392]
2016-12-12 16:00:24,579 INFO Action Prediction for win: [ 0.05535282  0.53975905  0.30973421  0.09515392]
2016-12-12 16:00:24,592 INFO Action Prediction for win: [ 0.05535282  0.53975905  0.30973421  0.09515392]
2016-12-12 16:00:24,606 INFO Action Update: [ 0.05535282  0.53975905  0.30973421  0.09515392]
2016-12-12 16:00:26,532 INFO Game number: 8, Result: win, delay: 1.21035313606
2016-12-12 16:00:30,775 INFO Evidence Update: [ 0.15004388  0.64256126  0.20739485  0.        ]
2016-12-12 16:00:33,741 INFO Action Prediction for win: [ 0.09421956  0.46885449  0.29960001  0.13732593]
2016-12-12 16:00:33,755 INFO Action Prediction for win: [ 0.09421956  0.46885449  0.29960001  0.13732593]
2016-12-12 16:00:33,769 INFO Action Prediction for win: [ 0.09421956  0.46885449  0.29960001  0.13732593]
2016-12-12 16:00:33,783 INFO Action Prediction for win: [ 0.09421956  0.46885449  0.29960001  0.13732593]
2016-12-12 16:00:33,797 INFO Action Prediction for win: [ 0.09421956  0.46885449  0.29960001  0.13732593]
2016-12-12 16:00:33,810 INFO Action Update: [ 0.09421956  0.46885449  0.29960001  0.13732593]
2016-12-12 16:00:35,785 INFO Game number: 9, Result: win, delay: 1.67315983772
2016-12-12 16:00:40,413 INFO Evidence Update: [ 0.21783468  0.62703812  0.15512719  0.        ]
2016-12-12 16:00:43,375 INFO Action Prediction for win: [ 0.12003705  0.4913453   0.2775238   0.11109385]
2016-12-12 16:00:43,388 INFO Action Prediction for win: [ 0.12003705  0.4913453   0.2775238   0.11109385]
2016-12-12 16:00:43,401 INFO Action Prediction for win: [ 0.12003705  0.4913453   0.2775238   0.11109385]
2016-12-12 16:00:43,415 INFO Action Prediction for win: [ 0.12003705  0.4913453   0.2775238   0.11109385]
2016-12-12 16:00:43,429 INFO Action Prediction for win: [ 0.12003705  0.4913453   0.2775238   0.11109385]
2016-12-12 16:00:43,443 INFO Action Update: [ 0.12003705  0.4913453   0.2775238   0.11109385]
2016-12-12 16:00:45,372 INFO Game number: 10, Result: win, delay: 2.05108189583
2016-12-12 16:00:49,239 INFO Evidence Update: [ 0.05990933  0.85594449  0.08414618  0.        ]
2016-12-12 16:00:52,206 INFO Action Prediction for win: [ 0.06760242  0.54688721  0.30004097  0.08546941]
2016-12-12 16:00:52,219 INFO Action Prediction for win: [ 0.06760242  0.54688721  0.30004097  0.08546941]
2016-12-12 16:00:52,233 INFO Action Prediction for win: [ 0.06760242  0.54688721  0.30004097  0.08546941]
2016-12-12 16:00:52,248 INFO Action Prediction for win: [ 0.06760242  0.54688721  0.30004097  0.08546941]
2016-12-12 16:00:52,262 INFO Action Prediction for win: [ 0.06760242  0.54688721  0.30004097  0.08546941]
2016-12-12 16:00:52,275 INFO Action Update: [ 0.06760242  0.54688721  0.30004097  0.08546941]
2016-12-12 16:00:54,198 INFO Game number: 11, Result: win, delay: 1.29086494446
2016-12-12 16:00:58,042 INFO Evidence Update: [ 0.03060513  0.88258592  0.08680894  0.        ]
2016-12-12 16:01:01,006 INFO Action Prediction for win: [ 0.05723944  0.54832648  0.30659426  0.08783982]
2016-12-12 16:01:01,019 INFO Action Prediction for win: [ 0.05723944  0.54832648  0.30659426  0.08783982]
2016-12-12 16:01:01,033 INFO Action Prediction for win: [ 0.05723944  0.54832648  0.30659426  0.08783982]
2016-12-12 16:01:01,047 INFO Action Prediction for win: [ 0.05723944  0.54832648  0.30659426  0.08783982]
2016-12-12 16:01:01,061 INFO Action Prediction for win: [ 0.05723944  0.54832648  0.30659426  0.08783982]
2016-12-12 16:01:01,074 INFO Action Update: [ 0.05723944  0.54832648  0.30659426  0.08783982]
2016-12-12 16:01:03,002 INFO Game number: 12, Result: win, delay: 1.27371382713
2016-12-12 16:01:06,512 INFO Evidence Update: [ 0.04476705  0.53958853  0.41564443  0.        ]
2016-12-12 16:01:09,479 INFO Action Prediction for win: [ 0.04904269  0.36276242  0.35294558  0.23524931]
2016-12-12 16:01:09,481 INFO Action Prediction for tie: [ 0.11643166  0.45329115  0.31512664  0.11515055]
2016-12-12 16:01:09,495 INFO Action Prediction for win: [ 0.04904269  0.36276242  0.35294558  0.23524931]
2016-12-12 16:01:09,498 INFO Action Prediction for tie: [ 0.11643166  0.45329115  0.31512664  0.11515055]
2016-12-12 16:01:09,511 INFO Action Prediction for win: [ 0.04904269  0.36276242  0.35294558  0.23524931]
2016-12-12 16:01:09,512 INFO Action Prediction for tie: [ 0.11643166  0.45329115  0.31512664  0.11515055]
2016-12-12 16:01:09,525 INFO Action Prediction for win: [ 0.04904269  0.36276242  0.35294558  0.23524931]
2016-12-12 16:01:09,527 INFO Action Prediction for tie: [ 0.11643166  0.45329115  0.31512664  0.11515055]
2016-12-12 16:01:09,539 INFO Action Prediction for win: [ 0.04904269  0.36276242  0.35294558  0.23524931]
2016-12-12 16:01:09,540 INFO Action Prediction for tie: [ 0.11643166  0.45329115  0.31512664  0.11515055]
2016-12-12 16:01:09,553 INFO Action Update: [ 0.11643166  0.45329115  0.31512664  0.11515055]
2016-12-12 16:01:11,472 INFO Game number: 13, Result: tie, delay: 0.934158802032
2016-12-12 16:01:14,942 INFO Ending game at 1481576474.94 Delay before NO was: 0.908854961395 Total game time was: 117.115479946
2016-12-12 16:03:23,350 INFO ######################################################################
2016-12-12 16:03:23,562 INFO ######################################################################
2016-12-12 16:03:27,043 INFO Starting game at 1481576607.04
2016-12-12 16:03:31,668 INFO Action Prediction for win: [ 0.4   0.5   0.09  0.01]
2016-12-12 16:03:31,682 INFO Action Prediction for win: [ 0.4   0.5   0.09  0.01]
2016-12-12 16:03:31,695 INFO Action Prediction for win: [ 0.4   0.5   0.09  0.01]
2016-12-12 16:03:31,709 INFO Action Prediction for win: [ 0.4   0.5   0.09  0.01]
2016-12-12 16:03:31,722 INFO Action Prediction for win: [ 0.4   0.5   0.09  0.01]
2016-12-12 16:03:31,734 INFO Action Update: [ 0.4   0.5   0.09  0.01]
2016-12-12 16:03:33,646 INFO Game number: 1, Result: win, delay: 1.4931781292
2016-12-12 16:03:37,396 INFO Evidence Update: [ 0.17587286  0.79059696  0.03353018  0.        ]
2016-12-12 16:03:40,360 INFO Action Prediction for win: [ 0.11021429  0.56363581  0.26809623  0.05805367]
2016-12-12 16:03:40,373 INFO Action Prediction for win: [ 0.11021429  0.56363581  0.26809623  0.05805367]
2016-12-12 16:03:40,386 INFO Action Prediction for win: [ 0.11021429  0.56363581  0.26809623  0.05805367]
2016-12-12 16:03:40,401 INFO Action Prediction for win: [ 0.11021429  0.56363581  0.26809623  0.05805367]
2016-12-12 16:03:40,414 INFO Action Prediction for win: [ 0.11021429  0.56363581  0.26809623  0.05805367]
2016-12-12 16:03:40,428 INFO Action Update: [ 0.11021429  0.56363581  0.26809623  0.05805367]
2016-12-12 16:03:42,356 INFO Game number: 2, Result: win, delay: 1.18315196037
2016-12-12 16:03:45,835 INFO Evidence Update: [ 0.09830731  0.46111337  0.44057932  0.        ]
2016-12-12 16:03:48,796 INFO Action Prediction for win: [ 0.06678439  0.34344485  0.34544236  0.2443284 ]
2016-12-12 16:03:48,809 INFO Action Prediction for win: [ 0.06678439  0.34344485  0.34544236  0.2443284 ]
2016-12-12 16:03:48,822 INFO Action Prediction for win: [ 0.06678439  0.34344485  0.34544236  0.2443284 ]
2016-12-12 16:03:48,836 INFO Action Prediction for win: [ 0.06678439  0.34344485  0.34544236  0.2443284 ]
2016-12-12 16:03:48,850 INFO Action Prediction for win: [ 0.06678439  0.34344485  0.34544236  0.2443284 ]
2016-12-12 16:03:48,864 INFO Action Update: [ 0.06678439  0.34344485  0.34544236  0.2443284 ]
2016-12-12 16:03:50,795 INFO Game number: 3, Result: win, delay: 0.898277044296
2016-12-12 16:03:57,722 INFO Evidence Update: [ 0.0064524   0.20216944  0.79137816  0.        ]
2016-12-12 16:04:00,680 INFO Action Prediction for win: [ 0.02060321  0.15618299  0.41735172  0.40586208]
2016-12-12 16:04:00,692 INFO Action Prediction for win: [ 0.02060321  0.15618299  0.41735172  0.40586208]
2016-12-12 16:04:00,705 INFO Action Prediction for win: [ 0.02060321  0.15618299  0.41735172  0.40586208]
2016-12-12 16:04:00,718 INFO Action Prediction for win: [ 0.02060321  0.15618299  0.41735172  0.40586208]
2016-12-12 16:04:00,731 INFO Action Prediction for win: [ 0.02060321  0.15618299  0.41735172  0.40586208]
2016-12-12 16:04:00,744 INFO Action Update: [ 0.02060321  0.15618299  0.41735172  0.40586208]
2016-12-12 16:04:02,732 INFO Game number: 4, Result: win, delay: 4.35887098312
2016-12-12 16:04:06,583 INFO Evidence Update: [ 0.02461306  0.66145729  0.31392965  0.        ]
2016-12-12 16:04:09,547 INFO Action Prediction for win: [ 0.04605739  0.42173809  0.3419207   0.19028382]
2016-12-12 16:04:09,560 INFO Action Prediction for win: [ 0.04605739  0.42173809  0.3419207   0.19028382]
2016-12-12 16:04:09,573 INFO Action Prediction for win: [ 0.04605739  0.42173809  0.3419207   0.19028382]
2016-12-12 16:04:09,587 INFO Action Prediction for win: [ 0.04605739  0.42173809  0.3419207   0.19028382]
2016-12-12 16:04:09,601 INFO Action Prediction for win: [ 0.04605739  0.42173809  0.3419207   0.19028382]
2016-12-12 16:04:09,615 INFO Action Update: [ 0.04605739  0.42173809  0.3419207   0.19028382]
2016-12-12 16:04:11,593 INFO Game number: 5, Result: win, delay: 1.27871394157
2016-12-12 16:04:15,415 INFO Evidence Update: [ 0.02539225  0.84497291  0.12963484  0.        ]
2016-12-12 16:04:18,384 INFO Action Prediction for win: [ 0.05370189  0.52486527  0.31411285  0.10731999]
2016-12-12 16:04:18,397 INFO Action Prediction for win: [ 0.05370189  0.52486527  0.31411285  0.10731999]
2016-12-12 16:04:18,412 INFO Action Prediction for win: [ 0.05370189  0.52486527  0.31411285  0.10731999]
2016-12-12 16:04:18,425 INFO Action Prediction for win: [ 0.05370189  0.52486527  0.31411285  0.10731999]
2016-12-12 16:04:18,440 INFO Action Prediction for win: [ 0.05370189  0.52486527  0.31411285  0.10731999]
2016-12-12 16:04:18,453 INFO Action Update: [ 0.05370189  0.52486527  0.31411285  0.10731999]
2016-12-12 16:04:20,425 INFO Game number: 6, Result: win, delay: 1.24939799309
2016-12-12 16:04:26,913 INFO Evidence Update: [ 0.00948603  0.39665801  0.59385596  0.        ]
2016-12-12 16:04:29,876 INFO Action Prediction for win: [ 0.02956587  0.26649206  0.38708633  0.31685574]
2016-12-12 16:04:29,889 INFO Action Prediction for win: [ 0.02956587  0.26649206  0.38708633  0.31685574]
2016-12-12 16:04:29,904 INFO Action Prediction for win: [ 0.02956587  0.26649206  0.38708633  0.31685574]
2016-12-12 16:04:29,918 INFO Action Prediction for win: [ 0.02956587  0.26649206  0.38708633  0.31685574]
2016-12-12 16:04:29,930 INFO Action Prediction for win: [ 0.02956587  0.26649206  0.38708633  0.31685574]
2016-12-12 16:04:29,942 INFO Action Update: [ 0.02956587  0.26649206  0.38708633  0.31685574]
2016-12-12 16:04:31,923 INFO Game number: 7, Result: win, delay: 3.91695189476
2016-12-12 16:04:39,599 INFO Evidence Update: [  7.73488751e-04   7.72404036e-02   9.21986108e-01   0.00000000e+00]
2016-12-12 16:04:42,614 INFO Action Prediction for win: [ 0.01339128  0.08361043  0.43813548  0.46486281]
2016-12-12 16:04:42,627 INFO Action Prediction for win: [ 0.01339128  0.08361043  0.43813548  0.46486281]
2016-12-12 16:04:42,643 INFO Action Prediction for win: [ 0.01339128  0.08361043  0.43813548  0.46486281]
2016-12-12 16:04:42,656 INFO Action Prediction for win: [ 0.01339128  0.08361043  0.43813548  0.46486281]
2016-12-12 16:04:42,670 INFO Action Prediction for win: [ 0.01339128  0.08361043  0.43813548  0.46486281]
2016-12-12 16:04:42,682 INFO Action Update: [ 0.01339128  0.08361043  0.43813548  0.46486281]
2016-12-12 16:04:44,658 INFO Game number: 8, Result: win, delay: 5.10630488396
2016-12-12 16:04:48,439 INFO Evidence Update: [ 0.02033081  0.4636472   0.516022    0.        ]
2016-12-12 16:04:51,401 INFO Action Prediction for win: [ 0.0364749   0.3089946   0.37313383  0.28139667]
2016-12-12 16:04:51,415 INFO Action Prediction for win: [ 0.0364749   0.3089946   0.37313383  0.28139667]
2016-12-12 16:04:51,428 INFO Action Prediction for win: [ 0.0364749   0.3089946   0.37313383  0.28139667]
2016-12-12 16:04:51,441 INFO Action Prediction for win: [ 0.0364749   0.3089946   0.37313383  0.28139667]
2016-12-12 16:04:51,455 INFO Action Prediction for win: [ 0.0364749   0.3089946   0.37313383  0.28139667]
2016-12-12 16:04:51,467 INFO Action Update: [ 0.0364749   0.3089946   0.37313383  0.28139667]
2016-12-12 16:04:53,398 INFO Game number: 9, Result: win, delay: 1.21065092087
2016-12-12 16:04:58,043 INFO Evidence Update: [ 0.11679753  0.59745288  0.28574959  0.        ]
2016-12-12 16:05:01,002 INFO Action Prediction for win: [ 0.07944915  0.42830048  0.31833496  0.17391541]
2016-12-12 16:05:01,015 INFO Action Prediction for win: [ 0.07944915  0.42830048  0.31833496  0.17391541]
2016-12-12 16:05:01,030 INFO Action Prediction for win: [ 0.07944915  0.42830048  0.31833496  0.17391541]
2016-12-12 16:05:01,044 INFO Action Prediction for win: [ 0.07944915  0.42830048  0.31833496  0.17391541]
2016-12-12 16:05:01,056 INFO Action Prediction for win: [ 0.07944915  0.42830048  0.31833496  0.17391541]
2016-12-12 16:05:01,068 INFO Action Update: [ 0.07944915  0.42830048  0.31833496  0.17391541]
2016-12-12 16:05:03,003 INFO Game number: 10, Result: win, delay: 2.07382678986
2016-12-12 16:05:07,616 INFO Evidence Update: [ 0.20177404  0.62085976  0.1773662   0.        ]
2016-12-12 16:05:10,585 INFO Action Prediction for win: [ 0.11352627  0.48049752  0.28423238  0.12174383]
2016-12-12 16:05:10,598 INFO Action Prediction for win: [ 0.11352627  0.48049752  0.28423238  0.12174383]
2016-12-12 16:05:10,613 INFO Action Prediction for win: [ 0.11352627  0.48049752  0.28423238  0.12174383]
2016-12-12 16:05:10,626 INFO Action Prediction for win: [ 0.11352627  0.48049752  0.28423238  0.12174383]
2016-12-12 16:05:10,639 INFO Action Prediction for win: [ 0.11352627  0.48049752  0.28423238  0.12174383]
2016-12-12 16:05:10,652 INFO Action Update: [ 0.11352627  0.48049752  0.28423238  0.12174383]
2016-12-12 16:05:12,626 INFO Game number: 11, Result: win, delay: 2.04383182526
2016-12-12 16:05:16,854 INFO Evidence Update: [ 0.26036495  0.57319308  0.16644197  0.        ]
2016-12-12 16:05:19,821 INFO Action Prediction for win: [ 0.13447005  0.480756    0.27028966  0.11448429]
2016-12-12 16:05:19,835 INFO Action Prediction for win: [ 0.13447005  0.480756    0.27028966  0.11448429]
2016-12-12 16:05:19,848 INFO Action Prediction for win: [ 0.13447005  0.480756    0.27028966  0.11448429]
2016-12-12 16:05:19,862 INFO Action Prediction for win: [ 0.13447005  0.480756    0.27028966  0.11448429]
2016-12-12 16:05:19,876 INFO Action Prediction for win: [ 0.13447005  0.480756    0.27028966  0.11448429]
2016-12-12 16:05:19,890 INFO Action Update: [ 0.13447005  0.480756    0.27028966  0.11448429]
2016-12-12 16:05:21,814 INFO Game number: 12, Result: win, delay: 1.65485501289
2016-12-12 16:05:25,686 INFO Evidence Update: [ 0.06905738  0.84900439  0.08193823  0.        ]
2016-12-12 16:05:28,700 INFO Action Prediction for win: [ 0.07089255  0.54720885  0.29778868  0.08410991]
2016-12-12 16:05:28,713 INFO Action Prediction for win: [ 0.07089255  0.54720885  0.29778868  0.08410991]
2016-12-12 16:05:28,725 INFO Action Prediction for win: [ 0.07089255  0.54720885  0.29778868  0.08410991]
2016-12-12 16:05:28,738 INFO Action Prediction for win: [ 0.07089255  0.54720885  0.29778868  0.08410991]
2016-12-12 16:05:28,750 INFO Action Prediction for win: [ 0.07089255  0.54720885  0.29778868  0.08410991]
2016-12-12 16:05:28,763 INFO Action Update: [ 0.07089255  0.54720885  0.29778868  0.08410991]
2016-12-12 16:05:30,696 INFO Game number: 13, Result: win, delay: 1.30073308945
2016-12-12 16:05:34,903 INFO Evidence Update: [ 0.14431237  0.69485219  0.16083544  0.        ]
2016-12-12 16:05:37,865 INFO Action Prediction for win: [ 0.09407591  0.49550092  0.29381972  0.11660345]
2016-12-12 16:05:37,878 INFO Action Prediction for win: [ 0.09407591  0.49550092  0.29381972  0.11660345]
2016-12-12 16:05:37,893 INFO Action Prediction for win: [ 0.09407591  0.49550092  0.29381972  0.11660345]
2016-12-12 16:05:37,907 INFO Action Prediction for win: [ 0.09407591  0.49550092  0.29381972  0.11660345]
2016-12-12 16:05:37,920 INFO Action Prediction for win: [ 0.09407591  0.49550092  0.29381972  0.11660345]
2016-12-12 16:05:37,933 INFO Action Update: [ 0.09407591  0.49550092  0.29381972  0.11660345]
2016-12-12 16:05:39,913 INFO Game number: 14, Result: win, delay: 1.63429093361
2016-12-12 16:05:48,333 INFO Ending game at 1481576748.33 Delay before NO was: 5.85874605179 Total game time was: 141.290302038
